-- Found ament_cmake: 1.3.8 (/opt/ros/humble/share/ament_cmake/cmake)
-- Override CMake install command with custom implementation using symlinks instead of copying resources
-- Found rclcpp: 16.0.8 (/opt/ros/humble/share/rclcpp/cmake)
-- Found rosidl_generator_c: 3.1.5 (/opt/ros/humble/share/rosidl_generator_c/cmake)
-- Found rosidl_adapter: 3.1.5 (/opt/ros/humble/share/rosidl_adapter/cmake)
-- Found rosidl_generator_cpp: 3.1.5 (/opt/ros/humble/share/rosidl_generator_cpp/cmake)
-- Using all available rosidl_typesupport_c: rosidl_typesupport_fastrtps_c;rosidl_typesupport_introspection_c
-- Using all available rosidl_typesupport_cpp: rosidl_typesupport_fastrtps_cpp;rosidl_typesupport_introspection_cpp
-- Found rmw_implementation_cmake: 6.1.1 (/opt/ros/humble/share/rmw_implementation_cmake/cmake)
-- Found rmw_fastrtps_cpp: 6.2.6 (/opt/ros/humble/share/rmw_fastrtps_cpp/cmake)
-- Using RMW implementation 'rmw_fastrtps_cpp' as default
-- Found example_interfaces: 0.9.3 (/opt/ros/humble/share/example_interfaces/cmake)
-- Found my_robot_interfaces: 0.0.0 (/home/barakooda/ros2_ws/install/my_robot_interfaces/share/my_robot_interfaces/cmake)
-- Configuring done
-- Generating done
-- Build files have been written to: /home/barakooda/ros2_ws/build/my_cpp_pkg
[35m[1mConsolidate compiler generated dependencies of target cpp_node[0m
[35m[1mConsolidate compiler generated dependencies of target robot_news_station[0m
[35m[1mConsolidate compiler generated dependencies of target number_counter[0m
[35m[1mConsolidate compiler generated dependencies of target add_two_ints_client_no_opp[0m
[35m[1mConsolidate compiler generated dependencies of target add_two_ints_server[0m
[35m[1mConsolidate compiler generated dependencies of target number_publisher[0m
[35m[1mConsolidate compiler generated dependencies of target add_two_ints_client[0m
[35m[1mConsolidate compiler generated dependencies of target smartphone[0m
[  9%] Built target robot_news_station
[ 18%] Built target add_two_ints_client_no_opp
[ 27%] Built target number_counter
[ 36%] Built target add_two_ints_server
[ 45%] Built target number_publisher
[ 54%] Built target cpp_node
[ 63%] Built target smartphone
[ 72%] Built target add_two_ints_client
[35m[1mConsolidate compiler generated dependencies of target hw_status_publisher[0m
[35m[1mConsolidate compiler generated dependencies of target battery_status[0m
[35m[1mConsolidate compiler generated dependencies of target led_panel[0m
[ 81%] Built target hw_status_publisher
[ 95%] Built target battery_status
[100%] Built target led_panel
-- Install configuration: ""
-- Execute custom install script
-- Symlinking: /home/barakooda/ros2_ws/install/my_cpp_pkg/lib/my_cpp_pkg/cpp_node
-- Symlinking: /home/barakooda/ros2_ws/install/my_cpp_pkg/lib/my_cpp_pkg/robot_news_station
-- Symlinking: /home/barakooda/ros2_ws/install/my_cpp_pkg/lib/my_cpp_pkg/smartphone
-- Symlinking: /home/barakooda/ros2_ws/install/my_cpp_pkg/lib/my_cpp_pkg/number_publisher
-- Symlinking: /home/barakooda/ros2_ws/install/my_cpp_pkg/lib/my_cpp_pkg/number_counter
-- Symlinking: /home/barakooda/ros2_ws/install/my_cpp_pkg/lib/my_cpp_pkg/add_two_ints_server
-- Symlinking: /home/barakooda/ros2_ws/install/my_cpp_pkg/lib/my_cpp_pkg/add_two_ints_client_no_opp
-- Symlinking: /home/barakooda/ros2_ws/install/my_cpp_pkg/lib/my_cpp_pkg/add_two_ints_client
-- Symlinking: /home/barakooda/ros2_ws/install/my_cpp_pkg/lib/my_cpp_pkg/hw_status_publisher
-- Symlinking: /home/barakooda/ros2_ws/install/my_cpp_pkg/lib/my_cpp_pkg/battery_status
-- Symlinking: /home/barakooda/ros2_ws/install/my_cpp_pkg/lib/my_cpp_pkg/led_panel
-- Symlinking: /home/barakooda/ros2_ws/install/my_cpp_pkg/share/ament_index/resource_index/package_run_dependencies/my_cpp_pkg
-- Symlinking: /home/barakooda/ros2_ws/install/my_cpp_pkg/share/ament_index/resource_index/parent_prefix_path/my_cpp_pkg
-- Symlinking: /home/barakooda/ros2_ws/install/my_cpp_pkg/share/my_cpp_pkg/environment/ament_prefix_path.sh
-- Symlinking: /home/barakooda/ros2_ws/install/my_cpp_pkg/share/my_cpp_pkg/environment/ament_prefix_path.dsv
-- Symlinking: /home/barakooda/ros2_ws/install/my_cpp_pkg/share/my_cpp_pkg/environment/path.sh
-- Symlinking: /home/barakooda/ros2_ws/install/my_cpp_pkg/share/my_cpp_pkg/environment/path.dsv
-- Symlinking: /home/barakooda/ros2_ws/install/my_cpp_pkg/share/my_cpp_pkg/local_setup.bash
-- Symlinking: /home/barakooda/ros2_ws/install/my_cpp_pkg/share/my_cpp_pkg/local_setup.sh
-- Symlinking: /home/barakooda/ros2_ws/install/my_cpp_pkg/share/my_cpp_pkg/local_setup.zsh
-- Symlinking: /home/barakooda/ros2_ws/install/my_cpp_pkg/share/my_cpp_pkg/local_setup.dsv
-- Symlinking: /home/barakooda/ros2_ws/install/my_cpp_pkg/share/my_cpp_pkg/package.dsv
-- Symlinking: /home/barakooda/ros2_ws/install/my_cpp_pkg/share/ament_index/resource_index/packages/my_cpp_pkg
-- Symlinking: /home/barakooda/ros2_ws/install/my_cpp_pkg/share/my_cpp_pkg/cmake/my_cpp_pkgConfig.cmake
-- Symlinking: /home/barakooda/ros2_ws/install/my_cpp_pkg/share/my_cpp_pkg/cmake/my_cpp_pkgConfig-version.cmake
-- Symlinking: /home/barakooda/ros2_ws/install/my_cpp_pkg/share/my_cpp_pkg/package.xml
