[0.037s] Invoking command in '/home/barakooda/ros2_ws/build/my_cpp_pkg': CMAKE_PREFIX_PATH=/home/barakooda/ros2_ws/install/my_robot_interfaces:/home/barakooda/ros2_ws/install/turtlesim_catch_them_all:/home/barakooda/ros2_ws/install/my_py_pkg:/opt/ros/humble /usr/bin/cmake /home/barakooda/ros2_ws/src/my_cpp_pkg -DCMAKE_INSTALL_PREFIX=/home/barakooda/ros2_ws/install/my_cpp_pkg
[0.133s] -- Found ament_cmake: 1.3.8 (/opt/ros/humble/share/ament_cmake/cmake)
[0.337s] -- Override CMake install command with custom implementation using symlinks instead of copying resources
[0.412s] -- Found rclcpp: 16.0.8 (/opt/ros/humble/share/rclcpp/cmake)
[0.571s] -- Found rosidl_generator_c: 3.1.5 (/opt/ros/humble/share/rosidl_generator_c/cmake)
[0.627s] -- Found rosidl_adapter: 3.1.5 (/opt/ros/humble/share/rosidl_adapter/cmake)
[0.646s] -- Found rosidl_generator_cpp: 3.1.5 (/opt/ros/humble/share/rosidl_generator_cpp/cmake)
[0.692s] -- Using all available rosidl_typesupport_c: rosidl_typesupport_fastrtps_c;rosidl_typesupport_introspection_c
[0.719s] -- Using all available rosidl_typesupport_cpp: rosidl_typesupport_fastrtps_cpp;rosidl_typesupport_introspection_cpp
[0.831s] -- Found rmw_implementation_cmake: 6.1.1 (/opt/ros/humble/share/rmw_implementation_cmake/cmake)
[0.837s] -- Found rmw_fastrtps_cpp: 6.2.6 (/opt/ros/humble/share/rmw_fastrtps_cpp/cmake)
[1.005s] -- Using RMW implementation 'rmw_fastrtps_cpp' as default
[1.201s] -- Found example_interfaces: 0.9.3 (/opt/ros/humble/share/example_interfaces/cmake)
[1.363s] -- Found my_robot_interfaces: 0.0.0 (/home/barakooda/ros2_ws/install/my_robot_interfaces/share/my_robot_interfaces/cmake)
[1.536s] -- Configuring done
[1.668s] -- Generating done
[1.678s] -- Build files have been written to: /home/barakooda/ros2_ws/build/my_cpp_pkg
[1.700s] Invoked command in '/home/barakooda/ros2_ws/build/my_cpp_pkg' returned '0': CMAKE_PREFIX_PATH=/home/barakooda/ros2_ws/install/my_robot_interfaces:/home/barakooda/ros2_ws/install/turtlesim_catch_them_all:/home/barakooda/ros2_ws/install/my_py_pkg:/opt/ros/humble /usr/bin/cmake /home/barakooda/ros2_ws/src/my_cpp_pkg -DCMAKE_INSTALL_PREFIX=/home/barakooda/ros2_ws/install/my_cpp_pkg
[1.702s] Invoking command in '/home/barakooda/ros2_ws/build/my_cpp_pkg': CMAKE_PREFIX_PATH=/home/barakooda/ros2_ws/install/my_robot_interfaces:/home/barakooda/ros2_ws/install/turtlesim_catch_them_all:/home/barakooda/ros2_ws/install/my_py_pkg:/opt/ros/humble /usr/bin/cmake --build /home/barakooda/ros2_ws/build/my_cpp_pkg -- -j8 -l8
[1.761s] [35m[1mConsolidate compiler generated dependencies of target cpp_node[0m
[1.761s] [35m[1mConsolidate compiler generated dependencies of target robot_news_station[0m
[1.761s] [35m[1mConsolidate compiler generated dependencies of target number_counter[0m
[1.761s] [35m[1mConsolidate compiler generated dependencies of target add_two_ints_client_no_opp[0m
[1.763s] [35m[1mConsolidate compiler generated dependencies of target add_two_ints_server[0m
[1.763s] [35m[1mConsolidate compiler generated dependencies of target number_publisher[0m
[1.768s] [35m[1mConsolidate compiler generated dependencies of target add_two_ints_client[0m
[1.773s] [35m[1mConsolidate compiler generated dependencies of target smartphone[0m
[1.808s] [  9%] Built target robot_news_station
[1.817s] [ 18%] Built target add_two_ints_client_no_opp
[1.819s] [ 27%] Built target number_counter
[1.835s] [ 36%] Built target add_two_ints_server
[1.856s] [ 45%] Built target number_publisher
[1.856s] [ 54%] Built target cpp_node
[1.856s] [ 63%] Built target smartphone
[1.865s] [ 72%] Built target add_two_ints_client
[1.867s] [35m[1mConsolidate compiler generated dependencies of target hw_status_publisher[0m
[1.867s] [35m[1mConsolidate compiler generated dependencies of target battery_status[0m
[1.868s] [35m[1mConsolidate compiler generated dependencies of target led_panel[0m
[1.911s] [ 81%] Built target hw_status_publisher
[1.911s] [ 95%] Built target battery_status
[1.912s] [100%] Built target led_panel
[1.924s] Invoked command in '/home/barakooda/ros2_ws/build/my_cpp_pkg' returned '0': CMAKE_PREFIX_PATH=/home/barakooda/ros2_ws/install/my_robot_interfaces:/home/barakooda/ros2_ws/install/turtlesim_catch_them_all:/home/barakooda/ros2_ws/install/my_py_pkg:/opt/ros/humble /usr/bin/cmake --build /home/barakooda/ros2_ws/build/my_cpp_pkg -- -j8 -l8
[2.112s] Invoking command in '/home/barakooda/ros2_ws/build/my_cpp_pkg': CMAKE_PREFIX_PATH=/home/barakooda/ros2_ws/install/my_robot_interfaces:/home/barakooda/ros2_ws/install/turtlesim_catch_them_all:/home/barakooda/ros2_ws/install/my_py_pkg:/opt/ros/humble /usr/bin/cmake --install /home/barakooda/ros2_ws/build/my_cpp_pkg
[2.121s] -- Install configuration: ""
[2.122s] -- Execute custom install script
[2.122s] -- Symlinking: /home/barakooda/ros2_ws/install/my_cpp_pkg/lib/my_cpp_pkg/cpp_node
[2.132s] -- Symlinking: /home/barakooda/ros2_ws/install/my_cpp_pkg/lib/my_cpp_pkg/robot_news_station
[2.140s] -- Symlinking: /home/barakooda/ros2_ws/install/my_cpp_pkg/lib/my_cpp_pkg/smartphone
[2.151s] -- Symlinking: /home/barakooda/ros2_ws/install/my_cpp_pkg/lib/my_cpp_pkg/number_publisher
[2.159s] -- Symlinking: /home/barakooda/ros2_ws/install/my_cpp_pkg/lib/my_cpp_pkg/number_counter
[2.167s] -- Symlinking: /home/barakooda/ros2_ws/install/my_cpp_pkg/lib/my_cpp_pkg/add_two_ints_server
[2.177s] -- Symlinking: /home/barakooda/ros2_ws/install/my_cpp_pkg/lib/my_cpp_pkg/add_two_ints_client_no_opp
[2.185s] -- Symlinking: /home/barakooda/ros2_ws/install/my_cpp_pkg/lib/my_cpp_pkg/add_two_ints_client
[2.209s] -- Symlinking: /home/barakooda/ros2_ws/install/my_cpp_pkg/lib/my_cpp_pkg/hw_status_publisher
[2.218s] -- Symlinking: /home/barakooda/ros2_ws/install/my_cpp_pkg/lib/my_cpp_pkg/battery_status
[2.226s] -- Symlinking: /home/barakooda/ros2_ws/install/my_cpp_pkg/lib/my_cpp_pkg/led_panel
[2.235s] -- Symlinking: /home/barakooda/ros2_ws/install/my_cpp_pkg/share/ament_index/resource_index/package_run_dependencies/my_cpp_pkg
[2.243s] -- Symlinking: /home/barakooda/ros2_ws/install/my_cpp_pkg/share/ament_index/resource_index/parent_prefix_path/my_cpp_pkg
[2.253s] -- Symlinking: /home/barakooda/ros2_ws/install/my_cpp_pkg/share/my_cpp_pkg/environment/ament_prefix_path.sh
[2.265s] -- Symlinking: /home/barakooda/ros2_ws/install/my_cpp_pkg/share/my_cpp_pkg/environment/ament_prefix_path.dsv
[2.279s] -- Symlinking: /home/barakooda/ros2_ws/install/my_cpp_pkg/share/my_cpp_pkg/environment/path.sh
[2.294s] -- Symlinking: /home/barakooda/ros2_ws/install/my_cpp_pkg/share/my_cpp_pkg/environment/path.dsv
[2.302s] -- Symlinking: /home/barakooda/ros2_ws/install/my_cpp_pkg/share/my_cpp_pkg/local_setup.bash
[2.311s] -- Symlinking: /home/barakooda/ros2_ws/install/my_cpp_pkg/share/my_cpp_pkg/local_setup.sh
[2.321s] -- Symlinking: /home/barakooda/ros2_ws/install/my_cpp_pkg/share/my_cpp_pkg/local_setup.zsh
[2.329s] -- Symlinking: /home/barakooda/ros2_ws/install/my_cpp_pkg/share/my_cpp_pkg/local_setup.dsv
[2.337s] -- Symlinking: /home/barakooda/ros2_ws/install/my_cpp_pkg/share/my_cpp_pkg/package.dsv
[2.345s] -- Symlinking: /home/barakooda/ros2_ws/install/my_cpp_pkg/share/ament_index/resource_index/packages/my_cpp_pkg
[2.354s] -- Symlinking: /home/barakooda/ros2_ws/install/my_cpp_pkg/share/my_cpp_pkg/cmake/my_cpp_pkgConfig.cmake
[2.361s] -- Symlinking: /home/barakooda/ros2_ws/install/my_cpp_pkg/share/my_cpp_pkg/cmake/my_cpp_pkgConfig-version.cmake
[2.371s] -- Symlinking: /home/barakooda/ros2_ws/install/my_cpp_pkg/share/my_cpp_pkg/package.xml
[2.395s] Invoked command in '/home/barakooda/ros2_ws/build/my_cpp_pkg' returned '0': CMAKE_PREFIX_PATH=/home/barakooda/ros2_ws/install/my_robot_interfaces:/home/barakooda/ros2_ws/install/turtlesim_catch_them_all:/home/barakooda/ros2_ws/install/my_py_pkg:/opt/ros/humble /usr/bin/cmake --install /home/barakooda/ros2_ws/build/my_cpp_pkg
