[0.046s] Invoking command in '/home/barakooda/ros2_ws/build/my_cpp_pkg': CMAKE_PREFIX_PATH=${CMAKE_PREFIX_PATH}:/home/barakooda/ros2_ws/install/my_py_pkg:/opt/ros/humble /usr/bin/cmake --build /home/barakooda/ros2_ws/build/my_cpp_pkg -- -j8 -l8
[0.064s] -- Found ament_cmake: 1.3.7 (/opt/ros/humble/share/ament_cmake/cmake)
[0.179s] -- Found rclcpp: 16.0.8 (/opt/ros/humble/share/rclcpp/cmake)
[0.197s] -- Found rosidl_generator_c: 3.1.5 (/opt/ros/humble/share/rosidl_generator_c/cmake)
[0.199s] -- Found rosidl_adapter: 3.1.5 (/opt/ros/humble/share/rosidl_adapter/cmake)
[0.203s] -- Found rosidl_generator_cpp: 3.1.5 (/opt/ros/humble/share/rosidl_generator_cpp/cmake)
[0.211s] -- Using all available rosidl_typesupport_c: rosidl_typesupport_fastrtps_c;rosidl_typesupport_introspection_c
[0.221s] -- Using all available rosidl_typesupport_cpp: rosidl_typesupport_fastrtps_cpp;rosidl_typesupport_introspection_cpp
[0.260s] -- Found rmw_implementation_cmake: 6.1.1 (/opt/ros/humble/share/rmw_implementation_cmake/cmake)
[0.260s] -- Found rmw_fastrtps_cpp: 6.2.6 (/opt/ros/humble/share/rmw_fastrtps_cpp/cmake)
[0.342s] -- Using RMW implementation 'rmw_fastrtps_cpp' as default
[0.487s] -- Found example_interfaces: 0.9.3 (/opt/ros/humble/share/example_interfaces/cmake)
[0.580s] -- Found my_robot_interfaces: 0.0.0 (/home/barakooda/ros2_ws/install/my_robot_interfaces/share/my_robot_interfaces/cmake)
[0.644s] -- Configuring done
[0.681s] -- Generating done
[0.683s] -- Build files have been written to: /home/barakooda/ros2_ws/build/my_cpp_pkg
[0.703s] [35m[1mConsolidate compiler generated dependencies of target smartphone[0m
[0.704s] [35m[1mConsolidate compiler generated dependencies of target number_publisher[0m
[0.704s] [35m[1mConsolidate compiler generated dependencies of target robot_news_station[0m
[0.704s] [35m[1mConsolidate compiler generated dependencies of target number_counter[0m
[0.704s] [35m[1mConsolidate compiler generated dependencies of target cpp_node[0m
[0.704s] [35m[1mConsolidate compiler generated dependencies of target add_two_ints_client[0m
[0.712s] [35m[1mConsolidate compiler generated dependencies of target add_two_ints_client_no_opp[0m
[0.712s] [35m[1mConsolidate compiler generated dependencies of target add_two_ints_server[0m
[0.723s] [ 11%] Built target number_counter
[0.724s] [ 27%] Built target robot_news_station
[0.724s] [ 33%] Built target cpp_node
[0.725s] [ 44%] Built target add_two_ints_client
[0.726s] [ 55%] Built target add_two_ints_client_no_opp
[0.727s] [ 66%] Built target number_publisher
[0.728s] [ 77%] Built target smartphone
[0.729s] [ 88%] Built target add_two_ints_server
[0.744s] [ 94%] [32mBuilding CXX object CMakeFiles/hardware_status_publisher.dir/src/hw_status_publisher.cpp.o[0m
[0.758s] [100%] [32m[1mLinking CXX executable hardware_status_publisher[0m
[0.813s] /usr/bin/ld: /usr/lib/gcc/x86_64-linux-gnu/11/../../../x86_64-linux-gnu/Scrt1.o: in function `_start':
[0.813s] (.text+0x1b): undefined reference to `main'
[0.814s] collect2: error: ld returned 1 exit status
[0.816s] gmake[2]: *** [CMakeFiles/hardware_status_publisher.dir/build.make:159: hardware_status_publisher] Error 1
[0.816s] gmake[1]: *** [CMakeFiles/Makefile2:361: CMakeFiles/hardware_status_publisher.dir/all] Error 2
[0.818s] gmake: *** [Makefile:146: all] Error 2
[0.818s] Invoked command in '/home/barakooda/ros2_ws/build/my_cpp_pkg' returned '2': CMAKE_PREFIX_PATH=${CMAKE_PREFIX_PATH}:/home/barakooda/ros2_ws/install/my_py_pkg:/opt/ros/humble /usr/bin/cmake --build /home/barakooda/ros2_ws/build/my_cpp_pkg -- -j8 -l8
