[0.040s] Invoking command in '/home/barakooda/ros2_ws/build/my_cpp_pkg': CMAKE_PREFIX_PATH=${CMAKE_PREFIX_PATH}:/home/barakooda/ros2_ws/install/my_py_pkg:/opt/ros/humble /usr/bin/cmake --build /home/barakooda/ros2_ws/build/my_cpp_pkg -- -j8 -l8
[0.057s] -- Found ament_cmake: 1.3.7 (/opt/ros/humble/share/ament_cmake/cmake)
[0.157s] -- Found rclcpp: 16.0.8 (/opt/ros/humble/share/rclcpp/cmake)
[0.177s] -- Found rosidl_generator_c: 3.1.5 (/opt/ros/humble/share/rosidl_generator_c/cmake)
[0.179s] -- Found rosidl_adapter: 3.1.5 (/opt/ros/humble/share/rosidl_adapter/cmake)
[0.183s] -- Found rosidl_generator_cpp: 3.1.5 (/opt/ros/humble/share/rosidl_generator_cpp/cmake)
[0.191s] -- Using all available rosidl_typesupport_c: rosidl_typesupport_fastrtps_c;rosidl_typesupport_introspection_c
[0.202s] -- Using all available rosidl_typesupport_cpp: rosidl_typesupport_fastrtps_cpp;rosidl_typesupport_introspection_cpp
[0.240s] -- Found rmw_implementation_cmake: 6.1.1 (/opt/ros/humble/share/rmw_implementation_cmake/cmake)
[0.242s] -- Found rmw_fastrtps_cpp: 6.2.6 (/opt/ros/humble/share/rmw_fastrtps_cpp/cmake)
[0.323s] -- Using RMW implementation 'rmw_fastrtps_cpp' as default
[0.428s] -- Found example_interfaces: 0.9.3 (/opt/ros/humble/share/example_interfaces/cmake)
[0.571s] -- Configuring done
[0.588s] -- Generating done
[0.590s] -- Build files have been written to: /home/barakooda/ros2_ws/build/my_cpp_pkg
[0.611s] [35m[1mConsolidate compiler generated dependencies of target number_publisher[0m
[0.611s] [35m[1mConsolidate compiler generated dependencies of target cpp_node[0m
[0.611s] [35m[1mConsolidate compiler generated dependencies of target robot_news_station[0m
[0.611s] [35m[1mConsolidate compiler generated dependencies of target add_two_ints_server[0m
[0.611s] [35m[1mConsolidate compiler generated dependencies of target number_counter[0m
[0.611s] [35m[1mConsolidate compiler generated dependencies of target smartphone[0m
[0.618s] [  7%] [32mBuilding CXX object CMakeFiles/add_two_ints_client_no_opp.dir/src/add_two_ints_client_no_opp.cpp.o[0m
[0.624s] [01m[K/home/barakooda/ros2_ws/src/my_cpp_pkg/src/add_two_ints_client_no_opp.cpp:1:10:[m[K [01;31m[Kfatal error: [m[Krclcpp/rclcpp.hpp: No such file or directory
[0.624s]     1 | #include [01;31m[K"rclcpp/rclcpp.hpp"[m[K
[0.624s]       |          [01;31m[K^~~~~~~~~~~~~~~~~~~[m[K
[0.624s] compilation terminated.
[0.624s] [ 21%] Built target number_counter
[0.625s] gmake[2]: *** [CMakeFiles/add_two_ints_client_no_opp.dir/build.make:76: CMakeFiles/add_two_ints_client_no_opp.dir/src/add_two_ints_client_no_opp.cpp.o] Error 1
[0.625s] gmake[1]: *** [CMakeFiles/Makefile2:305: CMakeFiles/add_two_ints_client_no_opp.dir/all] Error 2
[0.625s] gmake[1]: *** Waiting for unfinished jobs....
[0.625s] [ 35%] Built target add_two_ints_server
[0.625s] [ 57%] Built target cpp_node
[0.625s] [ 64%] Built target smartphone
[0.628s] [ 78%] Built target robot_news_station
[0.629s] [ 92%] Built target number_publisher
[0.631s] gmake: *** [Makefile:146: all] Error 2
[0.633s] Invoked command in '/home/barakooda/ros2_ws/build/my_cpp_pkg' returned '2': CMAKE_PREFIX_PATH=${CMAKE_PREFIX_PATH}:/home/barakooda/ros2_ws/install/my_py_pkg:/opt/ros/humble /usr/bin/cmake --build /home/barakooda/ros2_ws/build/my_cpp_pkg -- -j8 -l8
