[0.041s] Invoking command in '/home/barakooda/ros2_ws/build/my_robot_interfaces': CMAKE_PREFIX_PATH=${CMAKE_PREFIX_PATH}:/home/barakooda/ros2_ws/install/my_py_pkg:/opt/ros/humble /usr/bin/cmake /home/barakooda/ros2_ws/src/my_robot_interfaces -DCMAKE_INSTALL_PREFIX=/home/barakooda/ros2_ws/install/my_robot_interfaces
[0.149s] -- The C compiler identification is GNU 11.4.0
[0.230s] -- The CXX compiler identification is GNU 11.4.0
[0.243s] -- Detecting C compiler ABI info
[0.296s] -- Detecting C compiler ABI info - done
[0.299s] -- Check for working C compiler: /usr/bin/cc - skipped
[0.300s] -- Detecting C compile features
[0.301s] -- Detecting C compile features - done
[0.304s] -- Detecting CXX compiler ABI info
[0.358s] -- Detecting CXX compiler ABI info - done
[0.363s] -- Check for working CXX compiler: /usr/bin/c++ - skipped
[0.363s] -- Detecting CXX compile features
[0.363s] -- Detecting CXX compile features - done
[0.372s] -- Found ament_cmake: 1.3.7 (/opt/ros/humble/share/ament_cmake/cmake)
[0.500s] -- Found Python3: /usr/bin/python3.10 (found version "3.10.12") found components: Interpreter 
[0.600s] [31mCMake Error at CMakeLists.txt:10 (find_package):
[0.600s]   By not providing "Findrosdil_default_generators.cmake" in CMAKE_MODULE_PATH
[0.600s]   this project has asked CMake to find a package configuration file provided
[0.600s]   by "rosdil_default_generators", but CMake did not find one.
[0.600s] 
[0.600s]   Could not find a package configuration file provided by
[0.600s]   "rosdil_default_generators" with any of the following names:
[0.600s] 
[0.600s]     rosdil_default_generatorsConfig.cmake
[0.600s]     rosdil_default_generators-config.cmake
[0.600s] 
[0.600s]   Add the installation prefix of "rosdil_default_generators" to
[0.600s]   CMAKE_PREFIX_PATH or set "rosdil_default_generators_DIR" to a directory
[0.600s]   containing one of the above files.  If "rosdil_default_generators" provides
[0.600s]   a separate development package or SDK, be sure it has been installed.
[0.600s] 
[0.601s] [0m
[0.601s] -- Configuring incomplete, errors occurred!
[0.601s] See also "/home/barakooda/ros2_ws/build/my_robot_interfaces/CMakeFiles/CMakeOutput.log".
[0.604s] Invoked command in '/home/barakooda/ros2_ws/build/my_robot_interfaces' returned '1': CMAKE_PREFIX_PATH=${CMAKE_PREFIX_PATH}:/home/barakooda/ros2_ws/install/my_py_pkg:/opt/ros/humble /usr/bin/cmake /home/barakooda/ros2_ws/src/my_robot_interfaces -DCMAKE_INSTALL_PREFIX=/home/barakooda/ros2_ws/install/my_robot_interfaces
