-- Found ament_cmake: 1.3.8 (/opt/ros/humble/share/ament_cmake/cmake)
-- Found rclcpp: 16.0.8 (/opt/ros/humble/share/rclcpp/cmake)
-- Found rosidl_generator_c: 3.1.5 (/opt/ros/humble/share/rosidl_generator_c/cmake)
-- Found rosidl_adapter: 3.1.5 (/opt/ros/humble/share/rosidl_adapter/cmake)
-- Found rosidl_generator_cpp: 3.1.5 (/opt/ros/humble/share/rosidl_generator_cpp/cmake)
-- Using all available rosidl_typesupport_c: rosidl_typesupport_fastrtps_c;rosidl_typesupport_introspection_c
-- Using all available rosidl_typesupport_cpp: rosidl_typesupport_fastrtps_cpp;rosidl_typesupport_introspection_cpp
-- Found rmw_implementation_cmake: 6.1.1 (/opt/ros/humble/share/rmw_implementation_cmake/cmake)
-- Found rmw_fastrtps_cpp: 6.2.6 (/opt/ros/humble/share/rmw_fastrtps_cpp/cmake)
-- Using RMW implementation 'rmw_fastrtps_cpp' as default
-- Found geometry_msgs: 4.2.3 (/opt/ros/humble/share/geometry_msgs/cmake)
-- Found turtlesim: 1.4.2 (/opt/ros/humble/share/turtlesim/cmake)
-- Found rosidl_default_generators: 1.2.0 (/opt/ros/humble/share/rosidl_default_generators/cmake)
-- Found ament_cmake_ros: 0.10.0 (/opt/ros/humble/share/ament_cmake_ros/cmake)
-- Using all available rosidl_typesupport_c: rosidl_typesupport_fastrtps_c;rosidl_typesupport_introspection_c
-- Using all available rosidl_typesupport_cpp: rosidl_typesupport_fastrtps_cpp;rosidl_typesupport_introspection_cpp
-- Found PythonInterp: /usr/bin/python3 (found suitable version "3.10.12", minimum required is "3.6") 
-- Found python_cmake_module: 0.10.0 (/opt/ros/humble/share/python_cmake_module/cmake)
-- Found PythonLibs: /usr/lib/x86_64-linux-gnu/libpython3.10.so (found suitable version "3.10.12", minimum required is "3.5") 
-- Using PYTHON_EXECUTABLE: /usr/bin/python3
-- Using PYTHON_INCLUDE_DIRS: /usr/include/python3.10
-- Using PYTHON_LIBRARIES: /usr/lib/x86_64-linux-gnu/libpython3.10.so
-- Found PythonExtra: .so  
-- Configuring done
-- Generating done
-- Build files have been written to: /home/barakooda/ros2_ws/build/turtlesim_catch_them_all
[  2%] [34m[1mGenerating C code for ROS interfaces[0m
[35m[1mConsolidate compiler generated dependencies of target turtle_spawner[0m
[35m[1mConsolidate compiler generated dependencies of target turtle_controller[0m
[  4%] [34m[1mGenerating C++ code for ROS interfaces[0m
[  4%] Built target ament_cmake_python_copy_turtlesim_catch_them_all
[  6%] [32mBuilding CXX object CMakeFiles/turtle_controller.dir/src/turtle_controller.cpp.o[0m
[  9%] [32mBuilding CXX object CMakeFiles/turtle_spawner.dir/src/turtle_spawner.cpp.o[0m
running egg_info
creating turtlesim_catch_them_all.egg-info
writing turtlesim_catch_them_all.egg-info/PKG-INFO
writing dependency_links to turtlesim_catch_them_all.egg-info/dependency_links.txt
writing top-level names to turtlesim_catch_them_all.egg-info/top_level.txt
writing manifest file 'turtlesim_catch_them_all.egg-info/SOURCES.txt'
reading manifest file 'turtlesim_catch_them_all.egg-info/SOURCES.txt'
writing manifest file 'turtlesim_catch_them_all.egg-info/SOURCES.txt'
[  9%] Built target ament_cmake_python_build_turtlesim_catch_them_all_egg
[  9%] Built target turtlesim_catch_them_all__cpp
[ 11%] [34m[1mGenerating C++ type support dispatch for ROS interfaces[0m
[ 13%] [34m[1mGenerating C++ introspection for ROS interfaces[0m
[ 16%] [34m[1mGenerating C++ type support for eProsima Fast-RTPS[0m
[ 18%] [32mBuilding C object CMakeFiles/turtlesim_catch_them_all__rosidl_generator_c.dir/rosidl_generator_c/turtlesim_catch_them_all/msg/detail/turtle__functions.c.o[0m
[ 20%] [32mBuilding C object CMakeFiles/turtlesim_catch_them_all__rosidl_generator_c.dir/rosidl_generator_c/turtlesim_catch_them_all/msg/detail/turtle_array__functions.c.o[0m
[ 23%] [32mBuilding CXX object CMakeFiles/turtlesim_catch_them_all__rosidl_typesupport_cpp.dir/rosidl_typesupport_cpp/turtlesim_catch_them_all/msg/turtle__type_support.cpp.o[0m
[ 25%] [32m[1mLinking C shared library libturtlesim_catch_them_all__rosidl_generator_c.so[0m
[ 27%] [32mBuilding CXX object CMakeFiles/turtlesim_catch_them_all__rosidl_typesupport_introspection_cpp.dir/rosidl_typesupport_introspection_cpp/turtlesim_catch_them_all/msg/detail/turtle__type_support.cpp.o[0m
[ 27%] Built target turtlesim_catch_them_all__rosidl_generator_c
[ 30%] [34m[1mGenerating C type support for eProsima Fast-RTPS[0m
[ 32%] [32mBuilding CXX object CMakeFiles/turtlesim_catch_them_all__rosidl_typesupport_fastrtps_cpp.dir/rosidl_typesupport_fastrtps_cpp/turtlesim_catch_them_all/msg/detail/dds_fastrtps/turtle__type_support.cpp.o[0m
[ 34%] [32mBuilding CXX object CMakeFiles/turtlesim_catch_them_all__rosidl_typesupport_cpp.dir/rosidl_typesupport_cpp/turtlesim_catch_them_all/msg/turtle_array__type_support.cpp.o[0m
[ 37%] [32mBuilding CXX object CMakeFiles/turtlesim_catch_them_all__rosidl_typesupport_fastrtps_c.dir/rosidl_typesupport_fastrtps_c/turtlesim_catch_them_all/msg/detail/turtle__type_support_c.cpp.o[0m
[ 39%] [32mBuilding CXX object CMakeFiles/turtlesim_catch_them_all__rosidl_typesupport_introspection_cpp.dir/rosidl_typesupport_introspection_cpp/turtlesim_catch_them_all/msg/detail/turtle_array__type_support.cpp.o[0m
[ 41%] [32mBuilding CXX object CMakeFiles/turtlesim_catch_them_all__rosidl_typesupport_fastrtps_cpp.dir/rosidl_typesupport_fastrtps_cpp/turtlesim_catch_them_all/msg/detail/dds_fastrtps/turtle_array__type_support.cpp.o[0m
[ 44%] [32m[1mLinking CXX shared library libturtlesim_catch_them_all__rosidl_typesupport_cpp.so[0m
[ 44%] Built target turtlesim_catch_them_all__rosidl_typesupport_cpp
[ 46%] [34m[1mGenerating C introspection for ROS interfaces[0m
[ 48%] [32mBuilding CXX object CMakeFiles/turtlesim_catch_them_all__rosidl_typesupport_fastrtps_c.dir/rosidl_typesupport_fastrtps_c/turtlesim_catch_them_all/msg/detail/turtle_array__type_support_c.cpp.o[0m
[ 51%] [32mBuilding C object CMakeFiles/turtlesim_catch_them_all__rosidl_typesupport_introspection_c.dir/rosidl_typesupport_introspection_c/turtlesim_catch_them_all/msg/detail/turtle__type_support.c.o[0m
[ 53%] [32m[1mLinking CXX shared library libturtlesim_catch_them_all__rosidl_typesupport_introspection_cpp.so[0m
[ 55%] [32mBuilding C object CMakeFiles/turtlesim_catch_them_all__rosidl_typesupport_introspection_c.dir/rosidl_typesupport_introspection_c/turtlesim_catch_them_all/msg/detail/turtle_array__type_support.c.o[0m
[ 58%] [32m[1mLinking C shared library libturtlesim_catch_them_all__rosidl_typesupport_introspection_c.so[0m
[ 60%] [32m[1mLinking CXX shared library libturtlesim_catch_them_all__rosidl_typesupport_fastrtps_cpp.so[0m
[ 60%] Built target turtlesim_catch_them_all__rosidl_typesupport_introspection_c
[ 60%] Built target turtlesim_catch_them_all__rosidl_typesupport_introspection_cpp
[ 62%] [34m[1mGenerating C type support dispatch for ROS interfaces[0m
[ 62%] Built target turtlesim_catch_them_all__rosidl_typesupport_fastrtps_cpp
[ 65%] [32m[1mLinking CXX shared library libturtlesim_catch_them_all__rosidl_typesupport_fastrtps_c.so[0m
[ 65%] Built target turtlesim_catch_them_all__rosidl_typesupport_fastrtps_c
[ 67%] [32mBuilding CXX object CMakeFiles/turtlesim_catch_them_all__rosidl_typesupport_c.dir/rosidl_typesupport_c/turtlesim_catch_them_all/msg/turtle__type_support.cpp.o[0m
[ 69%] [32mBuilding CXX object CMakeFiles/turtlesim_catch_them_all__rosidl_typesupport_c.dir/rosidl_typesupport_c/turtlesim_catch_them_all/msg/turtle_array__type_support.cpp.o[0m
[ 72%] [32m[1mLinking CXX shared library libturtlesim_catch_them_all__rosidl_typesupport_c.so[0m
[ 72%] Built target turtlesim_catch_them_all__rosidl_typesupport_c
[ 72%] Built target turtlesim_catch_them_all
[ 74%] [34m[1mGenerating Python code for ROS interfaces[0m
[ 74%] Built target turtlesim_catch_them_all__py
[ 76%] [32mBuilding C object CMakeFiles/turtlesim_catch_them_all__rosidl_generator_py.dir/rosidl_generator_py/turtlesim_catch_them_all/msg/_turtle_array_s.c.o[0m
[ 79%] [32mBuilding C object CMakeFiles/turtlesim_catch_them_all__rosidl_generator_py.dir/rosidl_generator_py/turtlesim_catch_them_all/msg/_turtle_s.c.o[0m
[ 81%] [32m[1mLinking C shared library rosidl_generator_py/turtlesim_catch_them_all/libturtlesim_catch_them_all__rosidl_generator_py.so[0m
[ 81%] Built target turtlesim_catch_them_all__rosidl_generator_py
[ 83%] [32mBuilding C object CMakeFiles/turtlesim_catch_them_all__rosidl_typesupport_introspection_c__pyext.dir/rosidl_generator_py/turtlesim_catch_them_all/_turtlesim_catch_them_all_s.ep.rosidl_typesupport_introspection_c.c.o[0m
[ 86%] [32mBuilding C object CMakeFiles/turtlesim_catch_them_all__rosidl_typesupport_fastrtps_c__pyext.dir/rosidl_generator_py/turtlesim_catch_them_all/_turtlesim_catch_them_all_s.ep.rosidl_typesupport_fastrtps_c.c.o[0m
[ 88%] [32mBuilding C object CMakeFiles/turtlesim_catch_them_all__rosidl_typesupport_c__pyext.dir/rosidl_generator_py/turtlesim_catch_them_all/_turtlesim_catch_them_all_s.ep.rosidl_typesupport_c.c.o[0m
[ 90%] [32m[1mLinking C shared library rosidl_generator_py/turtlesim_catch_them_all/turtlesim_catch_them_all_s__rosidl_typesupport_introspection_c.cpython-310-x86_64-linux-gnu.so[0m
[ 93%] [32m[1mLinking C shared library rosidl_generator_py/turtlesim_catch_them_all/turtlesim_catch_them_all_s__rosidl_typesupport_fastrtps_c.cpython-310-x86_64-linux-gnu.so[0m
[ 95%] [32m[1mLinking C shared library rosidl_generator_py/turtlesim_catch_them_all/turtlesim_catch_them_all_s__rosidl_typesupport_c.cpython-310-x86_64-linux-gnu.so[0m
[ 95%] Built target turtlesim_catch_them_all__rosidl_typesupport_introspection_c__pyext
[ 95%] Built target turtlesim_catch_them_all__rosidl_typesupport_fastrtps_c__pyext
[ 95%] Built target turtlesim_catch_them_all__rosidl_typesupport_c__pyext
[ 97%] [32m[1mLinking CXX executable turtle_spawner[0m
[ 97%] Built target turtle_spawner
[100%] [32m[1mLinking CXX executable turtle_controller[0m
[100%] Built target turtle_controller
-- Install configuration: ""
-- Installing: /home/barakooda/ros2_ws/install/turtlesim_catch_them_all/share/ament_index/resource_index/rosidl_interfaces/turtlesim_catch_them_all
-- Installing: /home/barakooda/ros2_ws/install/turtlesim_catch_them_all/include/turtlesim_catch_them_all/turtlesim_catch_them_all
-- Installing: /home/barakooda/ros2_ws/install/turtlesim_catch_them_all/include/turtlesim_catch_them_all/turtlesim_catch_them_all/msg
-- Installing: /home/barakooda/ros2_ws/install/turtlesim_catch_them_all/include/turtlesim_catch_them_all/turtlesim_catch_them_all/msg/turtle.h
-- Installing: /home/barakooda/ros2_ws/install/turtlesim_catch_them_all/include/turtlesim_catch_them_all/turtlesim_catch_them_all/msg/rosidl_generator_c__visibility_control.h
-- Installing: /home/barakooda/ros2_ws/install/turtlesim_catch_them_all/include/turtlesim_catch_them_all/turtlesim_catch_them_all/msg/turtle_array.h
-- Installing: /home/barakooda/ros2_ws/install/turtlesim_catch_them_all/include/turtlesim_catch_them_all/turtlesim_catch_them_all/msg/detail
-- Installing: /home/barakooda/ros2_ws/install/turtlesim_catch_them_all/include/turtlesim_catch_them_all/turtlesim_catch_them_all/msg/detail/turtle_array__struct.h
-- Installing: /home/barakooda/ros2_ws/install/turtlesim_catch_them_all/include/turtlesim_catch_them_all/turtlesim_catch_them_all/msg/detail/turtle__struct.h
-- Installing: /home/barakooda/ros2_ws/install/turtlesim_catch_them_all/include/turtlesim_catch_them_all/turtlesim_catch_them_all/msg/detail/turtle__functions.c
-- Installing: /home/barakooda/ros2_ws/install/turtlesim_catch_them_all/include/turtlesim_catch_them_all/turtlesim_catch_them_all/msg/detail/turtle_array__functions.h
-- Installing: /home/barakooda/ros2_ws/install/turtlesim_catch_them_all/include/turtlesim_catch_them_all/turtlesim_catch_them_all/msg/detail/turtle_array__type_support.h
-- Installing: /home/barakooda/ros2_ws/install/turtlesim_catch_them_all/include/turtlesim_catch_them_all/turtlesim_catch_them_all/msg/detail/turtle__functions.h
-- Installing: /home/barakooda/ros2_ws/install/turtlesim_catch_them_all/include/turtlesim_catch_them_all/turtlesim_catch_them_all/msg/detail/turtle_array__functions.c
-- Installing: /home/barakooda/ros2_ws/install/turtlesim_catch_them_all/include/turtlesim_catch_them_all/turtlesim_catch_them_all/msg/detail/turtle__type_support.h
-- Installing: /home/barakooda/ros2_ws/install/turtlesim_catch_them_all/share/turtlesim_catch_them_all/environment/library_path.sh
-- Installing: /home/barakooda/ros2_ws/install/turtlesim_catch_them_all/share/turtlesim_catch_them_all/environment/library_path.dsv
-- Installing: /home/barakooda/ros2_ws/install/turtlesim_catch_them_all/lib/libturtlesim_catch_them_all__rosidl_generator_c.so
-- Set runtime path of "/home/barakooda/ros2_ws/install/turtlesim_catch_them_all/lib/libturtlesim_catch_them_all__rosidl_generator_c.so" to ""
-- Up-to-date: /home/barakooda/ros2_ws/install/turtlesim_catch_them_all/include/turtlesim_catch_them_all/turtlesim_catch_them_all
-- Up-to-date: /home/barakooda/ros2_ws/install/turtlesim_catch_them_all/include/turtlesim_catch_them_all/turtlesim_catch_them_all/msg
-- Up-to-date: /home/barakooda/ros2_ws/install/turtlesim_catch_them_all/include/turtlesim_catch_them_all/turtlesim_catch_them_all/msg/detail
-- Installing: /home/barakooda/ros2_ws/install/turtlesim_catch_them_all/include/turtlesim_catch_them_all/turtlesim_catch_them_all/msg/detail/turtle_array__rosidl_typesupport_fastrtps_c.h
-- Installing: /home/barakooda/ros2_ws/install/turtlesim_catch_them_all/include/turtlesim_catch_them_all/turtlesim_catch_them_all/msg/detail/turtle__rosidl_typesupport_fastrtps_c.h
-- Installing: /home/barakooda/ros2_ws/install/turtlesim_catch_them_all/include/turtlesim_catch_them_all/turtlesim_catch_them_all/msg/rosidl_typesupport_fastrtps_c__visibility_control.h
-- Installing: /home/barakooda/ros2_ws/install/turtlesim_catch_them_all/lib/libturtlesim_catch_them_all__rosidl_typesupport_fastrtps_c.so
-- Set runtime path of "/home/barakooda/ros2_ws/install/turtlesim_catch_them_all/lib/libturtlesim_catch_them_all__rosidl_typesupport_fastrtps_c.so" to ""
-- Up-to-date: /home/barakooda/ros2_ws/install/turtlesim_catch_them_all/include/turtlesim_catch_them_all/turtlesim_catch_them_all
-- Up-to-date: /home/barakooda/ros2_ws/install/turtlesim_catch_them_all/include/turtlesim_catch_them_all/turtlesim_catch_them_all/msg
-- Installing: /home/barakooda/ros2_ws/install/turtlesim_catch_them_all/include/turtlesim_catch_them_all/turtlesim_catch_them_all/msg/turtle.hpp
-- Installing: /home/barakooda/ros2_ws/install/turtlesim_catch_them_all/include/turtlesim_catch_them_all/turtlesim_catch_them_all/msg/turtle_array.hpp
-- Up-to-date: /home/barakooda/ros2_ws/install/turtlesim_catch_them_all/include/turtlesim_catch_them_all/turtlesim_catch_them_all/msg/detail
-- Installing: /home/barakooda/ros2_ws/install/turtlesim_catch_them_all/include/turtlesim_catch_them_all/turtlesim_catch_them_all/msg/detail/turtle_array__struct.hpp
-- Installing: /home/barakooda/ros2_ws/install/turtlesim_catch_them_all/include/turtlesim_catch_them_all/turtlesim_catch_them_all/msg/detail/turtle_array__builder.hpp
-- Installing: /home/barakooda/ros2_ws/install/turtlesim_catch_them_all/include/turtlesim_catch_them_all/turtlesim_catch_them_all/msg/detail/turtle__traits.hpp
-- Installing: /home/barakooda/ros2_ws/install/turtlesim_catch_them_all/include/turtlesim_catch_them_all/turtlesim_catch_them_all/msg/detail/turtle_array__traits.hpp
-- Installing: /home/barakooda/ros2_ws/install/turtlesim_catch_them_all/include/turtlesim_catch_them_all/turtlesim_catch_them_all/msg/detail/turtle__builder.hpp
-- Installing: /home/barakooda/ros2_ws/install/turtlesim_catch_them_all/include/turtlesim_catch_them_all/turtlesim_catch_them_all/msg/detail/turtle__struct.hpp
-- Up-to-date: /home/barakooda/ros2_ws/install/turtlesim_catch_them_all/include/turtlesim_catch_them_all/turtlesim_catch_them_all
-- Up-to-date: /home/barakooda/ros2_ws/install/turtlesim_catch_them_all/include/turtlesim_catch_them_all/turtlesim_catch_them_all/msg
-- Up-to-date: /home/barakooda/ros2_ws/install/turtlesim_catch_them_all/include/turtlesim_catch_them_all/turtlesim_catch_them_all/msg/detail
-- Installing: /home/barakooda/ros2_ws/install/turtlesim_catch_them_all/include/turtlesim_catch_them_all/turtlesim_catch_them_all/msg/detail/dds_fastrtps
-- Installing: /home/barakooda/ros2_ws/install/turtlesim_catch_them_all/include/turtlesim_catch_them_all/turtlesim_catch_them_all/msg/detail/turtle_array__rosidl_typesupport_fastrtps_cpp.hpp
-- Installing: /home/barakooda/ros2_ws/install/turtlesim_catch_them_all/include/turtlesim_catch_them_all/turtlesim_catch_them_all/msg/detail/turtle__rosidl_typesupport_fastrtps_cpp.hpp
-- Installing: /home/barakooda/ros2_ws/install/turtlesim_catch_them_all/include/turtlesim_catch_them_all/turtlesim_catch_them_all/msg/rosidl_typesupport_fastrtps_cpp__visibility_control.h
-- Installing: /home/barakooda/ros2_ws/install/turtlesim_catch_them_all/lib/libturtlesim_catch_them_all__rosidl_typesupport_fastrtps_cpp.so
-- Set runtime path of "/home/barakooda/ros2_ws/install/turtlesim_catch_them_all/lib/libturtlesim_catch_them_all__rosidl_typesupport_fastrtps_cpp.so" to ""
-- Up-to-date: /home/barakooda/ros2_ws/install/turtlesim_catch_them_all/include/turtlesim_catch_them_all/turtlesim_catch_them_all
-- Up-to-date: /home/barakooda/ros2_ws/install/turtlesim_catch_them_all/include/turtlesim_catch_them_all/turtlesim_catch_them_all/msg
-- Up-to-date: /home/barakooda/ros2_ws/install/turtlesim_catch_them_all/include/turtlesim_catch_them_all/turtlesim_catch_them_all/msg/detail
-- Installing: /home/barakooda/ros2_ws/install/turtlesim_catch_them_all/include/turtlesim_catch_them_all/turtlesim_catch_them_all/msg/detail/turtle__rosidl_typesupport_introspection_c.h
-- Installing: /home/barakooda/ros2_ws/install/turtlesim_catch_them_all/include/turtlesim_catch_them_all/turtlesim_catch_them_all/msg/detail/turtle_array__rosidl_typesupport_introspection_c.h
-- Installing: /home/barakooda/ros2_ws/install/turtlesim_catch_them_all/include/turtlesim_catch_them_all/turtlesim_catch_them_all/msg/detail/turtle_array__type_support.c
-- Installing: /home/barakooda/ros2_ws/install/turtlesim_catch_them_all/include/turtlesim_catch_them_all/turtlesim_catch_them_all/msg/detail/turtle__type_support.c
-- Installing: /home/barakooda/ros2_ws/install/turtlesim_catch_them_all/include/turtlesim_catch_them_all/turtlesim_catch_them_all/msg/rosidl_typesupport_introspection_c__visibility_control.h
-- Installing: /home/barakooda/ros2_ws/install/turtlesim_catch_them_all/lib/libturtlesim_catch_them_all__rosidl_typesupport_introspection_c.so
-- Set runtime path of "/home/barakooda/ros2_ws/install/turtlesim_catch_them_all/lib/libturtlesim_catch_them_all__rosidl_typesupport_introspection_c.so" to ""
-- Installing: /home/barakooda/ros2_ws/install/turtlesim_catch_them_all/lib/libturtlesim_catch_them_all__rosidl_typesupport_c.so
-- Set runtime path of "/home/barakooda/ros2_ws/install/turtlesim_catch_them_all/lib/libturtlesim_catch_them_all__rosidl_typesupport_c.so" to ""
-- Up-to-date: /home/barakooda/ros2_ws/install/turtlesim_catch_them_all/include/turtlesim_catch_them_all/turtlesim_catch_them_all
-- Up-to-date: /home/barakooda/ros2_ws/install/turtlesim_catch_them_all/include/turtlesim_catch_them_all/turtlesim_catch_them_all/msg
-- Up-to-date: /home/barakooda/ros2_ws/install/turtlesim_catch_them_all/include/turtlesim_catch_them_all/turtlesim_catch_them_all/msg/detail
-- Installing: /home/barakooda/ros2_ws/install/turtlesim_catch_them_all/include/turtlesim_catch_them_all/turtlesim_catch_them_all/msg/detail/turtle__type_support.cpp
-- Installing: /home/barakooda/ros2_ws/install/turtlesim_catch_them_all/include/turtlesim_catch_them_all/turtlesim_catch_them_all/msg/detail/turtle_array__type_support.cpp
-- Installing: /home/barakooda/ros2_ws/install/turtlesim_catch_them_all/include/turtlesim_catch_them_all/turtlesim_catch_them_all/msg/detail/turtle__rosidl_typesupport_introspection_cpp.hpp
-- Installing: /home/barakooda/ros2_ws/install/turtlesim_catch_them_all/include/turtlesim_catch_them_all/turtlesim_catch_them_all/msg/detail/turtle_array__rosidl_typesupport_introspection_cpp.hpp
-- Installing: /home/barakooda/ros2_ws/install/turtlesim_catch_them_all/lib/libturtlesim_catch_them_all__rosidl_typesupport_introspection_cpp.so
-- Set runtime path of "/home/barakooda/ros2_ws/install/turtlesim_catch_them_all/lib/libturtlesim_catch_them_all__rosidl_typesupport_introspection_cpp.so" to ""
-- Installing: /home/barakooda/ros2_ws/install/turtlesim_catch_them_all/lib/libturtlesim_catch_them_all__rosidl_typesupport_cpp.so
-- Set runtime path of "/home/barakooda/ros2_ws/install/turtlesim_catch_them_all/lib/libturtlesim_catch_them_all__rosidl_typesupport_cpp.so" to ""
-- Installing: /home/barakooda/ros2_ws/install/turtlesim_catch_them_all/share/turtlesim_catch_them_all/environment/pythonpath.sh
-- Installing: /home/barakooda/ros2_ws/install/turtlesim_catch_them_all/share/turtlesim_catch_them_all/environment/pythonpath.dsv
-- Installing: /home/barakooda/ros2_ws/install/turtlesim_catch_them_all/local/lib/python3.10/dist-packages/turtlesim_catch_them_all-0.0.0-py3.10.egg-info
-- Installing: /home/barakooda/ros2_ws/install/turtlesim_catch_them_all/local/lib/python3.10/dist-packages/turtlesim_catch_them_all-0.0.0-py3.10.egg-info/top_level.txt
-- Installing: /home/barakooda/ros2_ws/install/turtlesim_catch_them_all/local/lib/python3.10/dist-packages/turtlesim_catch_them_all-0.0.0-py3.10.egg-info/dependency_links.txt
-- Installing: /home/barakooda/ros2_ws/install/turtlesim_catch_them_all/local/lib/python3.10/dist-packages/turtlesim_catch_them_all-0.0.0-py3.10.egg-info/SOURCES.txt
-- Installing: /home/barakooda/ros2_ws/install/turtlesim_catch_them_all/local/lib/python3.10/dist-packages/turtlesim_catch_them_all-0.0.0-py3.10.egg-info/PKG-INFO
-- Installing: /home/barakooda/ros2_ws/install/turtlesim_catch_them_all/local/lib/python3.10/dist-packages/turtlesim_catch_them_all
-- Installing: /home/barakooda/ros2_ws/install/turtlesim_catch_them_all/local/lib/python3.10/dist-packages/turtlesim_catch_them_all/turtlesim_catch_them_all_s__rosidl_typesupport_introspection_c.cpython-310-x86_64-linux-gnu.so
-- Installing: /home/barakooda/ros2_ws/install/turtlesim_catch_them_all/local/lib/python3.10/dist-packages/turtlesim_catch_them_all/_turtlesim_catch_them_all_s.ep.rosidl_typesupport_c.c
-- Installing: /home/barakooda/ros2_ws/install/turtlesim_catch_them_all/local/lib/python3.10/dist-packages/turtlesim_catch_them_all/turtlesim_catch_them_all_s__rosidl_typesupport_fastrtps_c.cpython-310-x86_64-linux-gnu.so
-- Installing: /home/barakooda/ros2_ws/install/turtlesim_catch_them_all/local/lib/python3.10/dist-packages/turtlesim_catch_them_all/msg
-- Installing: /home/barakooda/ros2_ws/install/turtlesim_catch_them_all/local/lib/python3.10/dist-packages/turtlesim_catch_them_all/msg/_turtle.py
-- Installing: /home/barakooda/ros2_ws/install/turtlesim_catch_them_all/local/lib/python3.10/dist-packages/turtlesim_catch_them_all/msg/_turtle_array.py
-- Installing: /home/barakooda/ros2_ws/install/turtlesim_catch_them_all/local/lib/python3.10/dist-packages/turtlesim_catch_them_all/msg/_turtle_s.c
-- Installing: /home/barakooda/ros2_ws/install/turtlesim_catch_them_all/local/lib/python3.10/dist-packages/turtlesim_catch_them_all/msg/__init__.py
-- Installing: /home/barakooda/ros2_ws/install/turtlesim_catch_them_all/local/lib/python3.10/dist-packages/turtlesim_catch_them_all/msg/_turtle_array_s.c
-- Installing: /home/barakooda/ros2_ws/install/turtlesim_catch_them_all/local/lib/python3.10/dist-packages/turtlesim_catch_them_all/_turtlesim_catch_them_all_s.ep.rosidl_typesupport_introspection_c.c
-- Installing: /home/barakooda/ros2_ws/install/turtlesim_catch_them_all/local/lib/python3.10/dist-packages/turtlesim_catch_them_all/libturtlesim_catch_them_all__rosidl_generator_py.so
-- Installing: /home/barakooda/ros2_ws/install/turtlesim_catch_them_all/local/lib/python3.10/dist-packages/turtlesim_catch_them_all/__init__.py
-- Installing: /home/barakooda/ros2_ws/install/turtlesim_catch_them_all/local/lib/python3.10/dist-packages/turtlesim_catch_them_all/_turtlesim_catch_them_all_s.ep.rosidl_typesupport_fastrtps_c.c
-- Installing: /home/barakooda/ros2_ws/install/turtlesim_catch_them_all/local/lib/python3.10/dist-packages/turtlesim_catch_them_all/turtlesim_catch_them_all_s__rosidl_typesupport_c.cpython-310-x86_64-linux-gnu.so
Listing '/home/barakooda/ros2_ws/install/turtlesim_catch_them_all/local/lib/python3.10/dist-packages/turtlesim_catch_them_all'...
Compiling '/home/barakooda/ros2_ws/install/turtlesim_catch_them_all/local/lib/python3.10/dist-packages/turtlesim_catch_them_all/__init__.py'...
Listing '/home/barakooda/ros2_ws/install/turtlesim_catch_them_all/local/lib/python3.10/dist-packages/turtlesim_catch_them_all/msg'...
Compiling '/home/barakooda/ros2_ws/install/turtlesim_catch_them_all/local/lib/python3.10/dist-packages/turtlesim_catch_them_all/msg/__init__.py'...
Compiling '/home/barakooda/ros2_ws/install/turtlesim_catch_them_all/local/lib/python3.10/dist-packages/turtlesim_catch_them_all/msg/_turtle.py'...
Compiling '/home/barakooda/ros2_ws/install/turtlesim_catch_them_all/local/lib/python3.10/dist-packages/turtlesim_catch_them_all/msg/_turtle_array.py'...
-- Installing: /home/barakooda/ros2_ws/install/turtlesim_catch_them_all/local/lib/python3.10/dist-packages/turtlesim_catch_them_all/turtlesim_catch_them_all_s__rosidl_typesupport_fastrtps_c.cpython-310-x86_64-linux-gnu.so
-- Set runtime path of "/home/barakooda/ros2_ws/install/turtlesim_catch_them_all/local/lib/python3.10/dist-packages/turtlesim_catch_them_all/turtlesim_catch_them_all_s__rosidl_typesupport_fastrtps_c.cpython-310-x86_64-linux-gnu.so" to ""
-- Installing: /home/barakooda/ros2_ws/install/turtlesim_catch_them_all/local/lib/python3.10/dist-packages/turtlesim_catch_them_all/turtlesim_catch_them_all_s__rosidl_typesupport_introspection_c.cpython-310-x86_64-linux-gnu.so
-- Set runtime path of "/home/barakooda/ros2_ws/install/turtlesim_catch_them_all/local/lib/python3.10/dist-packages/turtlesim_catch_them_all/turtlesim_catch_them_all_s__rosidl_typesupport_introspection_c.cpython-310-x86_64-linux-gnu.so" to ""
-- Installing: /home/barakooda/ros2_ws/install/turtlesim_catch_them_all/local/lib/python3.10/dist-packages/turtlesim_catch_them_all/turtlesim_catch_them_all_s__rosidl_typesupport_c.cpython-310-x86_64-linux-gnu.so
-- Set runtime path of "/home/barakooda/ros2_ws/install/turtlesim_catch_them_all/local/lib/python3.10/dist-packages/turtlesim_catch_them_all/turtlesim_catch_them_all_s__rosidl_typesupport_c.cpython-310-x86_64-linux-gnu.so" to ""
-- Installing: /home/barakooda/ros2_ws/install/turtlesim_catch_them_all/lib/libturtlesim_catch_them_all__rosidl_generator_py.so
-- Set runtime path of "/home/barakooda/ros2_ws/install/turtlesim_catch_them_all/lib/libturtlesim_catch_them_all__rosidl_generator_py.so" to ""
-- Installing: /home/barakooda/ros2_ws/install/turtlesim_catch_them_all/share/turtlesim_catch_them_all/msg/Turtle.idl
-- Installing: /home/barakooda/ros2_ws/install/turtlesim_catch_them_all/share/turtlesim_catch_them_all/msg/TurtleArray.idl
-- Installing: /home/barakooda/ros2_ws/install/turtlesim_catch_them_all/share/turtlesim_catch_them_all/msg/Turtle.msg
-- Installing: /home/barakooda/ros2_ws/install/turtlesim_catch_them_all/share/turtlesim_catch_them_all/msg/TurtleArray.msg
-- Installing: /home/barakooda/ros2_ws/install/turtlesim_catch_them_all/lib/turtlesim_catch_them_all/turtle_controller
-- Set runtime path of "/home/barakooda/ros2_ws/install/turtlesim_catch_them_all/lib/turtlesim_catch_them_all/turtle_controller" to ""
-- Installing: /home/barakooda/ros2_ws/install/turtlesim_catch_them_all/lib/turtlesim_catch_them_all/turtle_spawner
-- Set runtime path of "/home/barakooda/ros2_ws/install/turtlesim_catch_them_all/lib/turtlesim_catch_them_all/turtle_spawner" to ""
-- Installing: /home/barakooda/ros2_ws/install/turtlesim_catch_them_all/share/ament_index/resource_index/package_run_dependencies/turtlesim_catch_them_all
-- Up-to-date: /home/barakooda/ros2_ws/install/turtlesim_catch_them_all/share/ament_index/resource_index/parent_prefix_path/turtlesim_catch_them_all
-- Up-to-date: /home/barakooda/ros2_ws/install/turtlesim_catch_them_all/share/turtlesim_catch_them_all/environment/ament_prefix_path.sh
-- Installing: /home/barakooda/ros2_ws/install/turtlesim_catch_them_all/share/turtlesim_catch_them_all/environment/ament_prefix_path.dsv
-- Up-to-date: /home/barakooda/ros2_ws/install/turtlesim_catch_them_all/share/turtlesim_catch_them_all/environment/path.sh
-- Installing: /home/barakooda/ros2_ws/install/turtlesim_catch_them_all/share/turtlesim_catch_them_all/environment/path.dsv
-- Up-to-date: /home/barakooda/ros2_ws/install/turtlesim_catch_them_all/share/turtlesim_catch_them_all/local_setup.bash
-- Installing: /home/barakooda/ros2_ws/install/turtlesim_catch_them_all/share/turtlesim_catch_them_all/local_setup.sh
-- Up-to-date: /home/barakooda/ros2_ws/install/turtlesim_catch_them_all/share/turtlesim_catch_them_all/local_setup.zsh
-- Installing: /home/barakooda/ros2_ws/install/turtlesim_catch_them_all/share/turtlesim_catch_them_all/local_setup.dsv
-- Installing: /home/barakooda/ros2_ws/install/turtlesim_catch_them_all/share/turtlesim_catch_them_all/package.dsv
-- Up-to-date: /home/barakooda/ros2_ws/install/turtlesim_catch_them_all/share/ament_index/resource_index/packages/turtlesim_catch_them_all
-- Installing: /home/barakooda/ros2_ws/install/turtlesim_catch_them_all/share/turtlesim_catch_them_all/cmake/export_turtlesim_catch_them_all__rosidl_generator_cExport.cmake
-- Installing: /home/barakooda/ros2_ws/install/turtlesim_catch_them_all/share/turtlesim_catch_them_all/cmake/export_turtlesim_catch_them_all__rosidl_generator_cExport-noconfig.cmake
-- Installing: /home/barakooda/ros2_ws/install/turtlesim_catch_them_all/share/turtlesim_catch_them_all/cmake/export_turtlesim_catch_them_all__rosidl_typesupport_fastrtps_cExport.cmake
-- Installing: /home/barakooda/ros2_ws/install/turtlesim_catch_them_all/share/turtlesim_catch_them_all/cmake/export_turtlesim_catch_them_all__rosidl_typesupport_fastrtps_cExport-noconfig.cmake
-- Installing: /home/barakooda/ros2_ws/install/turtlesim_catch_them_all/share/turtlesim_catch_them_all/cmake/export_turtlesim_catch_them_all__rosidl_generator_cppExport.cmake
-- Installing: /home/barakooda/ros2_ws/install/turtlesim_catch_them_all/share/turtlesim_catch_them_all/cmake/export_turtlesim_catch_them_all__rosidl_typesupport_fastrtps_cppExport.cmake
-- Installing: /home/barakooda/ros2_ws/install/turtlesim_catch_them_all/share/turtlesim_catch_them_all/cmake/export_turtlesim_catch_them_all__rosidl_typesupport_fastrtps_cppExport-noconfig.cmake
-- Installing: /home/barakooda/ros2_ws/install/turtlesim_catch_them_all/share/turtlesim_catch_them_all/cmake/turtlesim_catch_them_all__rosidl_typesupport_introspection_cExport.cmake
-- Installing: /home/barakooda/ros2_ws/install/turtlesim_catch_them_all/share/turtlesim_catch_them_all/cmake/turtlesim_catch_them_all__rosidl_typesupport_introspection_cExport-noconfig.cmake
-- Installing: /home/barakooda/ros2_ws/install/turtlesim_catch_them_all/share/turtlesim_catch_them_all/cmake/turtlesim_catch_them_all__rosidl_typesupport_cExport.cmake
-- Installing: /home/barakooda/ros2_ws/install/turtlesim_catch_them_all/share/turtlesim_catch_them_all/cmake/turtlesim_catch_them_all__rosidl_typesupport_cExport-noconfig.cmake
-- Installing: /home/barakooda/ros2_ws/install/turtlesim_catch_them_all/share/turtlesim_catch_them_all/cmake/turtlesim_catch_them_all__rosidl_typesupport_introspection_cppExport.cmake
-- Installing: /home/barakooda/ros2_ws/install/turtlesim_catch_them_all/share/turtlesim_catch_them_all/cmake/turtlesim_catch_them_all__rosidl_typesupport_introspection_cppExport-noconfig.cmake
-- Installing: /home/barakooda/ros2_ws/install/turtlesim_catch_them_all/share/turtlesim_catch_them_all/cmake/turtlesim_catch_them_all__rosidl_typesupport_cppExport.cmake
-- Installing: /home/barakooda/ros2_ws/install/turtlesim_catch_them_all/share/turtlesim_catch_them_all/cmake/turtlesim_catch_them_all__rosidl_typesupport_cppExport-noconfig.cmake
-- Installing: /home/barakooda/ros2_ws/install/turtlesim_catch_them_all/share/turtlesim_catch_them_all/cmake/export_turtlesim_catch_them_all__rosidl_generator_pyExport.cmake
-- Installing: /home/barakooda/ros2_ws/install/turtlesim_catch_them_all/share/turtlesim_catch_them_all/cmake/export_turtlesim_catch_them_all__rosidl_generator_pyExport-noconfig.cmake
-- Installing: /home/barakooda/ros2_ws/install/turtlesim_catch_them_all/share/turtlesim_catch_them_all/cmake/rosidl_cmake-extras.cmake
-- Installing: /home/barakooda/ros2_ws/install/turtlesim_catch_them_all/share/turtlesim_catch_them_all/cmake/ament_cmake_export_include_directories-extras.cmake
-- Installing: /home/barakooda/ros2_ws/install/turtlesim_catch_them_all/share/turtlesim_catch_them_all/cmake/ament_cmake_export_libraries-extras.cmake
-- Installing: /home/barakooda/ros2_ws/install/turtlesim_catch_them_all/share/turtlesim_catch_them_all/cmake/ament_cmake_export_targets-extras.cmake
-- Installing: /home/barakooda/ros2_ws/install/turtlesim_catch_them_all/share/turtlesim_catch_them_all/cmake/rosidl_cmake_export_typesupport_targets-extras.cmake
-- Installing: /home/barakooda/ros2_ws/install/turtlesim_catch_them_all/share/turtlesim_catch_them_all/cmake/ament_cmake_export_dependencies-extras.cmake
-- Installing: /home/barakooda/ros2_ws/install/turtlesim_catch_them_all/share/turtlesim_catch_them_all/cmake/rosidl_cmake_export_typesupport_libraries-extras.cmake
-- Installing: /home/barakooda/ros2_ws/install/turtlesim_catch_them_all/share/turtlesim_catch_them_all/cmake/turtlesim_catch_them_allConfig.cmake
-- Up-to-date: /home/barakooda/ros2_ws/install/turtlesim_catch_them_all/share/turtlesim_catch_them_all/cmake/turtlesim_catch_them_allConfig-version.cmake
-- Installing: /home/barakooda/ros2_ws/install/turtlesim_catch_them_all/share/turtlesim_catch_them_all/package.xml
