[0.011s] Invoking command in '/home/barakooda/ros2_ws/build/turtlesim_catch_them_all': CMAKE_PREFIX_PATH=${CMAKE_PREFIX_PATH}:/home/barakooda/ros2_ws/install/my_py_pkg:/opt/ros/humble /usr/bin/cmake --build /home/barakooda/ros2_ws/build/turtlesim_catch_them_all -- -j6 -l6
[0.039s] -- Found ament_cmake: 1.3.8 (/opt/ros/humble/share/ament_cmake/cmake)
[0.136s] -- Found rclcpp: 16.0.8 (/opt/ros/humble/share/rclcpp/cmake)
[0.171s] -- Found rosidl_generator_c: 3.1.5 (/opt/ros/humble/share/rosidl_generator_c/cmake)
[0.173s] -- Found rosidl_adapter: 3.1.5 (/opt/ros/humble/share/rosidl_adapter/cmake)
[0.176s] -- Found rosidl_generator_cpp: 3.1.5 (/opt/ros/humble/share/rosidl_generator_cpp/cmake)
[0.184s] -- Using all available rosidl_typesupport_c: rosidl_typesupport_fastrtps_c;rosidl_typesupport_introspection_c
[0.194s] -- Using all available rosidl_typesupport_cpp: rosidl_typesupport_fastrtps_cpp;rosidl_typesupport_introspection_cpp
[0.231s] -- Found rmw_implementation_cmake: 6.1.1 (/opt/ros/humble/share/rmw_implementation_cmake/cmake)
[0.232s] -- Found rmw_fastrtps_cpp: 6.2.6 (/opt/ros/humble/share/rmw_fastrtps_cpp/cmake)
[0.314s] -- Using RMW implementation 'rmw_fastrtps_cpp' as default
[0.438s] -- Found geometry_msgs: 4.2.3 (/opt/ros/humble/share/geometry_msgs/cmake)
[0.487s] -- Found turtlesim: 1.4.2 (/opt/ros/humble/share/turtlesim/cmake)
[0.582s] -- Found rosidl_default_generators: 1.2.0 (/opt/ros/humble/share/rosidl_default_generators/cmake)
[0.803s] -- Found ament_cmake_ros: 0.10.0 (/opt/ros/humble/share/ament_cmake_ros/cmake)
[1.094s] -- Using all available rosidl_typesupport_c: rosidl_typesupport_fastrtps_c;rosidl_typesupport_introspection_c
[1.195s] -- Using all available rosidl_typesupport_cpp: rosidl_typesupport_fastrtps_cpp;rosidl_typesupport_introspection_cpp
[1.214s] -- Found PythonInterp: /usr/bin/python3 (found suitable version "3.10.12", minimum required is "3.6") 
[1.219s] -- Found python_cmake_module: 0.10.0 (/opt/ros/humble/share/python_cmake_module/cmake)
[1.246s] -- Found PythonLibs: /usr/lib/x86_64-linux-gnu/libpython3.10.so (found suitable version "3.10.12", minimum required is "3.5") 
[1.246s] -- Using PYTHON_EXECUTABLE: /usr/bin/python3
[1.246s] -- Using PYTHON_INCLUDE_DIRS: /usr/include/python3.10
[1.246s] -- Using PYTHON_LIBRARIES: /usr/lib/x86_64-linux-gnu/libpython3.10.so
[1.266s] -- Found PythonExtra: .so  
[1.325s] -- Configuring done
[1.377s] -- Generating done
[1.395s] -- Build files have been written to: /home/barakooda/ros2_ws/build/turtlesim_catch_them_all
[1.435s] [  2%] [34m[1mGenerating C code for ROS interfaces[0m
[1.438s] [35m[1mConsolidate compiler generated dependencies of target turtle_spawner[0m
[1.438s] [35m[1mConsolidate compiler generated dependencies of target turtle_controller[0m
[1.449s] [  4%] [34m[1mGenerating C++ code for ROS interfaces[0m
[1.459s] [  4%] Built target ament_cmake_python_copy_turtlesim_catch_them_all
[1.466s] [  6%] [32mBuilding CXX object CMakeFiles/turtle_controller.dir/src/turtle_controller.cpp.o[0m
[1.478s] [  9%] [32mBuilding CXX object CMakeFiles/turtle_spawner.dir/src/turtle_spawner.cpp.o[0m
[1.696s] running egg_info
[1.696s] creating turtlesim_catch_them_all.egg-info
[1.696s] writing turtlesim_catch_them_all.egg-info/PKG-INFO
[1.696s] writing dependency_links to turtlesim_catch_them_all.egg-info/dependency_links.txt
[1.696s] writing top-level names to turtlesim_catch_them_all.egg-info/top_level.txt
[1.696s] writing manifest file 'turtlesim_catch_them_all.egg-info/SOURCES.txt'
[1.700s] reading manifest file 'turtlesim_catch_them_all.egg-info/SOURCES.txt'
[1.710s] writing manifest file 'turtlesim_catch_them_all.egg-info/SOURCES.txt'
[1.748s] [  9%] Built target ament_cmake_python_build_turtlesim_catch_them_all_egg
[1.790s] [  9%] Built target turtlesim_catch_them_all__cpp
[1.821s] [ 11%] [34m[1mGenerating C++ type support dispatch for ROS interfaces[0m
[1.821s] [ 13%] [34m[1mGenerating C++ introspection for ROS interfaces[0m
[1.822s] [ 16%] [34m[1mGenerating C++ type support for eProsima Fast-RTPS[0m
[1.825s] [ 18%] [32mBuilding C object CMakeFiles/turtlesim_catch_them_all__rosidl_generator_c.dir/rosidl_generator_c/turtlesim_catch_them_all/msg/detail/turtle__functions.c.o[0m
[2.050s] [ 20%] [32mBuilding C object CMakeFiles/turtlesim_catch_them_all__rosidl_generator_c.dir/rosidl_generator_c/turtlesim_catch_them_all/msg/detail/turtle_array__functions.c.o[0m
[2.124s] [ 23%] [32mBuilding CXX object CMakeFiles/turtlesim_catch_them_all__rosidl_typesupport_cpp.dir/rosidl_typesupport_cpp/turtlesim_catch_them_all/msg/turtle__type_support.cpp.o[0m
[2.159s] [ 25%] [32m[1mLinking C shared library libturtlesim_catch_them_all__rosidl_generator_c.so[0m
[2.247s] [ 27%] [32mBuilding CXX object CMakeFiles/turtlesim_catch_them_all__rosidl_typesupport_introspection_cpp.dir/rosidl_typesupport_introspection_cpp/turtlesim_catch_them_all/msg/detail/turtle__type_support.cpp.o[0m
[2.258s] [ 27%] Built target turtlesim_catch_them_all__rosidl_generator_c
[2.272s] [ 30%] [34m[1mGenerating C type support for eProsima Fast-RTPS[0m
[2.280s] [ 32%] [32mBuilding CXX object CMakeFiles/turtlesim_catch_them_all__rosidl_typesupport_fastrtps_cpp.dir/rosidl_typesupport_fastrtps_cpp/turtlesim_catch_them_all/msg/detail/dds_fastrtps/turtle__type_support.cpp.o[0m
[2.416s] [ 34%] [32mBuilding CXX object CMakeFiles/turtlesim_catch_them_all__rosidl_typesupport_cpp.dir/rosidl_typesupport_cpp/turtlesim_catch_them_all/msg/turtle_array__type_support.cpp.o[0m
[2.663s] [ 37%] [32mBuilding CXX object CMakeFiles/turtlesim_catch_them_all__rosidl_typesupport_fastrtps_c.dir/rosidl_typesupport_fastrtps_c/turtlesim_catch_them_all/msg/detail/turtle__type_support_c.cpp.o[0m
[2.677s] [ 39%] [32mBuilding CXX object CMakeFiles/turtlesim_catch_them_all__rosidl_typesupport_introspection_cpp.dir/rosidl_typesupport_introspection_cpp/turtlesim_catch_them_all/msg/detail/turtle_array__type_support.cpp.o[0m
[2.694s] [ 41%] [32mBuilding CXX object CMakeFiles/turtlesim_catch_them_all__rosidl_typesupport_fastrtps_cpp.dir/rosidl_typesupport_fastrtps_cpp/turtlesim_catch_them_all/msg/detail/dds_fastrtps/turtle_array__type_support.cpp.o[0m
[2.719s] [ 44%] [32m[1mLinking CXX shared library libturtlesim_catch_them_all__rosidl_typesupport_cpp.so[0m
[2.763s] [ 44%] Built target turtlesim_catch_them_all__rosidl_typesupport_cpp
[2.778s] [ 46%] [34m[1mGenerating C introspection for ROS interfaces[0m
[3.014s] [ 48%] [32mBuilding CXX object CMakeFiles/turtlesim_catch_them_all__rosidl_typesupport_fastrtps_c.dir/rosidl_typesupport_fastrtps_c/turtlesim_catch_them_all/msg/detail/turtle_array__type_support_c.cpp.o[0m
[3.063s] [ 51%] [32mBuilding C object CMakeFiles/turtlesim_catch_them_all__rosidl_typesupport_introspection_c.dir/rosidl_typesupport_introspection_c/turtlesim_catch_them_all/msg/detail/turtle__type_support.c.o[0m
[3.113s] [ 53%] [32m[1mLinking CXX shared library libturtlesim_catch_them_all__rosidl_typesupport_introspection_cpp.so[0m
[3.117s] [ 55%] [32mBuilding C object CMakeFiles/turtlesim_catch_them_all__rosidl_typesupport_introspection_c.dir/rosidl_typesupport_introspection_c/turtlesim_catch_them_all/msg/detail/turtle_array__type_support.c.o[0m
[3.162s] [ 58%] [32m[1mLinking C shared library libturtlesim_catch_them_all__rosidl_typesupport_introspection_c.so[0m
[3.184s] [ 60%] [32m[1mLinking CXX shared library libturtlesim_catch_them_all__rosidl_typesupport_fastrtps_cpp.so[0m
[3.208s] [ 60%] Built target turtlesim_catch_them_all__rosidl_typesupport_introspection_c
[3.236s] [ 60%] Built target turtlesim_catch_them_all__rosidl_typesupport_introspection_cpp
[3.252s] [ 62%] [34m[1mGenerating C type support dispatch for ROS interfaces[0m
[3.267s] [ 62%] Built target turtlesim_catch_them_all__rosidl_typesupport_fastrtps_cpp
[3.326s] [ 65%] [32m[1mLinking CXX shared library libturtlesim_catch_them_all__rosidl_typesupport_fastrtps_c.so[0m
[3.400s] [ 65%] Built target turtlesim_catch_them_all__rosidl_typesupport_fastrtps_c
[3.500s] [ 67%] [32mBuilding CXX object CMakeFiles/turtlesim_catch_them_all__rosidl_typesupport_c.dir/rosidl_typesupport_c/turtlesim_catch_them_all/msg/turtle__type_support.cpp.o[0m
[3.502s] [ 69%] [32mBuilding CXX object CMakeFiles/turtlesim_catch_them_all__rosidl_typesupport_c.dir/rosidl_typesupport_c/turtlesim_catch_them_all/msg/turtle_array__type_support.cpp.o[0m
[3.534s] [ 72%] [32m[1mLinking CXX shared library libturtlesim_catch_them_all__rosidl_typesupport_c.so[0m
[3.608s] [ 72%] Built target turtlesim_catch_them_all__rosidl_typesupport_c
[3.634s] [ 72%] Built target turtlesim_catch_them_all
[3.661s] [ 74%] [34m[1mGenerating Python code for ROS interfaces[0m
[3.988s] [ 74%] Built target turtlesim_catch_them_all__py
[4.011s] [ 76%] [32mBuilding C object CMakeFiles/turtlesim_catch_them_all__rosidl_generator_py.dir/rosidl_generator_py/turtlesim_catch_them_all/msg/_turtle_array_s.c.o[0m
[4.011s] [ 79%] [32mBuilding C object CMakeFiles/turtlesim_catch_them_all__rosidl_generator_py.dir/rosidl_generator_py/turtlesim_catch_them_all/msg/_turtle_s.c.o[0m
[4.220s] [ 81%] [32m[1mLinking C shared library rosidl_generator_py/turtlesim_catch_them_all/libturtlesim_catch_them_all__rosidl_generator_py.so[0m
[4.312s] [ 81%] Built target turtlesim_catch_them_all__rosidl_generator_py
[4.337s] [ 83%] [32mBuilding C object CMakeFiles/turtlesim_catch_them_all__rosidl_typesupport_introspection_c__pyext.dir/rosidl_generator_py/turtlesim_catch_them_all/_turtlesim_catch_them_all_s.ep.rosidl_typesupport_introspection_c.c.o[0m
[4.338s] [ 86%] [32mBuilding C object CMakeFiles/turtlesim_catch_them_all__rosidl_typesupport_fastrtps_c__pyext.dir/rosidl_generator_py/turtlesim_catch_them_all/_turtlesim_catch_them_all_s.ep.rosidl_typesupport_fastrtps_c.c.o[0m
[4.361s] [ 88%] [32mBuilding C object CMakeFiles/turtlesim_catch_them_all__rosidl_typesupport_c__pyext.dir/rosidl_generator_py/turtlesim_catch_them_all/_turtlesim_catch_them_all_s.ep.rosidl_typesupport_c.c.o[0m
[4.426s] [ 90%] [32m[1mLinking C shared library rosidl_generator_py/turtlesim_catch_them_all/turtlesim_catch_them_all_s__rosidl_typesupport_introspection_c.cpython-310-x86_64-linux-gnu.so[0m
[4.448s] [ 93%] [32m[1mLinking C shared library rosidl_generator_py/turtlesim_catch_them_all/turtlesim_catch_them_all_s__rosidl_typesupport_fastrtps_c.cpython-310-x86_64-linux-gnu.so[0m
[4.461s] [ 95%] [32m[1mLinking C shared library rosidl_generator_py/turtlesim_catch_them_all/turtlesim_catch_them_all_s__rosidl_typesupport_c.cpython-310-x86_64-linux-gnu.so[0m
[4.477s] [ 95%] Built target turtlesim_catch_them_all__rosidl_typesupport_introspection_c__pyext
[4.484s] [ 95%] Built target turtlesim_catch_them_all__rosidl_typesupport_fastrtps_c__pyext
[4.494s] [ 95%] Built target turtlesim_catch_them_all__rosidl_typesupport_c__pyext
[5.193s] [ 97%] [32m[1mLinking CXX executable turtle_spawner[0m
[5.360s] [ 97%] Built target turtle_spawner
[8.648s] [100%] [32m[1mLinking CXX executable turtle_controller[0m
[9.000s] [100%] Built target turtle_controller
[9.012s] Invoked command in '/home/barakooda/ros2_ws/build/turtlesim_catch_them_all' returned '0': CMAKE_PREFIX_PATH=${CMAKE_PREFIX_PATH}:/home/barakooda/ros2_ws/install/my_py_pkg:/opt/ros/humble /usr/bin/cmake --build /home/barakooda/ros2_ws/build/turtlesim_catch_them_all -- -j6 -l6
[9.213s] Invoking command in '/home/barakooda/ros2_ws/build/turtlesim_catch_them_all': CMAKE_PREFIX_PATH=${CMAKE_PREFIX_PATH}:/home/barakooda/ros2_ws/install/my_py_pkg:/opt/ros/humble /usr/bin/cmake --install /home/barakooda/ros2_ws/build/turtlesim_catch_them_all
[9.220s] -- Install configuration: ""
[9.222s] -- Installing: /home/barakooda/ros2_ws/install/turtlesim_catch_them_all/share/ament_index/resource_index/rosidl_interfaces/turtlesim_catch_them_all
[9.227s] -- Installing: /home/barakooda/ros2_ws/install/turtlesim_catch_them_all/include/turtlesim_catch_them_all/turtlesim_catch_them_all
[9.227s] -- Installing: /home/barakooda/ros2_ws/install/turtlesim_catch_them_all/include/turtlesim_catch_them_all/turtlesim_catch_them_all/msg
[9.227s] -- Installing: /home/barakooda/ros2_ws/install/turtlesim_catch_them_all/include/turtlesim_catch_them_all/turtlesim_catch_them_all/msg/turtle.h
[9.227s] -- Installing: /home/barakooda/ros2_ws/install/turtlesim_catch_them_all/include/turtlesim_catch_them_all/turtlesim_catch_them_all/msg/rosidl_generator_c__visibility_control.h
[9.227s] -- Installing: /home/barakooda/ros2_ws/install/turtlesim_catch_them_all/include/turtlesim_catch_them_all/turtlesim_catch_them_all/msg/turtle_array.h
[9.227s] -- Installing: /home/barakooda/ros2_ws/install/turtlesim_catch_them_all/include/turtlesim_catch_them_all/turtlesim_catch_them_all/msg/detail
[9.227s] -- Installing: /home/barakooda/ros2_ws/install/turtlesim_catch_them_all/include/turtlesim_catch_them_all/turtlesim_catch_them_all/msg/detail/turtle_array__struct.h
[9.227s] -- Installing: /home/barakooda/ros2_ws/install/turtlesim_catch_them_all/include/turtlesim_catch_them_all/turtlesim_catch_them_all/msg/detail/turtle__struct.h
[9.227s] -- Installing: /home/barakooda/ros2_ws/install/turtlesim_catch_them_all/include/turtlesim_catch_them_all/turtlesim_catch_them_all/msg/detail/turtle__functions.c
[9.227s] -- Installing: /home/barakooda/ros2_ws/install/turtlesim_catch_them_all/include/turtlesim_catch_them_all/turtlesim_catch_them_all/msg/detail/turtle_array__functions.h
[9.227s] -- Installing: /home/barakooda/ros2_ws/install/turtlesim_catch_them_all/include/turtlesim_catch_them_all/turtlesim_catch_them_all/msg/detail/turtle_array__type_support.h
[9.227s] -- Installing: /home/barakooda/ros2_ws/install/turtlesim_catch_them_all/include/turtlesim_catch_them_all/turtlesim_catch_them_all/msg/detail/turtle__functions.h
[9.227s] -- Installing: /home/barakooda/ros2_ws/install/turtlesim_catch_them_all/include/turtlesim_catch_them_all/turtlesim_catch_them_all/msg/detail/turtle_array__functions.c
[9.227s] -- Installing: /home/barakooda/ros2_ws/install/turtlesim_catch_them_all/include/turtlesim_catch_them_all/turtlesim_catch_them_all/msg/detail/turtle__type_support.h
[9.227s] -- Installing: /home/barakooda/ros2_ws/install/turtlesim_catch_them_all/share/turtlesim_catch_them_all/environment/library_path.sh
[9.227s] -- Installing: /home/barakooda/ros2_ws/install/turtlesim_catch_them_all/share/turtlesim_catch_them_all/environment/library_path.dsv
[9.238s] -- Installing: /home/barakooda/ros2_ws/install/turtlesim_catch_them_all/lib/libturtlesim_catch_them_all__rosidl_generator_c.so
[9.238s] -- Set runtime path of "/home/barakooda/ros2_ws/install/turtlesim_catch_them_all/lib/libturtlesim_catch_them_all__rosidl_generator_c.so" to ""
[9.238s] -- Up-to-date: /home/barakooda/ros2_ws/install/turtlesim_catch_them_all/include/turtlesim_catch_them_all/turtlesim_catch_them_all
[9.238s] -- Up-to-date: /home/barakooda/ros2_ws/install/turtlesim_catch_them_all/include/turtlesim_catch_them_all/turtlesim_catch_them_all/msg
[9.238s] -- Up-to-date: /home/barakooda/ros2_ws/install/turtlesim_catch_them_all/include/turtlesim_catch_them_all/turtlesim_catch_them_all/msg/detail
[9.238s] -- Installing: /home/barakooda/ros2_ws/install/turtlesim_catch_them_all/include/turtlesim_catch_them_all/turtlesim_catch_them_all/msg/detail/turtle_array__rosidl_typesupport_fastrtps_c.h
[9.238s] -- Installing: /home/barakooda/ros2_ws/install/turtlesim_catch_them_all/include/turtlesim_catch_them_all/turtlesim_catch_them_all/msg/detail/turtle__rosidl_typesupport_fastrtps_c.h
[9.238s] -- Installing: /home/barakooda/ros2_ws/install/turtlesim_catch_them_all/include/turtlesim_catch_them_all/turtlesim_catch_them_all/msg/rosidl_typesupport_fastrtps_c__visibility_control.h
[9.238s] -- Installing: /home/barakooda/ros2_ws/install/turtlesim_catch_them_all/lib/libturtlesim_catch_them_all__rosidl_typesupport_fastrtps_c.so
[9.238s] -- Set runtime path of "/home/barakooda/ros2_ws/install/turtlesim_catch_them_all/lib/libturtlesim_catch_them_all__rosidl_typesupport_fastrtps_c.so" to ""
[9.238s] -- Up-to-date: /home/barakooda/ros2_ws/install/turtlesim_catch_them_all/include/turtlesim_catch_them_all/turtlesim_catch_them_all
[9.238s] -- Up-to-date: /home/barakooda/ros2_ws/install/turtlesim_catch_them_all/include/turtlesim_catch_them_all/turtlesim_catch_them_all/msg
[9.238s] -- Installing: /home/barakooda/ros2_ws/install/turtlesim_catch_them_all/include/turtlesim_catch_them_all/turtlesim_catch_them_all/msg/turtle.hpp
[9.238s] -- Installing: /home/barakooda/ros2_ws/install/turtlesim_catch_them_all/include/turtlesim_catch_them_all/turtlesim_catch_them_all/msg/turtle_array.hpp
[9.238s] -- Up-to-date: /home/barakooda/ros2_ws/install/turtlesim_catch_them_all/include/turtlesim_catch_them_all/turtlesim_catch_them_all/msg/detail
[9.238s] -- Installing: /home/barakooda/ros2_ws/install/turtlesim_catch_them_all/include/turtlesim_catch_them_all/turtlesim_catch_them_all/msg/detail/turtle_array__struct.hpp
[9.239s] -- Installing: /home/barakooda/ros2_ws/install/turtlesim_catch_them_all/include/turtlesim_catch_them_all/turtlesim_catch_them_all/msg/detail/turtle_array__builder.hpp
[9.239s] -- Installing: /home/barakooda/ros2_ws/install/turtlesim_catch_them_all/include/turtlesim_catch_them_all/turtlesim_catch_them_all/msg/detail/turtle__traits.hpp
[9.239s] -- Installing: /home/barakooda/ros2_ws/install/turtlesim_catch_them_all/include/turtlesim_catch_them_all/turtlesim_catch_them_all/msg/detail/turtle_array__traits.hpp
[9.239s] -- Installing: /home/barakooda/ros2_ws/install/turtlesim_catch_them_all/include/turtlesim_catch_them_all/turtlesim_catch_them_all/msg/detail/turtle__builder.hpp
[9.239s] -- Installing: /home/barakooda/ros2_ws/install/turtlesim_catch_them_all/include/turtlesim_catch_them_all/turtlesim_catch_them_all/msg/detail/turtle__struct.hpp
[9.239s] -- Up-to-date: /home/barakooda/ros2_ws/install/turtlesim_catch_them_all/include/turtlesim_catch_them_all/turtlesim_catch_them_all
[9.239s] -- Up-to-date: /home/barakooda/ros2_ws/install/turtlesim_catch_them_all/include/turtlesim_catch_them_all/turtlesim_catch_them_all/msg
[9.240s] -- Up-to-date: /home/barakooda/ros2_ws/install/turtlesim_catch_them_all/include/turtlesim_catch_them_all/turtlesim_catch_them_all/msg/detail
[9.240s] -- Installing: /home/barakooda/ros2_ws/install/turtlesim_catch_them_all/include/turtlesim_catch_them_all/turtlesim_catch_them_all/msg/detail/dds_fastrtps
[9.240s] -- Installing: /home/barakooda/ros2_ws/install/turtlesim_catch_them_all/include/turtlesim_catch_them_all/turtlesim_catch_them_all/msg/detail/turtle_array__rosidl_typesupport_fastrtps_cpp.hpp
[9.240s] -- Installing: /home/barakooda/ros2_ws/install/turtlesim_catch_them_all/include/turtlesim_catch_them_all/turtlesim_catch_them_all/msg/detail/turtle__rosidl_typesupport_fastrtps_cpp.hpp
[9.240s] -- Installing: /home/barakooda/ros2_ws/install/turtlesim_catch_them_all/include/turtlesim_catch_them_all/turtlesim_catch_them_all/msg/rosidl_typesupport_fastrtps_cpp__visibility_control.h
[9.240s] -- Installing: /home/barakooda/ros2_ws/install/turtlesim_catch_them_all/lib/libturtlesim_catch_them_all__rosidl_typesupport_fastrtps_cpp.so
[9.240s] -- Set runtime path of "/home/barakooda/ros2_ws/install/turtlesim_catch_them_all/lib/libturtlesim_catch_them_all__rosidl_typesupport_fastrtps_cpp.so" to ""
[9.240s] -- Up-to-date: /home/barakooda/ros2_ws/install/turtlesim_catch_them_all/include/turtlesim_catch_them_all/turtlesim_catch_them_all
[9.240s] -- Up-to-date: /home/barakooda/ros2_ws/install/turtlesim_catch_them_all/include/turtlesim_catch_them_all/turtlesim_catch_them_all/msg
[9.240s] -- Up-to-date: /home/barakooda/ros2_ws/install/turtlesim_catch_them_all/include/turtlesim_catch_them_all/turtlesim_catch_them_all/msg/detail
[9.240s] -- Installing: /home/barakooda/ros2_ws/install/turtlesim_catch_them_all/include/turtlesim_catch_them_all/turtlesim_catch_them_all/msg/detail/turtle__rosidl_typesupport_introspection_c.h
[9.240s] -- Installing: /home/barakooda/ros2_ws/install/turtlesim_catch_them_all/include/turtlesim_catch_them_all/turtlesim_catch_them_all/msg/detail/turtle_array__rosidl_typesupport_introspection_c.h
[9.240s] -- Installing: /home/barakooda/ros2_ws/install/turtlesim_catch_them_all/include/turtlesim_catch_them_all/turtlesim_catch_them_all/msg/detail/turtle_array__type_support.c
[9.240s] -- Installing: /home/barakooda/ros2_ws/install/turtlesim_catch_them_all/include/turtlesim_catch_them_all/turtlesim_catch_them_all/msg/detail/turtle__type_support.c
[9.240s] -- Installing: /home/barakooda/ros2_ws/install/turtlesim_catch_them_all/include/turtlesim_catch_them_all/turtlesim_catch_them_all/msg/rosidl_typesupport_introspection_c__visibility_control.h
[9.241s] -- Installing: /home/barakooda/ros2_ws/install/turtlesim_catch_them_all/lib/libturtlesim_catch_them_all__rosidl_typesupport_introspection_c.so
[9.241s] -- Set runtime path of "/home/barakooda/ros2_ws/install/turtlesim_catch_them_all/lib/libturtlesim_catch_them_all__rosidl_typesupport_introspection_c.so" to ""
[9.241s] -- Installing: /home/barakooda/ros2_ws/install/turtlesim_catch_them_all/lib/libturtlesim_catch_them_all__rosidl_typesupport_c.so
[9.241s] -- Set runtime path of "/home/barakooda/ros2_ws/install/turtlesim_catch_them_all/lib/libturtlesim_catch_them_all__rosidl_typesupport_c.so" to ""
[9.241s] -- Up-to-date: /home/barakooda/ros2_ws/install/turtlesim_catch_them_all/include/turtlesim_catch_them_all/turtlesim_catch_them_all
[9.241s] -- Up-to-date: /home/barakooda/ros2_ws/install/turtlesim_catch_them_all/include/turtlesim_catch_them_all/turtlesim_catch_them_all/msg
[9.241s] -- Up-to-date: /home/barakooda/ros2_ws/install/turtlesim_catch_them_all/include/turtlesim_catch_them_all/turtlesim_catch_them_all/msg/detail
[9.241s] -- Installing: /home/barakooda/ros2_ws/install/turtlesim_catch_them_all/include/turtlesim_catch_them_all/turtlesim_catch_them_all/msg/detail/turtle__type_support.cpp
[9.241s] -- Installing: /home/barakooda/ros2_ws/install/turtlesim_catch_them_all/include/turtlesim_catch_them_all/turtlesim_catch_them_all/msg/detail/turtle_array__type_support.cpp
[9.241s] -- Installing: /home/barakooda/ros2_ws/install/turtlesim_catch_them_all/include/turtlesim_catch_them_all/turtlesim_catch_them_all/msg/detail/turtle__rosidl_typesupport_introspection_cpp.hpp
[9.241s] -- Installing: /home/barakooda/ros2_ws/install/turtlesim_catch_them_all/include/turtlesim_catch_them_all/turtlesim_catch_them_all/msg/detail/turtle_array__rosidl_typesupport_introspection_cpp.hpp
[9.241s] -- Installing: /home/barakooda/ros2_ws/install/turtlesim_catch_them_all/lib/libturtlesim_catch_them_all__rosidl_typesupport_introspection_cpp.so
[9.241s] -- Set runtime path of "/home/barakooda/ros2_ws/install/turtlesim_catch_them_all/lib/libturtlesim_catch_them_all__rosidl_typesupport_introspection_cpp.so" to ""
[9.242s] -- Installing: /home/barakooda/ros2_ws/install/turtlesim_catch_them_all/lib/libturtlesim_catch_them_all__rosidl_typesupport_cpp.so
[9.242s] -- Set runtime path of "/home/barakooda/ros2_ws/install/turtlesim_catch_them_all/lib/libturtlesim_catch_them_all__rosidl_typesupport_cpp.so" to ""
[9.242s] -- Installing: /home/barakooda/ros2_ws/install/turtlesim_catch_them_all/share/turtlesim_catch_them_all/environment/pythonpath.sh
[9.242s] -- Installing: /home/barakooda/ros2_ws/install/turtlesim_catch_them_all/share/turtlesim_catch_them_all/environment/pythonpath.dsv
[9.242s] -- Installing: /home/barakooda/ros2_ws/install/turtlesim_catch_them_all/local/lib/python3.10/dist-packages/turtlesim_catch_them_all-0.0.0-py3.10.egg-info
[9.242s] -- Installing: /home/barakooda/ros2_ws/install/turtlesim_catch_them_all/local/lib/python3.10/dist-packages/turtlesim_catch_them_all-0.0.0-py3.10.egg-info/top_level.txt
[9.242s] -- Installing: /home/barakooda/ros2_ws/install/turtlesim_catch_them_all/local/lib/python3.10/dist-packages/turtlesim_catch_them_all-0.0.0-py3.10.egg-info/dependency_links.txt
[9.242s] -- Installing: /home/barakooda/ros2_ws/install/turtlesim_catch_them_all/local/lib/python3.10/dist-packages/turtlesim_catch_them_all-0.0.0-py3.10.egg-info/SOURCES.txt
[9.242s] -- Installing: /home/barakooda/ros2_ws/install/turtlesim_catch_them_all/local/lib/python3.10/dist-packages/turtlesim_catch_them_all-0.0.0-py3.10.egg-info/PKG-INFO
[9.242s] -- Installing: /home/barakooda/ros2_ws/install/turtlesim_catch_them_all/local/lib/python3.10/dist-packages/turtlesim_catch_them_all
[9.242s] -- Installing: /home/barakooda/ros2_ws/install/turtlesim_catch_them_all/local/lib/python3.10/dist-packages/turtlesim_catch_them_all/turtlesim_catch_them_all_s__rosidl_typesupport_introspection_c.cpython-310-x86_64-linux-gnu.so
[9.242s] -- Installing: /home/barakooda/ros2_ws/install/turtlesim_catch_them_all/local/lib/python3.10/dist-packages/turtlesim_catch_them_all/_turtlesim_catch_them_all_s.ep.rosidl_typesupport_c.c
[9.242s] -- Installing: /home/barakooda/ros2_ws/install/turtlesim_catch_them_all/local/lib/python3.10/dist-packages/turtlesim_catch_them_all/turtlesim_catch_them_all_s__rosidl_typesupport_fastrtps_c.cpython-310-x86_64-linux-gnu.so
[9.242s] -- Installing: /home/barakooda/ros2_ws/install/turtlesim_catch_them_all/local/lib/python3.10/dist-packages/turtlesim_catch_them_all/msg
[9.242s] -- Installing: /home/barakooda/ros2_ws/install/turtlesim_catch_them_all/local/lib/python3.10/dist-packages/turtlesim_catch_them_all/msg/_turtle.py
[9.242s] -- Installing: /home/barakooda/ros2_ws/install/turtlesim_catch_them_all/local/lib/python3.10/dist-packages/turtlesim_catch_them_all/msg/_turtle_array.py
[9.243s] -- Installing: /home/barakooda/ros2_ws/install/turtlesim_catch_them_all/local/lib/python3.10/dist-packages/turtlesim_catch_them_all/msg/_turtle_s.c
[9.243s] -- Installing: /home/barakooda/ros2_ws/install/turtlesim_catch_them_all/local/lib/python3.10/dist-packages/turtlesim_catch_them_all/msg/__init__.py
[9.243s] -- Installing: /home/barakooda/ros2_ws/install/turtlesim_catch_them_all/local/lib/python3.10/dist-packages/turtlesim_catch_them_all/msg/_turtle_array_s.c
[9.243s] -- Installing: /home/barakooda/ros2_ws/install/turtlesim_catch_them_all/local/lib/python3.10/dist-packages/turtlesim_catch_them_all/_turtlesim_catch_them_all_s.ep.rosidl_typesupport_introspection_c.c
[9.243s] -- Installing: /home/barakooda/ros2_ws/install/turtlesim_catch_them_all/local/lib/python3.10/dist-packages/turtlesim_catch_them_all/libturtlesim_catch_them_all__rosidl_generator_py.so
[9.243s] -- Installing: /home/barakooda/ros2_ws/install/turtlesim_catch_them_all/local/lib/python3.10/dist-packages/turtlesim_catch_them_all/__init__.py
[9.243s] -- Installing: /home/barakooda/ros2_ws/install/turtlesim_catch_them_all/local/lib/python3.10/dist-packages/turtlesim_catch_them_all/_turtlesim_catch_them_all_s.ep.rosidl_typesupport_fastrtps_c.c
[9.243s] -- Installing: /home/barakooda/ros2_ws/install/turtlesim_catch_them_all/local/lib/python3.10/dist-packages/turtlesim_catch_them_all/turtlesim_catch_them_all_s__rosidl_typesupport_c.cpython-310-x86_64-linux-gnu.so
[9.274s] Listing '/home/barakooda/ros2_ws/install/turtlesim_catch_them_all/local/lib/python3.10/dist-packages/turtlesim_catch_them_all'...
[9.275s] Compiling '/home/barakooda/ros2_ws/install/turtlesim_catch_them_all/local/lib/python3.10/dist-packages/turtlesim_catch_them_all/__init__.py'...
[9.275s] Listing '/home/barakooda/ros2_ws/install/turtlesim_catch_them_all/local/lib/python3.10/dist-packages/turtlesim_catch_them_all/msg'...
[9.275s] Compiling '/home/barakooda/ros2_ws/install/turtlesim_catch_them_all/local/lib/python3.10/dist-packages/turtlesim_catch_them_all/msg/__init__.py'...
[9.275s] Compiling '/home/barakooda/ros2_ws/install/turtlesim_catch_them_all/local/lib/python3.10/dist-packages/turtlesim_catch_them_all/msg/_turtle.py'...
[9.275s] Compiling '/home/barakooda/ros2_ws/install/turtlesim_catch_them_all/local/lib/python3.10/dist-packages/turtlesim_catch_them_all/msg/_turtle_array.py'...
[9.279s] -- Installing: /home/barakooda/ros2_ws/install/turtlesim_catch_them_all/local/lib/python3.10/dist-packages/turtlesim_catch_them_all/turtlesim_catch_them_all_s__rosidl_typesupport_fastrtps_c.cpython-310-x86_64-linux-gnu.so
[9.279s] -- Set runtime path of "/home/barakooda/ros2_ws/install/turtlesim_catch_them_all/local/lib/python3.10/dist-packages/turtlesim_catch_them_all/turtlesim_catch_them_all_s__rosidl_typesupport_fastrtps_c.cpython-310-x86_64-linux-gnu.so" to ""
[9.279s] -- Installing: /home/barakooda/ros2_ws/install/turtlesim_catch_them_all/local/lib/python3.10/dist-packages/turtlesim_catch_them_all/turtlesim_catch_them_all_s__rosidl_typesupport_introspection_c.cpython-310-x86_64-linux-gnu.so
[9.280s] -- Set runtime path of "/home/barakooda/ros2_ws/install/turtlesim_catch_them_all/local/lib/python3.10/dist-packages/turtlesim_catch_them_all/turtlesim_catch_them_all_s__rosidl_typesupport_introspection_c.cpython-310-x86_64-linux-gnu.so" to ""
[9.280s] -- Installing: /home/barakooda/ros2_ws/install/turtlesim_catch_them_all/local/lib/python3.10/dist-packages/turtlesim_catch_them_all/turtlesim_catch_them_all_s__rosidl_typesupport_c.cpython-310-x86_64-linux-gnu.so
[9.280s] -- Set runtime path of "/home/barakooda/ros2_ws/install/turtlesim_catch_them_all/local/lib/python3.10/dist-packages/turtlesim_catch_them_all/turtlesim_catch_them_all_s__rosidl_typesupport_c.cpython-310-x86_64-linux-gnu.so" to ""
[9.280s] -- Installing: /home/barakooda/ros2_ws/install/turtlesim_catch_them_all/lib/libturtlesim_catch_them_all__rosidl_generator_py.so
[9.280s] -- Set runtime path of "/home/barakooda/ros2_ws/install/turtlesim_catch_them_all/lib/libturtlesim_catch_them_all__rosidl_generator_py.so" to ""
[9.280s] -- Installing: /home/barakooda/ros2_ws/install/turtlesim_catch_them_all/share/turtlesim_catch_them_all/msg/Turtle.idl
[9.281s] -- Installing: /home/barakooda/ros2_ws/install/turtlesim_catch_them_all/share/turtlesim_catch_them_all/msg/TurtleArray.idl
[9.281s] -- Installing: /home/barakooda/ros2_ws/install/turtlesim_catch_them_all/share/turtlesim_catch_them_all/msg/Turtle.msg
[9.281s] -- Installing: /home/barakooda/ros2_ws/install/turtlesim_catch_them_all/share/turtlesim_catch_them_all/msg/TurtleArray.msg
[9.281s] -- Installing: /home/barakooda/ros2_ws/install/turtlesim_catch_them_all/lib/turtlesim_catch_them_all/turtle_controller
[9.284s] -- Set runtime path of "/home/barakooda/ros2_ws/install/turtlesim_catch_them_all/lib/turtlesim_catch_them_all/turtle_controller" to ""
[9.284s] -- Installing: /home/barakooda/ros2_ws/install/turtlesim_catch_them_all/lib/turtlesim_catch_them_all/turtle_spawner
[9.285s] -- Set runtime path of "/home/barakooda/ros2_ws/install/turtlesim_catch_them_all/lib/turtlesim_catch_them_all/turtle_spawner" to ""
[9.285s] -- Installing: /home/barakooda/ros2_ws/install/turtlesim_catch_them_all/share/ament_index/resource_index/package_run_dependencies/turtlesim_catch_them_all
[9.285s] -- Up-to-date: /home/barakooda/ros2_ws/install/turtlesim_catch_them_all/share/ament_index/resource_index/parent_prefix_path/turtlesim_catch_them_all
[9.285s] -- Up-to-date: /home/barakooda/ros2_ws/install/turtlesim_catch_them_all/share/turtlesim_catch_them_all/environment/ament_prefix_path.sh
[9.285s] -- Installing: /home/barakooda/ros2_ws/install/turtlesim_catch_them_all/share/turtlesim_catch_them_all/environment/ament_prefix_path.dsv
[9.285s] -- Up-to-date: /home/barakooda/ros2_ws/install/turtlesim_catch_them_all/share/turtlesim_catch_them_all/environment/path.sh
[9.285s] -- Installing: /home/barakooda/ros2_ws/install/turtlesim_catch_them_all/share/turtlesim_catch_them_all/environment/path.dsv
[9.286s] -- Up-to-date: /home/barakooda/ros2_ws/install/turtlesim_catch_them_all/share/turtlesim_catch_them_all/local_setup.bash
[9.286s] -- Installing: /home/barakooda/ros2_ws/install/turtlesim_catch_them_all/share/turtlesim_catch_them_all/local_setup.sh
[9.286s] -- Up-to-date: /home/barakooda/ros2_ws/install/turtlesim_catch_them_all/share/turtlesim_catch_them_all/local_setup.zsh
[9.286s] -- Installing: /home/barakooda/ros2_ws/install/turtlesim_catch_them_all/share/turtlesim_catch_them_all/local_setup.dsv
[9.286s] -- Installing: /home/barakooda/ros2_ws/install/turtlesim_catch_them_all/share/turtlesim_catch_them_all/package.dsv
[9.286s] -- Up-to-date: /home/barakooda/ros2_ws/install/turtlesim_catch_them_all/share/ament_index/resource_index/packages/turtlesim_catch_them_all
[9.286s] -- Installing: /home/barakooda/ros2_ws/install/turtlesim_catch_them_all/share/turtlesim_catch_them_all/cmake/export_turtlesim_catch_them_all__rosidl_generator_cExport.cmake
[9.286s] -- Installing: /home/barakooda/ros2_ws/install/turtlesim_catch_them_all/share/turtlesim_catch_them_all/cmake/export_turtlesim_catch_them_all__rosidl_generator_cExport-noconfig.cmake
[9.287s] -- Installing: /home/barakooda/ros2_ws/install/turtlesim_catch_them_all/share/turtlesim_catch_them_all/cmake/export_turtlesim_catch_them_all__rosidl_typesupport_fastrtps_cExport.cmake
[9.287s] -- Installing: /home/barakooda/ros2_ws/install/turtlesim_catch_them_all/share/turtlesim_catch_them_all/cmake/export_turtlesim_catch_them_all__rosidl_typesupport_fastrtps_cExport-noconfig.cmake
[9.287s] -- Installing: /home/barakooda/ros2_ws/install/turtlesim_catch_them_all/share/turtlesim_catch_them_all/cmake/export_turtlesim_catch_them_all__rosidl_generator_cppExport.cmake
[9.287s] -- Installing: /home/barakooda/ros2_ws/install/turtlesim_catch_them_all/share/turtlesim_catch_them_all/cmake/export_turtlesim_catch_them_all__rosidl_typesupport_fastrtps_cppExport.cmake
[9.287s] -- Installing: /home/barakooda/ros2_ws/install/turtlesim_catch_them_all/share/turtlesim_catch_them_all/cmake/export_turtlesim_catch_them_all__rosidl_typesupport_fastrtps_cppExport-noconfig.cmake
[9.288s] -- Installing: /home/barakooda/ros2_ws/install/turtlesim_catch_them_all/share/turtlesim_catch_them_all/cmake/turtlesim_catch_them_all__rosidl_typesupport_introspection_cExport.cmake
[9.289s] -- Installing: /home/barakooda/ros2_ws/install/turtlesim_catch_them_all/share/turtlesim_catch_them_all/cmake/turtlesim_catch_them_all__rosidl_typesupport_introspection_cExport-noconfig.cmake
[9.289s] -- Installing: /home/barakooda/ros2_ws/install/turtlesim_catch_them_all/share/turtlesim_catch_them_all/cmake/turtlesim_catch_them_all__rosidl_typesupport_cExport.cmake
[9.289s] -- Installing: /home/barakooda/ros2_ws/install/turtlesim_catch_them_all/share/turtlesim_catch_them_all/cmake/turtlesim_catch_them_all__rosidl_typesupport_cExport-noconfig.cmake
[9.289s] -- Installing: /home/barakooda/ros2_ws/install/turtlesim_catch_them_all/share/turtlesim_catch_them_all/cmake/turtlesim_catch_them_all__rosidl_typesupport_introspection_cppExport.cmake
[9.289s] -- Installing: /home/barakooda/ros2_ws/install/turtlesim_catch_them_all/share/turtlesim_catch_them_all/cmake/turtlesim_catch_them_all__rosidl_typesupport_introspection_cppExport-noconfig.cmake
[9.289s] -- Installing: /home/barakooda/ros2_ws/install/turtlesim_catch_them_all/share/turtlesim_catch_them_all/cmake/turtlesim_catch_them_all__rosidl_typesupport_cppExport.cmake
[9.289s] -- Installing: /home/barakooda/ros2_ws/install/turtlesim_catch_them_all/share/turtlesim_catch_them_all/cmake/turtlesim_catch_them_all__rosidl_typesupport_cppExport-noconfig.cmake
[9.289s] -- Installing: /home/barakooda/ros2_ws/install/turtlesim_catch_them_all/share/turtlesim_catch_them_all/cmake/export_turtlesim_catch_them_all__rosidl_generator_pyExport.cmake
[9.289s] -- Installing: /home/barakooda/ros2_ws/install/turtlesim_catch_them_all/share/turtlesim_catch_them_all/cmake/export_turtlesim_catch_them_all__rosidl_generator_pyExport-noconfig.cmake
[9.289s] -- Installing: /home/barakooda/ros2_ws/install/turtlesim_catch_them_all/share/turtlesim_catch_them_all/cmake/rosidl_cmake-extras.cmake
[9.289s] -- Installing: /home/barakooda/ros2_ws/install/turtlesim_catch_them_all/share/turtlesim_catch_them_all/cmake/ament_cmake_export_include_directories-extras.cmake
[9.289s] -- Installing: /home/barakooda/ros2_ws/install/turtlesim_catch_them_all/share/turtlesim_catch_them_all/cmake/ament_cmake_export_libraries-extras.cmake
[9.289s] -- Installing: /home/barakooda/ros2_ws/install/turtlesim_catch_them_all/share/turtlesim_catch_them_all/cmake/ament_cmake_export_targets-extras.cmake
[9.289s] -- Installing: /home/barakooda/ros2_ws/install/turtlesim_catch_them_all/share/turtlesim_catch_them_all/cmake/rosidl_cmake_export_typesupport_targets-extras.cmake
[9.289s] -- Installing: /home/barakooda/ros2_ws/install/turtlesim_catch_them_all/share/turtlesim_catch_them_all/cmake/ament_cmake_export_dependencies-extras.cmake
[9.289s] -- Installing: /home/barakooda/ros2_ws/install/turtlesim_catch_them_all/share/turtlesim_catch_them_all/cmake/rosidl_cmake_export_typesupport_libraries-extras.cmake
[9.290s] -- Installing: /home/barakooda/ros2_ws/install/turtlesim_catch_them_all/share/turtlesim_catch_them_all/cmake/turtlesim_catch_them_allConfig.cmake
[9.290s] -- Up-to-date: /home/barakooda/ros2_ws/install/turtlesim_catch_them_all/share/turtlesim_catch_them_all/cmake/turtlesim_catch_them_allConfig-version.cmake
[9.290s] -- Installing: /home/barakooda/ros2_ws/install/turtlesim_catch_them_all/share/turtlesim_catch_them_all/package.xml
[9.296s] Invoked command in '/home/barakooda/ros2_ws/build/turtlesim_catch_them_all' returned '0': CMAKE_PREFIX_PATH=${CMAKE_PREFIX_PATH}:/home/barakooda/ros2_ws/install/my_py_pkg:/opt/ros/humble /usr/bin/cmake --install /home/barakooda/ros2_ws/build/turtlesim_catch_them_all
