[0.041s] Invoking command in '/home/barakooda/ros2_ws/build/my_cpp_pkg': CMAKE_PREFIX_PATH=${CMAKE_PREFIX_PATH}:/home/barakooda/ros2_ws/install/my_py_pkg:/opt/ros/humble /usr/bin/cmake --build /home/barakooda/ros2_ws/build/my_cpp_pkg -- -j8 -l8
[0.056s] -- Found ament_cmake: 1.3.7 (/opt/ros/humble/share/ament_cmake/cmake)
[0.151s] -- Found rclcpp: 16.0.8 (/opt/ros/humble/share/rclcpp/cmake)
[0.168s] -- Found rosidl_generator_c: 3.1.5 (/opt/ros/humble/share/rosidl_generator_c/cmake)
[0.170s] -- Found rosidl_adapter: 3.1.5 (/opt/ros/humble/share/rosidl_adapter/cmake)
[0.174s] -- Found rosidl_generator_cpp: 3.1.5 (/opt/ros/humble/share/rosidl_generator_cpp/cmake)
[0.181s] -- Using all available rosidl_typesupport_c: rosidl_typesupport_fastrtps_c;rosidl_typesupport_introspection_c
[0.191s] -- Using all available rosidl_typesupport_cpp: rosidl_typesupport_fastrtps_cpp;rosidl_typesupport_introspection_cpp
[0.228s] -- Found rmw_implementation_cmake: 6.1.1 (/opt/ros/humble/share/rmw_implementation_cmake/cmake)
[0.229s] -- Found rmw_fastrtps_cpp: 6.2.6 (/opt/ros/humble/share/rmw_fastrtps_cpp/cmake)
[0.305s] -- Using RMW implementation 'rmw_fastrtps_cpp' as default
[0.409s] -- Found example_interfaces: 0.9.3 (/opt/ros/humble/share/example_interfaces/cmake)
[0.492s] -- Found my_robot_interfaces: 0.0.0 (/home/barakooda/ros2_ws/install/my_robot_interfaces/share/my_robot_interfaces/cmake)
[0.550s] -- Configuring done
[0.571s] -- Generating done
[0.573s] -- Build files have been written to: /home/barakooda/ros2_ws/build/my_cpp_pkg
[0.592s] [35m[1mConsolidate compiler generated dependencies of target cpp_node[0m
[0.593s] [35m[1mConsolidate compiler generated dependencies of target number_publisher[0m
[0.593s] [35m[1mConsolidate compiler generated dependencies of target add_two_ints_client_no_opp[0m
[0.593s] [35m[1mConsolidate compiler generated dependencies of target robot_news_station[0m
[0.593s] [35m[1mConsolidate compiler generated dependencies of target smartphone[0m
[0.597s] [35m[1mConsolidate compiler generated dependencies of target add_two_ints_client[0m
[0.602s] [35m[1mConsolidate compiler generated dependencies of target add_two_ints_server[0m
[0.607s] [35m[1mConsolidate compiler generated dependencies of target number_counter[0m
[0.616s] [ 22%] Built target cpp_node
[0.620s] [ 22%] Built target robot_news_station
[0.621s] [ 33%] Built target number_publisher
[0.621s] [ 55%] Built target add_two_ints_server
[0.621s] [ 61%] Built target smartphone
[0.621s] [ 66%] Built target add_two_ints_client
[0.623s] [ 77%] Built target add_two_ints_client_no_opp
[0.625s] [ 88%] Built target number_counter
[0.629s] [35m[1mConsolidate compiler generated dependencies of target hw_status_publisher[0m
[0.643s] [ 94%] [32mBuilding CXX object CMakeFiles/hw_status_publisher.dir/src/hw_status_publisher.cpp.o[0m
[5.562s] [100%] [32m[1mLinking CXX executable hw_status_publisher[0m
[5.699s] [100%] Built target hw_status_publisher
[5.707s] Invoked command in '/home/barakooda/ros2_ws/build/my_cpp_pkg' returned '0': CMAKE_PREFIX_PATH=${CMAKE_PREFIX_PATH}:/home/barakooda/ros2_ws/install/my_py_pkg:/opt/ros/humble /usr/bin/cmake --build /home/barakooda/ros2_ws/build/my_cpp_pkg -- -j8 -l8
[5.744s] Invoking command in '/home/barakooda/ros2_ws/build/my_cpp_pkg': CMAKE_PREFIX_PATH=${CMAKE_PREFIX_PATH}:/home/barakooda/ros2_ws/install/my_py_pkg:/opt/ros/humble /usr/bin/cmake --install /home/barakooda/ros2_ws/build/my_cpp_pkg
[5.750s] -- Install configuration: ""
[5.751s] -- Up-to-date: /home/barakooda/ros2_ws/install/my_cpp_pkg/lib/my_cpp_pkg/cpp_node
[5.751s] -- Up-to-date: /home/barakooda/ros2_ws/install/my_cpp_pkg/lib/my_cpp_pkg/robot_news_station
[5.751s] -- Up-to-date: /home/barakooda/ros2_ws/install/my_cpp_pkg/lib/my_cpp_pkg/smartphone
[5.751s] -- Up-to-date: /home/barakooda/ros2_ws/install/my_cpp_pkg/lib/my_cpp_pkg/number_publisher
[5.751s] -- Up-to-date: /home/barakooda/ros2_ws/install/my_cpp_pkg/lib/my_cpp_pkg/number_counter
[5.751s] -- Up-to-date: /home/barakooda/ros2_ws/install/my_cpp_pkg/lib/my_cpp_pkg/add_two_ints_server
[5.755s] -- Up-to-date: /home/barakooda/ros2_ws/install/my_cpp_pkg/lib/my_cpp_pkg/add_two_ints_client_no_opp
[5.755s] -- Up-to-date: /home/barakooda/ros2_ws/install/my_cpp_pkg/lib/my_cpp_pkg/add_two_ints_client
[5.755s] -- Installing: /home/barakooda/ros2_ws/install/my_cpp_pkg/lib/my_cpp_pkg/hw_status_publisher
[5.755s] -- Set runtime path of "/home/barakooda/ros2_ws/install/my_cpp_pkg/lib/my_cpp_pkg/hw_status_publisher" to ""
[5.755s] -- Up-to-date: /home/barakooda/ros2_ws/install/my_cpp_pkg/share/ament_index/resource_index/package_run_dependencies/my_cpp_pkg
[5.755s] -- Up-to-date: /home/barakooda/ros2_ws/install/my_cpp_pkg/share/ament_index/resource_index/parent_prefix_path/my_cpp_pkg
[5.755s] -- Up-to-date: /home/barakooda/ros2_ws/install/my_cpp_pkg/share/my_cpp_pkg/environment/ament_prefix_path.sh
[5.755s] -- Installing: /home/barakooda/ros2_ws/install/my_cpp_pkg/share/my_cpp_pkg/environment/ament_prefix_path.dsv
[5.755s] -- Up-to-date: /home/barakooda/ros2_ws/install/my_cpp_pkg/share/my_cpp_pkg/environment/path.sh
[5.755s] -- Installing: /home/barakooda/ros2_ws/install/my_cpp_pkg/share/my_cpp_pkg/environment/path.dsv
[5.756s] -- Up-to-date: /home/barakooda/ros2_ws/install/my_cpp_pkg/share/my_cpp_pkg/local_setup.bash
[5.756s] -- Up-to-date: /home/barakooda/ros2_ws/install/my_cpp_pkg/share/my_cpp_pkg/local_setup.sh
[5.756s] -- Up-to-date: /home/barakooda/ros2_ws/install/my_cpp_pkg/share/my_cpp_pkg/local_setup.zsh
[5.756s] -- Installing: /home/barakooda/ros2_ws/install/my_cpp_pkg/share/my_cpp_pkg/local_setup.dsv
[5.756s] -- Installing: /home/barakooda/ros2_ws/install/my_cpp_pkg/share/my_cpp_pkg/package.dsv
[5.756s] -- Up-to-date: /home/barakooda/ros2_ws/install/my_cpp_pkg/share/ament_index/resource_index/packages/my_cpp_pkg
[5.756s] -- Up-to-date: /home/barakooda/ros2_ws/install/my_cpp_pkg/share/my_cpp_pkg/cmake/my_cpp_pkgConfig.cmake
[5.756s] -- Up-to-date: /home/barakooda/ros2_ws/install/my_cpp_pkg/share/my_cpp_pkg/cmake/my_cpp_pkgConfig-version.cmake
[5.757s] -- Up-to-date: /home/barakooda/ros2_ws/install/my_cpp_pkg/share/my_cpp_pkg/package.xml
[5.757s] Invoked command in '/home/barakooda/ros2_ws/build/my_cpp_pkg' returned '0': CMAKE_PREFIX_PATH=${CMAKE_PREFIX_PATH}:/home/barakooda/ros2_ws/install/my_py_pkg:/opt/ros/humble /usr/bin/cmake --install /home/barakooda/ros2_ws/build/my_cpp_pkg
