[0.563s] Invoking command in '/home/barakooda/ros2_ws/src/my_py_pkg': PYTHONPATH=/home/barakooda/ros2_ws/build/my_py_pkg/prefix_override:/home/barakooda/ros2_ws/install/my_py_pkg/lib/python3.10/site-packages:${PYTHONPATH} /usr/bin/python3 setup.py egg_info --egg-base ../../build/my_py_pkg build --build-base /home/barakooda/ros2_ws/build/my_py_pkg/build install --record /home/barakooda/ros2_ws/build/my_py_pkg/install.log --single-version-externally-managed
[0.717s] running egg_info
[0.718s] writing ../../build/my_py_pkg/my_py_pkg.egg-info/PKG-INFO
[0.718s] writing dependency_links to ../../build/my_py_pkg/my_py_pkg.egg-info/dependency_links.txt
[0.718s] writing entry points to ../../build/my_py_pkg/my_py_pkg.egg-info/entry_points.txt
[0.718s] writing requirements to ../../build/my_py_pkg/my_py_pkg.egg-info/requires.txt
[0.718s] writing top-level names to ../../build/my_py_pkg/my_py_pkg.egg-info/top_level.txt
[0.720s] reading manifest file '../../build/my_py_pkg/my_py_pkg.egg-info/SOURCES.txt'
[0.721s] writing manifest file '../../build/my_py_pkg/my_py_pkg.egg-info/SOURCES.txt'
[0.721s] running build
[0.721s] running build_py
[0.721s] copying my_py_pkg/my_first_node.py -> /home/barakooda/ros2_ws/build/my_py_pkg/build/lib/my_py_pkg
[0.722s] running install
[0.722s] running install_lib
[0.722s] copying /home/barakooda/ros2_ws/build/my_py_pkg/build/lib/my_py_pkg/my_first_node.py -> /home/barakooda/ros2_ws/install/my_py_pkg/lib/python3.10/site-packages/my_py_pkg
[0.723s] byte-compiling /home/barakooda/ros2_ws/install/my_py_pkg/lib/python3.10/site-packages/my_py_pkg/my_first_node.py to my_first_node.cpython-310.pyc
[0.723s] running install_data
[0.723s] running install_egg_info
[0.724s] removing '/home/barakooda/ros2_ws/install/my_py_pkg/lib/python3.10/site-packages/my_py_pkg-0.0.0-py3.10.egg-info' (and everything under it)
[0.724s] Copying ../../build/my_py_pkg/my_py_pkg.egg-info to /home/barakooda/ros2_ws/install/my_py_pkg/lib/python3.10/site-packages/my_py_pkg-0.0.0-py3.10.egg-info
[0.725s] running install_scripts
[0.739s] Installing py_node script to /home/barakooda/ros2_ws/install/my_py_pkg/lib/my_py_pkg
[0.739s] writing list of installed files to '/home/barakooda/ros2_ws/build/my_py_pkg/install.log'
[0.757s] Invoked command in '/home/barakooda/ros2_ws/src/my_py_pkg' returned '0': PYTHONPATH=/home/barakooda/ros2_ws/build/my_py_pkg/prefix_override:/home/barakooda/ros2_ws/install/my_py_pkg/lib/python3.10/site-packages:${PYTHONPATH} /usr/bin/python3 setup.py egg_info --egg-base ../../build/my_py_pkg build --build-base /home/barakooda/ros2_ws/build/my_py_pkg/build install --record /home/barakooda/ros2_ws/build/my_py_pkg/install.log --single-version-externally-managed
