[0.022s] Invoking command in '/home/barakooda/ros2_ws/build/turtlesim_catch_them_all': CMAKE_PREFIX_PATH=/home/barakooda/ros2_ws/install/my_robot_interfaces:/home/barakooda/ros2_ws/install/turtlesim_catch_them_all:/home/barakooda/ros2_ws/install/my_py_pkg:/opt/ros/humble /usr/bin/cmake --build /home/barakooda/ros2_ws/build/turtlesim_catch_them_all -- -j6 -l6
[0.091s] [35m[1mConsolidate compiler generated dependencies of target turtle_controller[0m
[0.108s] [ 25%] [32mBuilding CXX object CMakeFiles/turtle_spawner.dir/src/turtle_spawner.cpp.o[0m
[0.114s] [ 75%] Built target turtle_controller
[5.048s] [100%] [32m[1mLinking CXX executable turtle_spawner[0m
[5.268s] [100%] Built target turtle_spawner
[5.283s] Invoked command in '/home/barakooda/ros2_ws/build/turtlesim_catch_them_all' returned '0': CMAKE_PREFIX_PATH=/home/barakooda/ros2_ws/install/my_robot_interfaces:/home/barakooda/ros2_ws/install/turtlesim_catch_them_all:/home/barakooda/ros2_ws/install/my_py_pkg:/opt/ros/humble /usr/bin/cmake --build /home/barakooda/ros2_ws/build/turtlesim_catch_them_all -- -j6 -l6
[5.342s] Invoking command in '/home/barakooda/ros2_ws/build/turtlesim_catch_them_all': CMAKE_PREFIX_PATH=/home/barakooda/ros2_ws/install/my_robot_interfaces:/home/barakooda/ros2_ws/install/turtlesim_catch_them_all:/home/barakooda/ros2_ws/install/my_py_pkg:/opt/ros/humble /usr/bin/cmake --install /home/barakooda/ros2_ws/build/turtlesim_catch_them_all
[5.350s] -- Install configuration: ""
[5.351s] -- Execute custom install script
[5.351s] -- Up-to-date symlink: /home/barakooda/ros2_ws/install/turtlesim_catch_them_all/lib/turtlesim_catch_them_all/turtle_controller
[5.351s] -- Up-to-date symlink: /home/barakooda/ros2_ws/install/turtlesim_catch_them_all/lib/turtlesim_catch_them_all/turtle_spawner
[5.352s] -- Up-to-date symlink: /home/barakooda/ros2_ws/install/turtlesim_catch_them_all/share/ament_index/resource_index/package_run_dependencies/turtlesim_catch_them_all
[5.352s] -- Up-to-date symlink: /home/barakooda/ros2_ws/install/turtlesim_catch_them_all/share/ament_index/resource_index/parent_prefix_path/turtlesim_catch_them_all
[5.352s] -- Up-to-date symlink: /home/barakooda/ros2_ws/install/turtlesim_catch_them_all/share/turtlesim_catch_them_all/environment/ament_prefix_path.sh
[5.352s] -- Up-to-date symlink: /home/barakooda/ros2_ws/install/turtlesim_catch_them_all/share/turtlesim_catch_them_all/environment/ament_prefix_path.dsv
[5.352s] -- Up-to-date symlink: /home/barakooda/ros2_ws/install/turtlesim_catch_them_all/share/turtlesim_catch_them_all/environment/path.sh
[5.352s] -- Up-to-date symlink: /home/barakooda/ros2_ws/install/turtlesim_catch_them_all/share/turtlesim_catch_them_all/environment/path.dsv
[5.352s] -- Up-to-date symlink: /home/barakooda/ros2_ws/install/turtlesim_catch_them_all/share/turtlesim_catch_them_all/local_setup.bash
[5.352s] -- Up-to-date symlink: /home/barakooda/ros2_ws/install/turtlesim_catch_them_all/share/turtlesim_catch_them_all/local_setup.sh
[5.352s] -- Up-to-date symlink: /home/barakooda/ros2_ws/install/turtlesim_catch_them_all/share/turtlesim_catch_them_all/local_setup.zsh
[5.352s] -- Up-to-date symlink: /home/barakooda/ros2_ws/install/turtlesim_catch_them_all/share/turtlesim_catch_them_all/local_setup.dsv
[5.352s] -- Symlinking: /home/barakooda/ros2_ws/install/turtlesim_catch_them_all/share/turtlesim_catch_them_all/package.dsv
[5.359s] -- Up-to-date symlink: /home/barakooda/ros2_ws/install/turtlesim_catch_them_all/share/ament_index/resource_index/packages/turtlesim_catch_them_all
[5.359s] -- Up-to-date symlink: /home/barakooda/ros2_ws/install/turtlesim_catch_them_all/share/turtlesim_catch_them_all/cmake/turtlesim_catch_them_allConfig.cmake
[5.359s] -- Up-to-date symlink: /home/barakooda/ros2_ws/install/turtlesim_catch_them_all/share/turtlesim_catch_them_all/cmake/turtlesim_catch_them_allConfig-version.cmake
[5.359s] -- Up-to-date symlink: /home/barakooda/ros2_ws/install/turtlesim_catch_them_all/share/turtlesim_catch_them_all/package.xml
[5.364s] Invoked command in '/home/barakooda/ros2_ws/build/turtlesim_catch_them_all' returned '0': CMAKE_PREFIX_PATH=/home/barakooda/ros2_ws/install/my_robot_interfaces:/home/barakooda/ros2_ws/install/turtlesim_catch_them_all:/home/barakooda/ros2_ws/install/my_py_pkg:/opt/ros/humble /usr/bin/cmake --install /home/barakooda/ros2_ws/build/turtlesim_catch_them_all
