[0.038s] Invoking command in '/home/barakooda/ros2_ws/build/my_cpp_pkg': CMAKE_PREFIX_PATH=${CMAKE_PREFIX_PATH}:/home/barakooda/ros2_ws/install/my_py_pkg:/opt/ros/humble /usr/bin/cmake --build /home/barakooda/ros2_ws/build/my_cpp_pkg -- -j8 -l8
[0.072s] [35m[1mConsolidate compiler generated dependencies of target number_counter[0m
[0.081s] [ 12%] Built target smartphone
[0.082s] [ 25%] Built target number_publisher
[0.083s] [ 37%] Built target cpp_node
[0.085s] [ 50%] Built target robot_news_station
[0.085s] [ 62%] Built target add_two_ints_server
[0.091s] [ 75%] Built target add_two_ints_client
[0.094s] [ 87%] Built target add_two_ints_client_no_opp
[0.098s] [ 93%] [32mBuilding CXX object CMakeFiles/number_counter.dir/src/number_counter.cpp.o[0m
[6.475s] [100%] [32m[1mLinking CXX executable number_counter[0m
[6.787s] [100%] Built target number_counter
[6.797s] Invoked command in '/home/barakooda/ros2_ws/build/my_cpp_pkg' returned '0': CMAKE_PREFIX_PATH=${CMAKE_PREFIX_PATH}:/home/barakooda/ros2_ws/install/my_py_pkg:/opt/ros/humble /usr/bin/cmake --build /home/barakooda/ros2_ws/build/my_cpp_pkg -- -j8 -l8
[6.841s] Invoking command in '/home/barakooda/ros2_ws/build/my_cpp_pkg': CMAKE_PREFIX_PATH=${CMAKE_PREFIX_PATH}:/home/barakooda/ros2_ws/install/my_py_pkg:/opt/ros/humble /usr/bin/cmake --install /home/barakooda/ros2_ws/build/my_cpp_pkg
[6.847s] -- Install configuration: ""
[6.847s] -- Up-to-date: /home/barakooda/ros2_ws/install/my_cpp_pkg/lib/my_cpp_pkg/cpp_node
[6.847s] -- Up-to-date: /home/barakooda/ros2_ws/install/my_cpp_pkg/lib/my_cpp_pkg/robot_news_station
[6.847s] -- Up-to-date: /home/barakooda/ros2_ws/install/my_cpp_pkg/lib/my_cpp_pkg/smartphone
[6.847s] -- Up-to-date: /home/barakooda/ros2_ws/install/my_cpp_pkg/lib/my_cpp_pkg/number_publisher
[6.848s] -- Installing: /home/barakooda/ros2_ws/install/my_cpp_pkg/lib/my_cpp_pkg/number_counter
[6.852s] -- Set runtime path of "/home/barakooda/ros2_ws/install/my_cpp_pkg/lib/my_cpp_pkg/number_counter" to ""
[6.852s] -- Up-to-date: /home/barakooda/ros2_ws/install/my_cpp_pkg/lib/my_cpp_pkg/add_two_ints_server
[6.852s] -- Up-to-date: /home/barakooda/ros2_ws/install/my_cpp_pkg/lib/my_cpp_pkg/add_two_ints_client_no_opp
[6.852s] -- Up-to-date: /home/barakooda/ros2_ws/install/my_cpp_pkg/lib/my_cpp_pkg/add_two_ints_client
[6.852s] -- Up-to-date: /home/barakooda/ros2_ws/install/my_cpp_pkg/share/ament_index/resource_index/package_run_dependencies/my_cpp_pkg
[6.852s] -- Up-to-date: /home/barakooda/ros2_ws/install/my_cpp_pkg/share/ament_index/resource_index/parent_prefix_path/my_cpp_pkg
[6.852s] -- Up-to-date: /home/barakooda/ros2_ws/install/my_cpp_pkg/share/my_cpp_pkg/environment/ament_prefix_path.sh
[6.852s] -- Up-to-date: /home/barakooda/ros2_ws/install/my_cpp_pkg/share/my_cpp_pkg/environment/ament_prefix_path.dsv
[6.852s] -- Up-to-date: /home/barakooda/ros2_ws/install/my_cpp_pkg/share/my_cpp_pkg/environment/path.sh
[6.853s] -- Up-to-date: /home/barakooda/ros2_ws/install/my_cpp_pkg/share/my_cpp_pkg/environment/path.dsv
[6.853s] -- Up-to-date: /home/barakooda/ros2_ws/install/my_cpp_pkg/share/my_cpp_pkg/local_setup.bash
[6.853s] -- Up-to-date: /home/barakooda/ros2_ws/install/my_cpp_pkg/share/my_cpp_pkg/local_setup.sh
[6.853s] -- Up-to-date: /home/barakooda/ros2_ws/install/my_cpp_pkg/share/my_cpp_pkg/local_setup.zsh
[6.853s] -- Up-to-date: /home/barakooda/ros2_ws/install/my_cpp_pkg/share/my_cpp_pkg/local_setup.dsv
[6.853s] -- Installing: /home/barakooda/ros2_ws/install/my_cpp_pkg/share/my_cpp_pkg/package.dsv
[6.853s] -- Up-to-date: /home/barakooda/ros2_ws/install/my_cpp_pkg/share/ament_index/resource_index/packages/my_cpp_pkg
[6.853s] -- Up-to-date: /home/barakooda/ros2_ws/install/my_cpp_pkg/share/my_cpp_pkg/cmake/my_cpp_pkgConfig.cmake
[6.853s] -- Up-to-date: /home/barakooda/ros2_ws/install/my_cpp_pkg/share/my_cpp_pkg/cmake/my_cpp_pkgConfig-version.cmake
[6.853s] -- Up-to-date: /home/barakooda/ros2_ws/install/my_cpp_pkg/share/my_cpp_pkg/package.xml
[6.854s] Invoked command in '/home/barakooda/ros2_ws/build/my_cpp_pkg' returned '0': CMAKE_PREFIX_PATH=${CMAKE_PREFIX_PATH}:/home/barakooda/ros2_ws/install/my_py_pkg:/opt/ros/humble /usr/bin/cmake --install /home/barakooda/ros2_ws/build/my_cpp_pkg
