[0.038s] Invoking command in '/home/barakooda/ros2_ws/build/my_robot_bringup': AMENT_PREFIX_PATH=/home/barakooda/ros2_ws/install/my_cpp_pkg:/home/barakooda/ros2_ws/install/my_py_pkg:/home/barakooda/ros2_ws/install/turtlesim_catch_them_all:/home/barakooda/ros2_ws/install/my_robot_interfaces:/opt/ros/humble CMAKE_PREFIX_PATH=/home/barakooda/ros2_ws/install/turtlesim_catch_them_all:/home/barakooda/ros2_ws/install/my_cpp_pkg:/home/barakooda/ros2_ws/install/my_robot_interfaces:/home/barakooda/ros2_ws/install/my_py_pkg:/opt/ros/humble PYTHONPATH=/home/barakooda/ros2_ws/build/my_py_pkg:/home/barakooda/ros2_ws/install/my_py_pkg/lib/python3.10/site-packages:/home/barakooda/ros2_ws/install/my_robot_interfaces/local/lib/python3.10/dist-packages:/opt/ros/humble/lib/python3.10/site-packages:/opt/ros/humble/local/lib/python3.10/dist-packages /usr/bin/cmake /home/barakooda/ros2_ws/src/my_robot_bringup -DCMAKE_INSTALL_PREFIX=/home/barakooda/ros2_ws/install/my_robot_bringup
[0.315s] -- The C compiler identification is GNU 11.4.0
[0.596s] -- The CXX compiler identification is GNU 11.4.0
[0.612s] -- Detecting C compiler ABI info
[0.761s] -- Detecting C compiler ABI info - done
[0.766s] -- Check for working C compiler: /usr/bin/cc - skipped
[0.767s] -- Detecting C compile features
[0.768s] -- Detecting C compile features - done
[0.772s] -- Detecting CXX compiler ABI info
[0.969s] -- Detecting CXX compiler ABI info - done
[0.972s] -- Check for working CXX compiler: /usr/bin/c++ - skipped
[0.973s] -- Detecting CXX compile features
[0.973s] -- Detecting CXX compile features - done
[0.981s] -- Found ament_cmake: 1.3.8 (/opt/ros/humble/share/ament_cmake/cmake)
[1.125s] -- Found Python3: /usr/bin/python3 (found version "3.10.12") found components: Interpreter 
[1.254s] -- Configuring done
[1.256s] -- Generating done
[1.257s] -- Build files have been written to: /home/barakooda/ros2_ws/build/my_robot_bringup
[1.267s] Invoked command in '/home/barakooda/ros2_ws/build/my_robot_bringup' returned '0': AMENT_PREFIX_PATH=/home/barakooda/ros2_ws/install/my_cpp_pkg:/home/barakooda/ros2_ws/install/my_py_pkg:/home/barakooda/ros2_ws/install/turtlesim_catch_them_all:/home/barakooda/ros2_ws/install/my_robot_interfaces:/opt/ros/humble CMAKE_PREFIX_PATH=/home/barakooda/ros2_ws/install/turtlesim_catch_them_all:/home/barakooda/ros2_ws/install/my_cpp_pkg:/home/barakooda/ros2_ws/install/my_robot_interfaces:/home/barakooda/ros2_ws/install/my_py_pkg:/opt/ros/humble PYTHONPATH=/home/barakooda/ros2_ws/build/my_py_pkg:/home/barakooda/ros2_ws/install/my_py_pkg/lib/python3.10/site-packages:/home/barakooda/ros2_ws/install/my_robot_interfaces/local/lib/python3.10/dist-packages:/opt/ros/humble/lib/python3.10/site-packages:/opt/ros/humble/local/lib/python3.10/dist-packages /usr/bin/cmake /home/barakooda/ros2_ws/src/my_robot_bringup -DCMAKE_INSTALL_PREFIX=/home/barakooda/ros2_ws/install/my_robot_bringup
[1.268s] Invoking command in '/home/barakooda/ros2_ws/build/my_robot_bringup': AMENT_PREFIX_PATH=/home/barakooda/ros2_ws/install/my_cpp_pkg:/home/barakooda/ros2_ws/install/my_py_pkg:/home/barakooda/ros2_ws/install/turtlesim_catch_them_all:/home/barakooda/ros2_ws/install/my_robot_interfaces:/opt/ros/humble CMAKE_PREFIX_PATH=/home/barakooda/ros2_ws/install/turtlesim_catch_them_all:/home/barakooda/ros2_ws/install/my_cpp_pkg:/home/barakooda/ros2_ws/install/my_robot_interfaces:/home/barakooda/ros2_ws/install/my_py_pkg:/opt/ros/humble PYTHONPATH=/home/barakooda/ros2_ws/build/my_py_pkg:/home/barakooda/ros2_ws/install/my_py_pkg/lib/python3.10/site-packages:/home/barakooda/ros2_ws/install/my_robot_interfaces/local/lib/python3.10/dist-packages:/opt/ros/humble/lib/python3.10/site-packages:/opt/ros/humble/local/lib/python3.10/dist-packages /usr/bin/cmake --build /home/barakooda/ros2_ws/build/my_robot_bringup -- -j8 -l8
[1.310s] Invoked command in '/home/barakooda/ros2_ws/build/my_robot_bringup' returned '0': AMENT_PREFIX_PATH=/home/barakooda/ros2_ws/install/my_cpp_pkg:/home/barakooda/ros2_ws/install/my_py_pkg:/home/barakooda/ros2_ws/install/turtlesim_catch_them_all:/home/barakooda/ros2_ws/install/my_robot_interfaces:/opt/ros/humble CMAKE_PREFIX_PATH=/home/barakooda/ros2_ws/install/turtlesim_catch_them_all:/home/barakooda/ros2_ws/install/my_cpp_pkg:/home/barakooda/ros2_ws/install/my_robot_interfaces:/home/barakooda/ros2_ws/install/my_py_pkg:/opt/ros/humble PYTHONPATH=/home/barakooda/ros2_ws/build/my_py_pkg:/home/barakooda/ros2_ws/install/my_py_pkg/lib/python3.10/site-packages:/home/barakooda/ros2_ws/install/my_robot_interfaces/local/lib/python3.10/dist-packages:/opt/ros/humble/lib/python3.10/site-packages:/opt/ros/humble/local/lib/python3.10/dist-packages /usr/bin/cmake --build /home/barakooda/ros2_ws/build/my_robot_bringup -- -j8 -l8
[1.379s] Invoking command in '/home/barakooda/ros2_ws/build/my_robot_bringup': AMENT_PREFIX_PATH=/home/barakooda/ros2_ws/install/my_cpp_pkg:/home/barakooda/ros2_ws/install/my_py_pkg:/home/barakooda/ros2_ws/install/turtlesim_catch_them_all:/home/barakooda/ros2_ws/install/my_robot_interfaces:/opt/ros/humble CMAKE_PREFIX_PATH=/home/barakooda/ros2_ws/install/turtlesim_catch_them_all:/home/barakooda/ros2_ws/install/my_cpp_pkg:/home/barakooda/ros2_ws/install/my_robot_interfaces:/home/barakooda/ros2_ws/install/my_py_pkg:/opt/ros/humble PYTHONPATH=/home/barakooda/ros2_ws/build/my_py_pkg:/home/barakooda/ros2_ws/install/my_py_pkg/lib/python3.10/site-packages:/home/barakooda/ros2_ws/install/my_robot_interfaces/local/lib/python3.10/dist-packages:/opt/ros/humble/lib/python3.10/site-packages:/opt/ros/humble/local/lib/python3.10/dist-packages /usr/bin/cmake --install /home/barakooda/ros2_ws/build/my_robot_bringup
[1.387s] -- Install configuration: ""
[1.388s] -- Installing: /home/barakooda/ros2_ws/install/my_robot_bringup/share/my_robot_bringup/launch
[1.388s] -- Installing: /home/barakooda/ros2_ws/install/my_robot_bringup/share/my_robot_bringup/launch/turtlesim_catch_them_all.launch.py
[1.388s] -- Installing: /home/barakooda/ros2_ws/install/my_robot_bringup/share/my_robot_bringup/launch/my_robot_news.launch.py
[1.388s] -- Installing: /home/barakooda/ros2_ws/install/my_robot_bringup/share/ament_index/resource_index/package_run_dependencies/my_robot_bringup
[1.389s] -- Installing: /home/barakooda/ros2_ws/install/my_robot_bringup/share/ament_index/resource_index/parent_prefix_path/my_robot_bringup
[1.389s] -- Installing: /home/barakooda/ros2_ws/install/my_robot_bringup/share/my_robot_bringup/environment/ament_prefix_path.sh
[1.389s] -- Installing: /home/barakooda/ros2_ws/install/my_robot_bringup/share/my_robot_bringup/environment/ament_prefix_path.dsv
[1.389s] -- Installing: /home/barakooda/ros2_ws/install/my_robot_bringup/share/my_robot_bringup/environment/path.sh
[1.389s] -- Installing: /home/barakooda/ros2_ws/install/my_robot_bringup/share/my_robot_bringup/environment/path.dsv
[1.390s] -- Installing: /home/barakooda/ros2_ws/install/my_robot_bringup/share/my_robot_bringup/local_setup.bash
[1.390s] -- Installing: /home/barakooda/ros2_ws/install/my_robot_bringup/share/my_robot_bringup/local_setup.sh
[1.390s] -- Installing: /home/barakooda/ros2_ws/install/my_robot_bringup/share/my_robot_bringup/local_setup.zsh
[1.390s] -- Installing: /home/barakooda/ros2_ws/install/my_robot_bringup/share/my_robot_bringup/local_setup.dsv
[1.390s] -- Installing: /home/barakooda/ros2_ws/install/my_robot_bringup/share/my_robot_bringup/package.dsv
[1.390s] -- Installing: /home/barakooda/ros2_ws/install/my_robot_bringup/share/ament_index/resource_index/packages/my_robot_bringup
[1.390s] -- Installing: /home/barakooda/ros2_ws/install/my_robot_bringup/share/my_robot_bringup/cmake/my_robot_bringupConfig.cmake
[1.390s] -- Installing: /home/barakooda/ros2_ws/install/my_robot_bringup/share/my_robot_bringup/cmake/my_robot_bringupConfig-version.cmake
[1.391s] -- Installing: /home/barakooda/ros2_ws/install/my_robot_bringup/share/my_robot_bringup/package.xml
[1.392s] Invoked command in '/home/barakooda/ros2_ws/build/my_robot_bringup' returned '0': AMENT_PREFIX_PATH=/home/barakooda/ros2_ws/install/my_cpp_pkg:/home/barakooda/ros2_ws/install/my_py_pkg:/home/barakooda/ros2_ws/install/turtlesim_catch_them_all:/home/barakooda/ros2_ws/install/my_robot_interfaces:/opt/ros/humble CMAKE_PREFIX_PATH=/home/barakooda/ros2_ws/install/turtlesim_catch_them_all:/home/barakooda/ros2_ws/install/my_cpp_pkg:/home/barakooda/ros2_ws/install/my_robot_interfaces:/home/barakooda/ros2_ws/install/my_py_pkg:/opt/ros/humble PYTHONPATH=/home/barakooda/ros2_ws/build/my_py_pkg:/home/barakooda/ros2_ws/install/my_py_pkg/lib/python3.10/site-packages:/home/barakooda/ros2_ws/install/my_robot_interfaces/local/lib/python3.10/dist-packages:/opt/ros/humble/lib/python3.10/site-packages:/opt/ros/humble/local/lib/python3.10/dist-packages /usr/bin/cmake --install /home/barakooda/ros2_ws/build/my_robot_bringup
