[0.109s] DEBUG:colcon:Command line arguments: ['/usr/bin/colcon', 'build', '--symlink-install']
[0.109s] DEBUG:colcon:Parsed command line arguments: Namespace(log_base=None, log_level=None, verb_name='build', build_base='build', install_base='install', merge_install=False, symlink_install=True, test_result_base=None, continue_on_error=False, executor='parallel', parallel_workers=6, event_handlers=None, ignore_user_meta=False, metas=['./colcon.meta'], base_paths=['.'], packages_ignore=None, packages_ignore_regex=None, paths=None, packages_up_to=None, packages_up_to_regex=None, packages_above=None, packages_above_and_dependencies=None, packages_above_depth=None, packages_select_by_dep=None, packages_skip_by_dep=None, packages_skip_up_to=None, packages_select_build_failed=False, packages_skip_build_finished=False, packages_select_test_failures=False, packages_skip_test_passed=False, packages_select=None, packages_skip=None, packages_select_regex=None, packages_skip_regex=None, packages_start=None, packages_end=None, allow_overriding=[], cmake_args=None, cmake_target=None, cmake_target_skip_unavailable=False, cmake_clean_cache=False, cmake_clean_first=False, cmake_force_configure=False, ament_cmake_args=None, catkin_cmake_args=None, catkin_skip_building_tests=False, verb_parser=<colcon_defaults.argument_parser.defaults.DefaultArgumentsDecorator object at 0x7df923b3c370>, verb_extension=<colcon_core.verb.build.BuildVerb object at 0x7df923b07d30>, main=<bound method BuildVerb.main of <colcon_core.verb.build.BuildVerb object at 0x7df923b07d30>>)
[0.268s] Level 1:colcon.colcon_core.package_discovery:discover_packages(colcon_meta) check parameters
[0.268s] Level 1:colcon.colcon_core.package_discovery:discover_packages(recursive) check parameters
[0.268s] Level 1:colcon.colcon_core.package_discovery:discover_packages(ignore) check parameters
[0.268s] Level 1:colcon.colcon_core.package_discovery:discover_packages(path) check parameters
[0.268s] Level 1:colcon.colcon_core.package_discovery:discover_packages(colcon_meta) discover
[0.268s] Level 1:colcon.colcon_core.package_discovery:discover_packages(recursive) discover
[0.268s] INFO:colcon.colcon_core.package_discovery:Crawling recursively for packages in '/home/barakooda/ros2_ws'
[0.268s] Level 1:colcon.colcon_core.package_identification:_identify(.) by extensions ['ignore', 'ignore_ament_install']
[0.269s] Level 1:colcon.colcon_core.package_identification:_identify(.) by extension 'ignore'
[0.269s] Level 1:colcon.colcon_core.package_identification:_identify(.) by extension 'ignore_ament_install'
[0.269s] Level 1:colcon.colcon_core.package_identification:_identify(.) by extensions ['colcon_pkg']
[0.269s] Level 1:colcon.colcon_core.package_identification:_identify(.) by extension 'colcon_pkg'
[0.269s] Level 1:colcon.colcon_core.package_identification:_identify(.) by extensions ['colcon_meta']
[0.269s] Level 1:colcon.colcon_core.package_identification:_identify(.) by extension 'colcon_meta'
[0.269s] Level 1:colcon.colcon_core.package_identification:_identify(.) by extensions ['ros']
[0.269s] Level 1:colcon.colcon_core.package_identification:_identify(.) by extension 'ros'
[0.276s] Level 1:colcon.colcon_core.package_identification:_identify(.) by extensions ['cmake', 'python']
[0.276s] Level 1:colcon.colcon_core.package_identification:_identify(.) by extension 'cmake'
[0.276s] Level 1:colcon.colcon_core.package_identification:_identify(.) by extension 'python'
[0.276s] Level 1:colcon.colcon_core.package_identification:_identify(.) by extensions ['python_setup_py']
[0.276s] Level 1:colcon.colcon_core.package_identification:_identify(.) by extension 'python_setup_py'
[0.276s] Level 1:colcon.colcon_core.package_identification:_identify(build) by extensions ['ignore', 'ignore_ament_install']
[0.277s] Level 1:colcon.colcon_core.package_identification:_identify(build) by extension 'ignore'
[0.277s] Level 1:colcon.colcon_core.package_identification:_identify(build) ignored
[0.277s] Level 1:colcon.colcon_core.package_identification:_identify(install) by extensions ['ignore', 'ignore_ament_install']
[0.277s] Level 1:colcon.colcon_core.package_identification:_identify(install) by extension 'ignore'
[0.277s] Level 1:colcon.colcon_core.package_identification:_identify(install) ignored
[0.277s] Level 1:colcon.colcon_core.package_identification:_identify(log) by extensions ['ignore', 'ignore_ament_install']
[0.277s] Level 1:colcon.colcon_core.package_identification:_identify(log) by extension 'ignore'
[0.277s] Level 1:colcon.colcon_core.package_identification:_identify(log) ignored
[0.277s] Level 1:colcon.colcon_core.package_identification:_identify(src) by extensions ['ignore', 'ignore_ament_install']
[0.277s] Level 1:colcon.colcon_core.package_identification:_identify(src) by extension 'ignore'
[0.277s] Level 1:colcon.colcon_core.package_identification:_identify(src) by extension 'ignore_ament_install'
[0.277s] Level 1:colcon.colcon_core.package_identification:_identify(src) by extensions ['colcon_pkg']
[0.277s] Level 1:colcon.colcon_core.package_identification:_identify(src) by extension 'colcon_pkg'
[0.277s] Level 1:colcon.colcon_core.package_identification:_identify(src) by extensions ['colcon_meta']
[0.277s] Level 1:colcon.colcon_core.package_identification:_identify(src) by extension 'colcon_meta'
[0.277s] Level 1:colcon.colcon_core.package_identification:_identify(src) by extensions ['ros']
[0.277s] Level 1:colcon.colcon_core.package_identification:_identify(src) by extension 'ros'
[0.277s] Level 1:colcon.colcon_core.package_identification:_identify(src) by extensions ['cmake', 'python']
[0.277s] Level 1:colcon.colcon_core.package_identification:_identify(src) by extension 'cmake'
[0.277s] Level 1:colcon.colcon_core.package_identification:_identify(src) by extension 'python'
[0.277s] Level 1:colcon.colcon_core.package_identification:_identify(src) by extensions ['python_setup_py']
[0.277s] Level 1:colcon.colcon_core.package_identification:_identify(src) by extension 'python_setup_py'
[0.277s] Level 1:colcon.colcon_core.package_identification:_identify(src/my_cpp_pkg) by extensions ['ignore', 'ignore_ament_install']
[0.277s] Level 1:colcon.colcon_core.package_identification:_identify(src/my_cpp_pkg) by extension 'ignore'
[0.278s] Level 1:colcon.colcon_core.package_identification:_identify(src/my_cpp_pkg) by extension 'ignore_ament_install'
[0.278s] Level 1:colcon.colcon_core.package_identification:_identify(src/my_cpp_pkg) by extensions ['colcon_pkg']
[0.278s] Level 1:colcon.colcon_core.package_identification:_identify(src/my_cpp_pkg) by extension 'colcon_pkg'
[0.278s] Level 1:colcon.colcon_core.package_identification:_identify(src/my_cpp_pkg) by extensions ['colcon_meta']
[0.278s] Level 1:colcon.colcon_core.package_identification:_identify(src/my_cpp_pkg) by extension 'colcon_meta'
[0.278s] Level 1:colcon.colcon_core.package_identification:_identify(src/my_cpp_pkg) by extensions ['ros']
[0.278s] Level 1:colcon.colcon_core.package_identification:_identify(src/my_cpp_pkg) by extension 'ros'
[0.279s] DEBUG:colcon.colcon_core.package_identification:Package 'src/my_cpp_pkg' with type 'ros.ament_cmake' and name 'my_cpp_pkg'
[0.279s] Level 1:colcon.colcon_core.package_identification:_identify(src/my_py_pkg) by extensions ['ignore', 'ignore_ament_install']
[0.279s] Level 1:colcon.colcon_core.package_identification:_identify(src/my_py_pkg) by extension 'ignore'
[0.279s] Level 1:colcon.colcon_core.package_identification:_identify(src/my_py_pkg) by extension 'ignore_ament_install'
[0.279s] Level 1:colcon.colcon_core.package_identification:_identify(src/my_py_pkg) by extensions ['colcon_pkg']
[0.279s] Level 1:colcon.colcon_core.package_identification:_identify(src/my_py_pkg) by extension 'colcon_pkg'
[0.280s] Level 1:colcon.colcon_core.package_identification:_identify(src/my_py_pkg) by extensions ['colcon_meta']
[0.280s] Level 1:colcon.colcon_core.package_identification:_identify(src/my_py_pkg) by extension 'colcon_meta'
[0.280s] Level 1:colcon.colcon_core.package_identification:_identify(src/my_py_pkg) by extensions ['ros']
[0.280s] Level 1:colcon.colcon_core.package_identification:_identify(src/my_py_pkg) by extension 'ros'
[0.280s] DEBUG:colcon.colcon_core.package_identification:Package 'src/my_py_pkg' with type 'ros.ament_python' and name 'my_py_pkg'
[0.280s] Level 1:colcon.colcon_core.package_identification:_identify(src/my_robot_bringup) by extensions ['ignore', 'ignore_ament_install']
[0.280s] Level 1:colcon.colcon_core.package_identification:_identify(src/my_robot_bringup) by extension 'ignore'
[0.280s] Level 1:colcon.colcon_core.package_identification:_identify(src/my_robot_bringup) by extension 'ignore_ament_install'
[0.280s] Level 1:colcon.colcon_core.package_identification:_identify(src/my_robot_bringup) by extensions ['colcon_pkg']
[0.280s] Level 1:colcon.colcon_core.package_identification:_identify(src/my_robot_bringup) by extension 'colcon_pkg'
[0.280s] Level 1:colcon.colcon_core.package_identification:_identify(src/my_robot_bringup) by extensions ['colcon_meta']
[0.280s] Level 1:colcon.colcon_core.package_identification:_identify(src/my_robot_bringup) by extension 'colcon_meta'
[0.280s] Level 1:colcon.colcon_core.package_identification:_identify(src/my_robot_bringup) by extensions ['ros']
[0.280s] Level 1:colcon.colcon_core.package_identification:_identify(src/my_robot_bringup) by extension 'ros'
[0.281s] DEBUG:colcon.colcon_core.package_identification:Package 'src/my_robot_bringup' with type 'ros.ament_cmake' and name 'my_robot_bringup'
[0.281s] Level 1:colcon.colcon_core.package_identification:_identify(src/my_robot_interfaces) by extensions ['ignore', 'ignore_ament_install']
[0.281s] Level 1:colcon.colcon_core.package_identification:_identify(src/my_robot_interfaces) by extension 'ignore'
[0.281s] Level 1:colcon.colcon_core.package_identification:_identify(src/my_robot_interfaces) by extension 'ignore_ament_install'
[0.281s] Level 1:colcon.colcon_core.package_identification:_identify(src/my_robot_interfaces) by extensions ['colcon_pkg']
[0.281s] Level 1:colcon.colcon_core.package_identification:_identify(src/my_robot_interfaces) by extension 'colcon_pkg'
[0.281s] Level 1:colcon.colcon_core.package_identification:_identify(src/my_robot_interfaces) by extensions ['colcon_meta']
[0.281s] Level 1:colcon.colcon_core.package_identification:_identify(src/my_robot_interfaces) by extension 'colcon_meta'
[0.281s] Level 1:colcon.colcon_core.package_identification:_identify(src/my_robot_interfaces) by extensions ['ros']
[0.281s] Level 1:colcon.colcon_core.package_identification:_identify(src/my_robot_interfaces) by extension 'ros'
[0.281s] DEBUG:colcon.colcon_core.package_identification:Package 'src/my_robot_interfaces' with type 'ros.ament_cmake' and name 'my_robot_interfaces'
[0.281s] Level 1:colcon.colcon_core.package_identification:_identify(src/my_robot_starter) by extensions ['ignore', 'ignore_ament_install']
[0.281s] Level 1:colcon.colcon_core.package_identification:_identify(src/my_robot_starter) by extension 'ignore'
[0.281s] Level 1:colcon.colcon_core.package_identification:_identify(src/my_robot_starter) by extension 'ignore_ament_install'
[0.281s] Level 1:colcon.colcon_core.package_identification:_identify(src/my_robot_starter) by extensions ['colcon_pkg']
[0.281s] Level 1:colcon.colcon_core.package_identification:_identify(src/my_robot_starter) by extension 'colcon_pkg'
[0.281s] Level 1:colcon.colcon_core.package_identification:_identify(src/my_robot_starter) by extensions ['colcon_meta']
[0.281s] Level 1:colcon.colcon_core.package_identification:_identify(src/my_robot_starter) by extension 'colcon_meta'
[0.281s] Level 1:colcon.colcon_core.package_identification:_identify(src/my_robot_starter) by extensions ['ros']
[0.281s] Level 1:colcon.colcon_core.package_identification:_identify(src/my_robot_starter) by extension 'ros'
[0.282s] DEBUG:colcon.colcon_core.package_identification:Package 'src/my_robot_starter' with type 'ros.ament_cmake' and name 'my_robot_starter'
[0.282s] Level 1:colcon.colcon_core.package_identification:_identify(src/turtlesim_catch_them_all) by extensions ['ignore', 'ignore_ament_install']
[0.282s] Level 1:colcon.colcon_core.package_identification:_identify(src/turtlesim_catch_them_all) by extension 'ignore'
[0.282s] Level 1:colcon.colcon_core.package_identification:_identify(src/turtlesim_catch_them_all) by extension 'ignore_ament_install'
[0.282s] Level 1:colcon.colcon_core.package_identification:_identify(src/turtlesim_catch_them_all) by extensions ['colcon_pkg']
[0.282s] Level 1:colcon.colcon_core.package_identification:_identify(src/turtlesim_catch_them_all) by extension 'colcon_pkg'
[0.282s] Level 1:colcon.colcon_core.package_identification:_identify(src/turtlesim_catch_them_all) by extensions ['colcon_meta']
[0.282s] Level 1:colcon.colcon_core.package_identification:_identify(src/turtlesim_catch_them_all) by extension 'colcon_meta'
[0.282s] Level 1:colcon.colcon_core.package_identification:_identify(src/turtlesim_catch_them_all) by extensions ['ros']
[0.282s] Level 1:colcon.colcon_core.package_identification:_identify(src/turtlesim_catch_them_all) by extension 'ros'
[0.282s] DEBUG:colcon.colcon_core.package_identification:Package 'src/turtlesim_catch_them_all' with type 'ros.ament_cmake' and name 'turtlesim_catch_them_all'
[0.282s] Level 1:colcon.colcon_core.package_discovery:discover_packages(recursive) using defaults
[0.282s] Level 1:colcon.colcon_core.package_discovery:discover_packages(ignore) discover
[0.282s] Level 1:colcon.colcon_core.package_discovery:discover_packages(ignore) using defaults
[0.282s] Level 1:colcon.colcon_core.package_discovery:discover_packages(path) discover
[0.283s] Level 1:colcon.colcon_core.package_discovery:discover_packages(path) using defaults
[0.302s] Level 1:colcon.colcon_core.package_discovery:discover_packages(prefix_path) check parameters
[0.302s] Level 1:colcon.colcon_core.package_discovery:discover_packages(prefix_path) discover
[0.302s] WARNING:colcon.colcon_core.prefix_path.colcon:The path '/home/barakooda/install' in the environment variable COLCON_PREFIX_PATH doesn't exist
[0.302s] WARNING:colcon.colcon_ros.prefix_path.ament:The path '/home/barakooda/ros2_ws/install/turtlesim_catch_them_all' in the environment variable AMENT_PREFIX_PATH doesn't exist
[0.303s] WARNING:colcon.colcon_ros.prefix_path.ament:The path '/home/barakooda/ros2_ws/install/my_robot_starter' in the environment variable AMENT_PREFIX_PATH doesn't exist
[0.303s] WARNING:colcon.colcon_ros.prefix_path.ament:The path '/home/barakooda/ros2_ws/install/my_robot_bringup' in the environment variable AMENT_PREFIX_PATH doesn't exist
[0.303s] WARNING:colcon.colcon_ros.prefix_path.ament:The path '/home/barakooda/ros2_ws/install/my_py_pkg' in the environment variable AMENT_PREFIX_PATH doesn't exist
[0.303s] WARNING:colcon.colcon_ros.prefix_path.ament:The path '/home/barakooda/ros2_ws/install/my_cpp_pkg' in the environment variable AMENT_PREFIX_PATH doesn't exist
[0.303s] WARNING:colcon.colcon_ros.prefix_path.ament:The path '/home/barakooda/install/my_cpp_pkg' in the environment variable AMENT_PREFIX_PATH doesn't exist
[0.303s] WARNING:colcon.colcon_ros.prefix_path.ament:The path '/home/barakooda/install/my_robot_interfaces' in the environment variable AMENT_PREFIX_PATH doesn't exist
[0.303s] WARNING:colcon.colcon_ros.prefix_path.catkin:The path '/home/barakooda/ros2_ws/install/turtlesim_catch_them_all' in the environment variable CMAKE_PREFIX_PATH doesn't exist
[0.303s] WARNING:colcon.colcon_ros.prefix_path.catkin:The path '/home/barakooda/ros2_ws/install/my_robot_starter' in the environment variable CMAKE_PREFIX_PATH doesn't exist
[0.303s] WARNING:colcon.colcon_ros.prefix_path.catkin:The path '/home/barakooda/ros2_ws/install/my_robot_bringup' in the environment variable CMAKE_PREFIX_PATH doesn't exist
[0.303s] WARNING:colcon.colcon_ros.prefix_path.catkin:The path '/home/barakooda/ros2_ws/install/my_cpp_pkg' in the environment variable CMAKE_PREFIX_PATH doesn't exist
[0.303s] WARNING:colcon.colcon_ros.prefix_path.catkin:The path '/home/barakooda/install/my_cpp_pkg' in the environment variable CMAKE_PREFIX_PATH doesn't exist
[0.303s] WARNING:colcon.colcon_ros.prefix_path.catkin:The path '/home/barakooda/install/my_robot_interfaces' in the environment variable CMAKE_PREFIX_PATH doesn't exist
[0.304s] DEBUG:colcon.colcon_installed_package_information.package_discovery:Found 0 installed packages in /home/barakooda/ros2_ws/install
[0.304s] DEBUG:colcon.colcon_installed_package_information.package_discovery:Found 270 installed packages in /opt/ros/humble
[0.305s] Level 1:colcon.colcon_core.package_discovery:discover_packages(prefix_path) using defaults
[0.327s] Level 5:colcon.colcon_core.verb:set package 'my_py_pkg' build argument 'cmake_args' from command line to 'None'
[0.327s] Level 5:colcon.colcon_core.verb:set package 'my_py_pkg' build argument 'cmake_target' from command line to 'None'
[0.327s] Level 5:colcon.colcon_core.verb:set package 'my_py_pkg' build argument 'cmake_target_skip_unavailable' from command line to 'False'
[0.327s] Level 5:colcon.colcon_core.verb:set package 'my_py_pkg' build argument 'cmake_clean_cache' from command line to 'False'
[0.327s] Level 5:colcon.colcon_core.verb:set package 'my_py_pkg' build argument 'cmake_clean_first' from command line to 'False'
[0.327s] Level 5:colcon.colcon_core.verb:set package 'my_py_pkg' build argument 'cmake_force_configure' from command line to 'False'
[0.327s] Level 5:colcon.colcon_core.verb:set package 'my_py_pkg' build argument 'ament_cmake_args' from command line to 'None'
[0.327s] Level 5:colcon.colcon_core.verb:set package 'my_py_pkg' build argument 'catkin_cmake_args' from command line to 'None'
[0.327s] Level 5:colcon.colcon_core.verb:set package 'my_py_pkg' build argument 'catkin_skip_building_tests' from command line to 'False'
[0.327s] DEBUG:colcon.colcon_core.verb:Building package 'my_py_pkg' with the following arguments: {'ament_cmake_args': None, 'build_base': '/home/barakooda/ros2_ws/build/my_py_pkg', 'catkin_cmake_args': None, 'catkin_skip_building_tests': False, 'cmake_args': None, 'cmake_clean_cache': False, 'cmake_clean_first': False, 'cmake_force_configure': False, 'cmake_target': None, 'cmake_target_skip_unavailable': False, 'install_base': '/home/barakooda/ros2_ws/install/my_py_pkg', 'merge_install': False, 'path': '/home/barakooda/ros2_ws/src/my_py_pkg', 'symlink_install': True, 'test_result_base': None}
[0.328s] Level 5:colcon.colcon_core.verb:set package 'my_robot_interfaces' build argument 'cmake_args' from command line to 'None'
[0.328s] Level 5:colcon.colcon_core.verb:set package 'my_robot_interfaces' build argument 'cmake_target' from command line to 'None'
[0.328s] Level 5:colcon.colcon_core.verb:set package 'my_robot_interfaces' build argument 'cmake_target_skip_unavailable' from command line to 'False'
[0.328s] Level 5:colcon.colcon_core.verb:set package 'my_robot_interfaces' build argument 'cmake_clean_cache' from command line to 'False'
[0.328s] Level 5:colcon.colcon_core.verb:set package 'my_robot_interfaces' build argument 'cmake_clean_first' from command line to 'False'
[0.328s] Level 5:colcon.colcon_core.verb:set package 'my_robot_interfaces' build argument 'cmake_force_configure' from command line to 'False'
[0.328s] Level 5:colcon.colcon_core.verb:set package 'my_robot_interfaces' build argument 'ament_cmake_args' from command line to 'None'
[0.328s] Level 5:colcon.colcon_core.verb:set package 'my_robot_interfaces' build argument 'catkin_cmake_args' from command line to 'None'
[0.328s] Level 5:colcon.colcon_core.verb:set package 'my_robot_interfaces' build argument 'catkin_skip_building_tests' from command line to 'False'
[0.328s] DEBUG:colcon.colcon_core.verb:Building package 'my_robot_interfaces' with the following arguments: {'ament_cmake_args': None, 'build_base': '/home/barakooda/ros2_ws/build/my_robot_interfaces', 'catkin_cmake_args': None, 'catkin_skip_building_tests': False, 'cmake_args': None, 'cmake_clean_cache': False, 'cmake_clean_first': False, 'cmake_force_configure': False, 'cmake_target': None, 'cmake_target_skip_unavailable': False, 'install_base': '/home/barakooda/ros2_ws/install/my_robot_interfaces', 'merge_install': False, 'path': '/home/barakooda/ros2_ws/src/my_robot_interfaces', 'symlink_install': True, 'test_result_base': None}
[0.328s] Level 5:colcon.colcon_core.verb:set package 'my_cpp_pkg' build argument 'cmake_args' from command line to 'None'
[0.328s] Level 5:colcon.colcon_core.verb:set package 'my_cpp_pkg' build argument 'cmake_target' from command line to 'None'
[0.328s] Level 5:colcon.colcon_core.verb:set package 'my_cpp_pkg' build argument 'cmake_target_skip_unavailable' from command line to 'False'
[0.328s] Level 5:colcon.colcon_core.verb:set package 'my_cpp_pkg' build argument 'cmake_clean_cache' from command line to 'False'
[0.328s] Level 5:colcon.colcon_core.verb:set package 'my_cpp_pkg' build argument 'cmake_clean_first' from command line to 'False'
[0.328s] Level 5:colcon.colcon_core.verb:set package 'my_cpp_pkg' build argument 'cmake_force_configure' from command line to 'False'
[0.328s] Level 5:colcon.colcon_core.verb:set package 'my_cpp_pkg' build argument 'ament_cmake_args' from command line to 'None'
[0.328s] Level 5:colcon.colcon_core.verb:set package 'my_cpp_pkg' build argument 'catkin_cmake_args' from command line to 'None'
[0.328s] Level 5:colcon.colcon_core.verb:set package 'my_cpp_pkg' build argument 'catkin_skip_building_tests' from command line to 'False'
[0.328s] DEBUG:colcon.colcon_core.verb:Building package 'my_cpp_pkg' with the following arguments: {'ament_cmake_args': None, 'build_base': '/home/barakooda/ros2_ws/build/my_cpp_pkg', 'catkin_cmake_args': None, 'catkin_skip_building_tests': False, 'cmake_args': None, 'cmake_clean_cache': False, 'cmake_clean_first': False, 'cmake_force_configure': False, 'cmake_target': None, 'cmake_target_skip_unavailable': False, 'install_base': '/home/barakooda/ros2_ws/install/my_cpp_pkg', 'merge_install': False, 'path': '/home/barakooda/ros2_ws/src/my_cpp_pkg', 'symlink_install': True, 'test_result_base': None}
[0.328s] Level 5:colcon.colcon_core.verb:set package 'turtlesim_catch_them_all' build argument 'cmake_args' from command line to 'None'
[0.328s] Level 5:colcon.colcon_core.verb:set package 'turtlesim_catch_them_all' build argument 'cmake_target' from command line to 'None'
[0.328s] Level 5:colcon.colcon_core.verb:set package 'turtlesim_catch_them_all' build argument 'cmake_target_skip_unavailable' from command line to 'False'
[0.328s] Level 5:colcon.colcon_core.verb:set package 'turtlesim_catch_them_all' build argument 'cmake_clean_cache' from command line to 'False'
[0.328s] Level 5:colcon.colcon_core.verb:set package 'turtlesim_catch_them_all' build argument 'cmake_clean_first' from command line to 'False'
[0.328s] Level 5:colcon.colcon_core.verb:set package 'turtlesim_catch_them_all' build argument 'cmake_force_configure' from command line to 'False'
[0.328s] Level 5:colcon.colcon_core.verb:set package 'turtlesim_catch_them_all' build argument 'ament_cmake_args' from command line to 'None'
[0.328s] Level 5:colcon.colcon_core.verb:set package 'turtlesim_catch_them_all' build argument 'catkin_cmake_args' from command line to 'None'
[0.328s] Level 5:colcon.colcon_core.verb:set package 'turtlesim_catch_them_all' build argument 'catkin_skip_building_tests' from command line to 'False'
[0.328s] DEBUG:colcon.colcon_core.verb:Building package 'turtlesim_catch_them_all' with the following arguments: {'ament_cmake_args': None, 'build_base': '/home/barakooda/ros2_ws/build/turtlesim_catch_them_all', 'catkin_cmake_args': None, 'catkin_skip_building_tests': False, 'cmake_args': None, 'cmake_clean_cache': False, 'cmake_clean_first': False, 'cmake_force_configure': False, 'cmake_target': None, 'cmake_target_skip_unavailable': False, 'install_base': '/home/barakooda/ros2_ws/install/turtlesim_catch_them_all', 'merge_install': False, 'path': '/home/barakooda/ros2_ws/src/turtlesim_catch_them_all', 'symlink_install': True, 'test_result_base': None}
[0.329s] Level 5:colcon.colcon_core.verb:set package 'my_robot_bringup' build argument 'cmake_args' from command line to 'None'
[0.329s] Level 5:colcon.colcon_core.verb:set package 'my_robot_bringup' build argument 'cmake_target' from command line to 'None'
[0.329s] Level 5:colcon.colcon_core.verb:set package 'my_robot_bringup' build argument 'cmake_target_skip_unavailable' from command line to 'False'
[0.329s] Level 5:colcon.colcon_core.verb:set package 'my_robot_bringup' build argument 'cmake_clean_cache' from command line to 'False'
[0.329s] Level 5:colcon.colcon_core.verb:set package 'my_robot_bringup' build argument 'cmake_clean_first' from command line to 'False'
[0.329s] Level 5:colcon.colcon_core.verb:set package 'my_robot_bringup' build argument 'cmake_force_configure' from command line to 'False'
[0.329s] Level 5:colcon.colcon_core.verb:set package 'my_robot_bringup' build argument 'ament_cmake_args' from command line to 'None'
[0.329s] Level 5:colcon.colcon_core.verb:set package 'my_robot_bringup' build argument 'catkin_cmake_args' from command line to 'None'
[0.329s] Level 5:colcon.colcon_core.verb:set package 'my_robot_bringup' build argument 'catkin_skip_building_tests' from command line to 'False'
[0.329s] DEBUG:colcon.colcon_core.verb:Building package 'my_robot_bringup' with the following arguments: {'ament_cmake_args': None, 'build_base': '/home/barakooda/ros2_ws/build/my_robot_bringup', 'catkin_cmake_args': None, 'catkin_skip_building_tests': False, 'cmake_args': None, 'cmake_clean_cache': False, 'cmake_clean_first': False, 'cmake_force_configure': False, 'cmake_target': None, 'cmake_target_skip_unavailable': False, 'install_base': '/home/barakooda/ros2_ws/install/my_robot_bringup', 'merge_install': False, 'path': '/home/barakooda/ros2_ws/src/my_robot_bringup', 'symlink_install': True, 'test_result_base': None}
[0.329s] Level 5:colcon.colcon_core.verb:set package 'my_robot_starter' build argument 'cmake_args' from command line to 'None'
[0.329s] Level 5:colcon.colcon_core.verb:set package 'my_robot_starter' build argument 'cmake_target' from command line to 'None'
[0.329s] Level 5:colcon.colcon_core.verb:set package 'my_robot_starter' build argument 'cmake_target_skip_unavailable' from command line to 'False'
[0.329s] Level 5:colcon.colcon_core.verb:set package 'my_robot_starter' build argument 'cmake_clean_cache' from command line to 'False'
[0.329s] Level 5:colcon.colcon_core.verb:set package 'my_robot_starter' build argument 'cmake_clean_first' from command line to 'False'
[0.329s] Level 5:colcon.colcon_core.verb:set package 'my_robot_starter' build argument 'cmake_force_configure' from command line to 'False'
[0.329s] Level 5:colcon.colcon_core.verb:set package 'my_robot_starter' build argument 'ament_cmake_args' from command line to 'None'
[0.329s] Level 5:colcon.colcon_core.verb:set package 'my_robot_starter' build argument 'catkin_cmake_args' from command line to 'None'
[0.329s] Level 5:colcon.colcon_core.verb:set package 'my_robot_starter' build argument 'catkin_skip_building_tests' from command line to 'False'
[0.329s] DEBUG:colcon.colcon_core.verb:Building package 'my_robot_starter' with the following arguments: {'ament_cmake_args': None, 'build_base': '/home/barakooda/ros2_ws/build/my_robot_starter', 'catkin_cmake_args': None, 'catkin_skip_building_tests': False, 'cmake_args': None, 'cmake_clean_cache': False, 'cmake_clean_first': False, 'cmake_force_configure': False, 'cmake_target': None, 'cmake_target_skip_unavailable': False, 'install_base': '/home/barakooda/ros2_ws/install/my_robot_starter', 'merge_install': False, 'path': '/home/barakooda/ros2_ws/src/my_robot_starter', 'symlink_install': True, 'test_result_base': None}
[0.329s] INFO:colcon.colcon_core.executor:Executing jobs using 'parallel' executor
[0.330s] DEBUG:colcon.colcon_parallel_executor.executor.parallel:run_until_complete
[0.331s] INFO:colcon.colcon_ros.task.ament_cmake.build:Building ROS package in '/home/barakooda/ros2_ws/src/my_robot_interfaces' with build type 'ament_cmake'
[0.331s] INFO:colcon.colcon_cmake.task.cmake.build:Building CMake package in '/home/barakooda/ros2_ws/src/my_robot_interfaces'
[0.333s] INFO:colcon.colcon_core.plugin_system:Skipping extension 'colcon_core.shell.bat': Not used on non-Windows systems
[0.333s] INFO:colcon.colcon_core.shell:Skip shell extension 'powershell' for command environment: Not usable outside of PowerShell
[0.333s] DEBUG:colcon.colcon_core.shell:Skip shell extension 'dsv' for command environment
[0.336s] INFO:colcon.colcon_ros.task.ament_python.build:Building ROS package in '/home/barakooda/ros2_ws/src/my_py_pkg' with build type 'ament_python'
[0.336s] Level 1:colcon.colcon_core.shell:create_environment_hook('my_py_pkg', 'ament_prefix_path')
[0.336s] INFO:colcon.colcon_core.shell:Creating environment hook '/home/barakooda/ros2_ws/install/my_py_pkg/share/my_py_pkg/hook/ament_prefix_path.ps1'
[0.337s] INFO:colcon.colcon_core.shell:Creating environment descriptor '/home/barakooda/ros2_ws/install/my_py_pkg/share/my_py_pkg/hook/ament_prefix_path.dsv'
[0.337s] INFO:colcon.colcon_core.shell:Creating environment hook '/home/barakooda/ros2_ws/install/my_py_pkg/share/my_py_pkg/hook/ament_prefix_path.sh'
[0.338s] INFO:colcon.colcon_core.shell:Skip shell extension 'powershell' for command environment: Not usable outside of PowerShell
[0.338s] DEBUG:colcon.colcon_core.shell:Skip shell extension 'dsv' for command environment
[0.345s] DEBUG:colcon.colcon_core.event_handler.log_command:Invoking command in '/home/barakooda/ros2_ws/build/my_robot_interfaces': CMAKE_PREFIX_PATH=${CMAKE_PREFIX_PATH}:/home/barakooda/ros2_ws/install/my_py_pkg:/opt/ros/humble /usr/bin/cmake /home/barakooda/ros2_ws/src/my_robot_interfaces -DAMENT_CMAKE_SYMLINK_INSTALL=1 -DCMAKE_INSTALL_PREFIX=/home/barakooda/ros2_ws/install/my_robot_interfaces
[0.633s] INFO:colcon.colcon_core.task.python.build:Building Python package in '/home/barakooda/ros2_ws/src/my_py_pkg'
[0.633s] INFO:colcon.colcon_core.shell:Skip shell extension 'powershell' for command environment: Not usable outside of PowerShell
[0.633s] DEBUG:colcon.colcon_core.shell:Skip shell extension 'dsv' for command environment
[1.168s] DEBUG:colcon.colcon_core.event_handler.log_command:Invoking command in '/home/barakooda/ros2_ws/build/my_py_pkg': PYTHONPATH=/home/barakooda/ros2_ws/build/my_py_pkg/prefix_override:/home/barakooda/ros2_ws/install/my_py_pkg/lib/python3.10/site-packages:${PYTHONPATH} /usr/bin/python3 -W ignore:setup.py install is deprecated setup.py develop --editable --build-directory /home/barakooda/ros2_ws/build/my_py_pkg/build --no-deps symlink_data
[1.519s] Level 1:colcon.colcon_core.shell:create_environment_hook('my_py_pkg', 'pythonpath_develop')
[1.520s] DEBUG:colcon.colcon_core.event_handler.log_command:Invoked command in '/home/barakooda/ros2_ws/build/my_py_pkg' returned '0': PYTHONPATH=/home/barakooda/ros2_ws/build/my_py_pkg/prefix_override:/home/barakooda/ros2_ws/install/my_py_pkg/lib/python3.10/site-packages:${PYTHONPATH} /usr/bin/python3 -W ignore:setup.py install is deprecated setup.py develop --editable --build-directory /home/barakooda/ros2_ws/build/my_py_pkg/build --no-deps symlink_data
[1.520s] INFO:colcon.colcon_core.shell:Creating environment hook '/home/barakooda/ros2_ws/build/my_py_pkg/share/my_py_pkg/hook/pythonpath_develop.ps1'
[1.521s] INFO:colcon.colcon_core.shell:Creating environment descriptor '/home/barakooda/ros2_ws/build/my_py_pkg/share/my_py_pkg/hook/pythonpath_develop.dsv'
[1.521s] INFO:colcon.colcon_core.shell:Creating environment hook '/home/barakooda/ros2_ws/build/my_py_pkg/share/my_py_pkg/hook/pythonpath_develop.sh'
[1.523s] Level 1:colcon.colcon_core.environment:checking '/home/barakooda/ros2_ws/install/my_py_pkg' for CMake module files
[1.523s] Level 1:colcon.colcon_core.environment:checking '/home/barakooda/ros2_ws/install/my_py_pkg' for CMake config files
[1.523s] Level 1:colcon.colcon_core.environment:checking '/home/barakooda/ros2_ws/install/my_py_pkg/lib'
[1.524s] Level 1:colcon.colcon_core.environment:checking '/home/barakooda/ros2_ws/install/my_py_pkg/bin'
[1.524s] Level 1:colcon.colcon_core.environment:checking '/home/barakooda/ros2_ws/install/my_py_pkg/lib/pkgconfig/my_py_pkg.pc'
[1.524s] Level 1:colcon.colcon_core.environment:checking '/home/barakooda/ros2_ws/install/my_py_pkg/lib/python3.10/site-packages'
[1.524s] Level 1:colcon.colcon_core.shell:create_environment_hook('my_py_pkg', 'pythonpath')
[1.524s] INFO:colcon.colcon_core.shell:Creating environment hook '/home/barakooda/ros2_ws/install/my_py_pkg/share/my_py_pkg/hook/pythonpath.ps1'
[1.524s] INFO:colcon.colcon_core.shell:Creating environment descriptor '/home/barakooda/ros2_ws/install/my_py_pkg/share/my_py_pkg/hook/pythonpath.dsv'
[1.524s] INFO:colcon.colcon_core.shell:Creating environment hook '/home/barakooda/ros2_ws/install/my_py_pkg/share/my_py_pkg/hook/pythonpath.sh'
[1.525s] Level 1:colcon.colcon_core.environment:checking '/home/barakooda/ros2_ws/install/my_py_pkg/bin'
[1.525s] Level 1:colcon.colcon_core.environment:create_environment_scripts_only(my_py_pkg)
[1.525s] INFO:colcon.colcon_core.shell:Creating package script '/home/barakooda/ros2_ws/install/my_py_pkg/share/my_py_pkg/package.ps1'
[1.526s] INFO:colcon.colcon_core.shell:Creating package descriptor '/home/barakooda/ros2_ws/install/my_py_pkg/share/my_py_pkg/package.dsv'
[1.526s] INFO:colcon.colcon_core.shell:Creating package script '/home/barakooda/ros2_ws/install/my_py_pkg/share/my_py_pkg/package.sh'
[1.526s] INFO:colcon.colcon_core.shell:Creating package script '/home/barakooda/ros2_ws/install/my_py_pkg/share/my_py_pkg/package.bash'
[1.527s] INFO:colcon.colcon_core.shell:Creating package script '/home/barakooda/ros2_ws/install/my_py_pkg/share/my_py_pkg/package.zsh'
[1.527s] Level 1:colcon.colcon_core.environment:create_file_with_runtime_dependencies(/home/barakooda/ros2_ws/install/my_py_pkg/share/colcon-core/packages/my_py_pkg)
[2.121s] DEBUG:colcon.colcon_core.event_handler.log_command:Invoked command in '/home/barakooda/ros2_ws/build/my_robot_interfaces' returned '0': CMAKE_PREFIX_PATH=${CMAKE_PREFIX_PATH}:/home/barakooda/ros2_ws/install/my_py_pkg:/opt/ros/humble /usr/bin/cmake /home/barakooda/ros2_ws/src/my_robot_interfaces -DAMENT_CMAKE_SYMLINK_INSTALL=1 -DCMAKE_INSTALL_PREFIX=/home/barakooda/ros2_ws/install/my_robot_interfaces
[2.143s] DEBUG:colcon.colcon_core.event_handler.log_command:Invoking command in '/home/barakooda/ros2_ws/build/my_robot_interfaces': CMAKE_PREFIX_PATH=${CMAKE_PREFIX_PATH}:/home/barakooda/ros2_ws/install/my_py_pkg:/opt/ros/humble /usr/bin/cmake --build /home/barakooda/ros2_ws/build/my_robot_interfaces -- -j6 -l6
[6.560s] DEBUG:colcon.colcon_core.event_handler.log_command:Invoked command in '/home/barakooda/ros2_ws/build/my_robot_interfaces' returned '0': CMAKE_PREFIX_PATH=${CMAKE_PREFIX_PATH}:/home/barakooda/ros2_ws/install/my_py_pkg:/opt/ros/humble /usr/bin/cmake --build /home/barakooda/ros2_ws/build/my_robot_interfaces -- -j6 -l6
[7.282s] DEBUG:colcon.colcon_core.event_handler.log_command:Invoking command in '/home/barakooda/ros2_ws/build/my_robot_interfaces': CMAKE_PREFIX_PATH=${CMAKE_PREFIX_PATH}:/home/barakooda/ros2_ws/install/my_py_pkg:/opt/ros/humble /usr/bin/cmake --install /home/barakooda/ros2_ws/build/my_robot_interfaces
[9.030s] Level 1:colcon.colcon_core.environment:create_environment_scripts_only(my_robot_interfaces)
[9.031s] Level 1:colcon.colcon_core.environment:checking '/home/barakooda/ros2_ws/install/my_robot_interfaces' for CMake module files
[9.031s] DEBUG:colcon.colcon_core.event_handler.log_command:Invoked command in '/home/barakooda/ros2_ws/build/my_robot_interfaces' returned '0': CMAKE_PREFIX_PATH=${CMAKE_PREFIX_PATH}:/home/barakooda/ros2_ws/install/my_py_pkg:/opt/ros/humble /usr/bin/cmake --install /home/barakooda/ros2_ws/build/my_robot_interfaces
[9.032s] Level 1:colcon.colcon_core.environment:checking '/home/barakooda/ros2_ws/install/my_robot_interfaces' for CMake config files
[9.033s] Level 1:colcon.colcon_core.shell:create_environment_hook('my_robot_interfaces', 'cmake_prefix_path')
[9.033s] INFO:colcon.colcon_core.shell:Creating environment hook '/home/barakooda/ros2_ws/install/my_robot_interfaces/share/my_robot_interfaces/hook/cmake_prefix_path.ps1'
[9.033s] INFO:colcon.colcon_core.shell:Creating environment descriptor '/home/barakooda/ros2_ws/install/my_robot_interfaces/share/my_robot_interfaces/hook/cmake_prefix_path.dsv'
[9.034s] INFO:colcon.colcon_core.shell:Creating environment hook '/home/barakooda/ros2_ws/install/my_robot_interfaces/share/my_robot_interfaces/hook/cmake_prefix_path.sh'
[9.034s] Level 1:colcon.colcon_core.environment:checking '/home/barakooda/ros2_ws/install/my_robot_interfaces/lib'
[9.034s] Level 1:colcon.colcon_core.shell:create_environment_hook('my_robot_interfaces', 'ld_library_path_lib')
[9.034s] INFO:colcon.colcon_core.shell:Creating environment hook '/home/barakooda/ros2_ws/install/my_robot_interfaces/share/my_robot_interfaces/hook/ld_library_path_lib.ps1'
[9.034s] INFO:colcon.colcon_core.shell:Creating environment descriptor '/home/barakooda/ros2_ws/install/my_robot_interfaces/share/my_robot_interfaces/hook/ld_library_path_lib.dsv'
[9.034s] INFO:colcon.colcon_core.shell:Creating environment hook '/home/barakooda/ros2_ws/install/my_robot_interfaces/share/my_robot_interfaces/hook/ld_library_path_lib.sh'
[9.035s] Level 1:colcon.colcon_core.environment:checking '/home/barakooda/ros2_ws/install/my_robot_interfaces/bin'
[9.035s] Level 1:colcon.colcon_core.environment:checking '/home/barakooda/ros2_ws/install/my_robot_interfaces/lib/pkgconfig/my_robot_interfaces.pc'
[9.035s] Level 1:colcon.colcon_core.environment:checking '/home/barakooda/ros2_ws/install/my_robot_interfaces/lib/python3.10/site-packages'
[9.035s] Level 1:colcon.colcon_core.environment:checking '/home/barakooda/ros2_ws/install/my_robot_interfaces/bin'
[9.035s] INFO:colcon.colcon_core.shell:Creating package script '/home/barakooda/ros2_ws/install/my_robot_interfaces/share/my_robot_interfaces/package.ps1'
[9.036s] INFO:colcon.colcon_core.shell:Creating package descriptor '/home/barakooda/ros2_ws/install/my_robot_interfaces/share/my_robot_interfaces/package.dsv'
[9.036s] INFO:colcon.colcon_core.shell:Creating package script '/home/barakooda/ros2_ws/install/my_robot_interfaces/share/my_robot_interfaces/package.sh'
[9.036s] INFO:colcon.colcon_core.shell:Creating package script '/home/barakooda/ros2_ws/install/my_robot_interfaces/share/my_robot_interfaces/package.bash'
[9.036s] INFO:colcon.colcon_core.shell:Creating package script '/home/barakooda/ros2_ws/install/my_robot_interfaces/share/my_robot_interfaces/package.zsh'
[9.036s] Level 1:colcon.colcon_core.environment:create_file_with_runtime_dependencies(/home/barakooda/ros2_ws/install/my_robot_interfaces/share/colcon-core/packages/my_robot_interfaces)
[9.544s] Level 1:colcon.colcon_core.environment:create_environment_scripts_only(my_robot_interfaces)
[9.544s] Level 1:colcon.colcon_core.environment:checking '/home/barakooda/ros2_ws/install/my_robot_interfaces' for CMake module files
[9.545s] Level 1:colcon.colcon_core.environment:checking '/home/barakooda/ros2_ws/install/my_robot_interfaces' for CMake config files
[9.546s] Level 1:colcon.colcon_core.shell:create_environment_hook('my_robot_interfaces', 'cmake_prefix_path')
[9.546s] INFO:colcon.colcon_core.shell:Creating environment hook '/home/barakooda/ros2_ws/install/my_robot_interfaces/share/my_robot_interfaces/hook/cmake_prefix_path.ps1'
[9.546s] INFO:colcon.colcon_core.shell:Creating environment descriptor '/home/barakooda/ros2_ws/install/my_robot_interfaces/share/my_robot_interfaces/hook/cmake_prefix_path.dsv'
[9.547s] INFO:colcon.colcon_core.shell:Creating environment hook '/home/barakooda/ros2_ws/install/my_robot_interfaces/share/my_robot_interfaces/hook/cmake_prefix_path.sh'
[9.547s] Level 1:colcon.colcon_core.environment:checking '/home/barakooda/ros2_ws/install/my_robot_interfaces/lib'
[9.547s] Level 1:colcon.colcon_core.shell:create_environment_hook('my_robot_interfaces', 'ld_library_path_lib')
[9.548s] INFO:colcon.colcon_core.shell:Creating environment hook '/home/barakooda/ros2_ws/install/my_robot_interfaces/share/my_robot_interfaces/hook/ld_library_path_lib.ps1'
[9.548s] INFO:colcon.colcon_core.shell:Creating environment descriptor '/home/barakooda/ros2_ws/install/my_robot_interfaces/share/my_robot_interfaces/hook/ld_library_path_lib.dsv'
[9.548s] INFO:colcon.colcon_core.shell:Creating environment hook '/home/barakooda/ros2_ws/install/my_robot_interfaces/share/my_robot_interfaces/hook/ld_library_path_lib.sh'
[9.549s] Level 1:colcon.colcon_core.environment:checking '/home/barakooda/ros2_ws/install/my_robot_interfaces/bin'
[9.549s] Level 1:colcon.colcon_core.environment:checking '/home/barakooda/ros2_ws/install/my_robot_interfaces/lib/pkgconfig/my_robot_interfaces.pc'
[9.549s] Level 1:colcon.colcon_core.environment:checking '/home/barakooda/ros2_ws/install/my_robot_interfaces/lib/python3.10/site-packages'
[9.549s] Level 1:colcon.colcon_core.environment:checking '/home/barakooda/ros2_ws/install/my_robot_interfaces/bin'
[9.549s] INFO:colcon.colcon_core.shell:Creating package script '/home/barakooda/ros2_ws/install/my_robot_interfaces/share/my_robot_interfaces/package.ps1'
[9.550s] INFO:colcon.colcon_core.shell:Creating package descriptor '/home/barakooda/ros2_ws/install/my_robot_interfaces/share/my_robot_interfaces/package.dsv'
[9.550s] INFO:colcon.colcon_core.shell:Creating package script '/home/barakooda/ros2_ws/install/my_robot_interfaces/share/my_robot_interfaces/package.sh'
[9.551s] INFO:colcon.colcon_core.shell:Creating package script '/home/barakooda/ros2_ws/install/my_robot_interfaces/share/my_robot_interfaces/package.bash'
[9.551s] INFO:colcon.colcon_core.shell:Creating package script '/home/barakooda/ros2_ws/install/my_robot_interfaces/share/my_robot_interfaces/package.zsh'
[9.551s] Level 1:colcon.colcon_core.environment:create_file_with_runtime_dependencies(/home/barakooda/ros2_ws/install/my_robot_interfaces/share/colcon-core/packages/my_robot_interfaces)
[9.552s] INFO:colcon.colcon_ros.task.ament_cmake.build:Building ROS package in '/home/barakooda/ros2_ws/src/my_cpp_pkg' with build type 'ament_cmake'
[9.552s] INFO:colcon.colcon_cmake.task.cmake.build:Building CMake package in '/home/barakooda/ros2_ws/src/my_cpp_pkg'
[9.552s] INFO:colcon.colcon_core.shell:Skip shell extension 'powershell' for command environment: Not usable outside of PowerShell
[9.552s] DEBUG:colcon.colcon_core.shell:Skip shell extension 'dsv' for command environment
[9.557s] INFO:colcon.colcon_ros.task.ament_cmake.build:Building ROS package in '/home/barakooda/ros2_ws/src/turtlesim_catch_them_all' with build type 'ament_cmake'
[9.557s] INFO:colcon.colcon_cmake.task.cmake.build:Building CMake package in '/home/barakooda/ros2_ws/src/turtlesim_catch_them_all'
[9.557s] INFO:colcon.colcon_core.shell:Skip shell extension 'powershell' for command environment: Not usable outside of PowerShell
[9.557s] DEBUG:colcon.colcon_core.shell:Skip shell extension 'dsv' for command environment
[9.566s] DEBUG:colcon.colcon_core.event_handler.log_command:Invoking command in '/home/barakooda/ros2_ws/build/my_cpp_pkg': AMENT_PREFIX_PATH=/home/barakooda/ros2_ws/install/my_robot_interfaces:${AMENT_PREFIX_PATH} CMAKE_PREFIX_PATH=/home/barakooda/ros2_ws/install/my_robot_interfaces:/home/barakooda/ros2_ws/install/turtlesim_catch_them_all:/home/barakooda/ros2_ws/install/my_robot_starter:/home/barakooda/ros2_ws/install/my_robot_bringup:/home/barakooda/ros2_ws/install/my_cpp_pkg:/home/barakooda/install/my_cpp_pkg:/home/barakooda/install/my_robot_interfaces:/home/barakooda/ros2_ws/install/my_py_pkg:/opt/ros/humble LD_LIBRARY_PATH=/home/barakooda/ros2_ws/install/my_robot_interfaces/lib:${LD_LIBRARY_PATH} PYTHONPATH=/home/barakooda/ros2_ws/install/my_robot_interfaces/local/lib/python3.10/dist-packages:${PYTHONPATH} /usr/bin/cmake /home/barakooda/ros2_ws/src/my_cpp_pkg -DAMENT_CMAKE_SYMLINK_INSTALL=1 -DCMAKE_INSTALL_PREFIX=/home/barakooda/ros2_ws/install/my_cpp_pkg
[9.570s] DEBUG:colcon.colcon_core.event_handler.log_command:Invoking command in '/home/barakooda/ros2_ws/build/turtlesim_catch_them_all': AMENT_PREFIX_PATH=/home/barakooda/ros2_ws/install/my_robot_interfaces:${AMENT_PREFIX_PATH} CMAKE_PREFIX_PATH=/home/barakooda/ros2_ws/install/my_robot_interfaces:/home/barakooda/ros2_ws/install/turtlesim_catch_them_all:/home/barakooda/ros2_ws/install/my_robot_starter:/home/barakooda/ros2_ws/install/my_robot_bringup:/home/barakooda/ros2_ws/install/my_cpp_pkg:/home/barakooda/install/my_cpp_pkg:/home/barakooda/install/my_robot_interfaces:/home/barakooda/ros2_ws/install/my_py_pkg:/opt/ros/humble LD_LIBRARY_PATH=/home/barakooda/ros2_ws/install/my_robot_interfaces/lib:${LD_LIBRARY_PATH} PYTHONPATH=/home/barakooda/ros2_ws/install/my_robot_interfaces/local/lib/python3.10/dist-packages:${PYTHONPATH} /usr/bin/cmake /home/barakooda/ros2_ws/src/turtlesim_catch_them_all -DAMENT_CMAKE_SYMLINK_INSTALL=1 -DCMAKE_INSTALL_PREFIX=/home/barakooda/ros2_ws/install/turtlesim_catch_them_all
[11.552s] DEBUG:colcon.colcon_core.event_handler.log_command:Invoked command in '/home/barakooda/ros2_ws/build/turtlesim_catch_them_all' returned '0': AMENT_PREFIX_PATH=/home/barakooda/ros2_ws/install/my_robot_interfaces:${AMENT_PREFIX_PATH} CMAKE_PREFIX_PATH=/home/barakooda/ros2_ws/install/my_robot_interfaces:/home/barakooda/ros2_ws/install/turtlesim_catch_them_all:/home/barakooda/ros2_ws/install/my_robot_starter:/home/barakooda/ros2_ws/install/my_robot_bringup:/home/barakooda/ros2_ws/install/my_cpp_pkg:/home/barakooda/install/my_cpp_pkg:/home/barakooda/install/my_robot_interfaces:/home/barakooda/ros2_ws/install/my_py_pkg:/opt/ros/humble LD_LIBRARY_PATH=/home/barakooda/ros2_ws/install/my_robot_interfaces/lib:${LD_LIBRARY_PATH} PYTHONPATH=/home/barakooda/ros2_ws/install/my_robot_interfaces/local/lib/python3.10/dist-packages:${PYTHONPATH} /usr/bin/cmake /home/barakooda/ros2_ws/src/turtlesim_catch_them_all -DAMENT_CMAKE_SYMLINK_INSTALL=1 -DCMAKE_INSTALL_PREFIX=/home/barakooda/ros2_ws/install/turtlesim_catch_them_all
[11.552s] DEBUG:colcon.colcon_core.event_handler.log_command:Invoking command in '/home/barakooda/ros2_ws/build/turtlesim_catch_them_all': AMENT_PREFIX_PATH=/home/barakooda/ros2_ws/install/my_robot_interfaces:${AMENT_PREFIX_PATH} CMAKE_PREFIX_PATH=/home/barakooda/ros2_ws/install/my_robot_interfaces:/home/barakooda/ros2_ws/install/turtlesim_catch_them_all:/home/barakooda/ros2_ws/install/my_robot_starter:/home/barakooda/ros2_ws/install/my_robot_bringup:/home/barakooda/ros2_ws/install/my_cpp_pkg:/home/barakooda/install/my_cpp_pkg:/home/barakooda/install/my_robot_interfaces:/home/barakooda/ros2_ws/install/my_py_pkg:/opt/ros/humble LD_LIBRARY_PATH=/home/barakooda/ros2_ws/install/my_robot_interfaces/lib:${LD_LIBRARY_PATH} PYTHONPATH=/home/barakooda/ros2_ws/install/my_robot_interfaces/local/lib/python3.10/dist-packages:${PYTHONPATH} /usr/bin/cmake --build /home/barakooda/ros2_ws/build/turtlesim_catch_them_all -- -j6 -l6
[11.630s] DEBUG:colcon.colcon_core.event_handler.log_command:Invoked command in '/home/barakooda/ros2_ws/build/my_cpp_pkg' returned '0': AMENT_PREFIX_PATH=/home/barakooda/ros2_ws/install/my_robot_interfaces:${AMENT_PREFIX_PATH} CMAKE_PREFIX_PATH=/home/barakooda/ros2_ws/install/my_robot_interfaces:/home/barakooda/ros2_ws/install/turtlesim_catch_them_all:/home/barakooda/ros2_ws/install/my_robot_starter:/home/barakooda/ros2_ws/install/my_robot_bringup:/home/barakooda/ros2_ws/install/my_cpp_pkg:/home/barakooda/install/my_cpp_pkg:/home/barakooda/install/my_robot_interfaces:/home/barakooda/ros2_ws/install/my_py_pkg:/opt/ros/humble LD_LIBRARY_PATH=/home/barakooda/ros2_ws/install/my_robot_interfaces/lib:${LD_LIBRARY_PATH} PYTHONPATH=/home/barakooda/ros2_ws/install/my_robot_interfaces/local/lib/python3.10/dist-packages:${PYTHONPATH} /usr/bin/cmake /home/barakooda/ros2_ws/src/my_cpp_pkg -DAMENT_CMAKE_SYMLINK_INSTALL=1 -DCMAKE_INSTALL_PREFIX=/home/barakooda/ros2_ws/install/my_cpp_pkg
[11.630s] DEBUG:colcon.colcon_core.event_handler.log_command:Invoking command in '/home/barakooda/ros2_ws/build/my_cpp_pkg': AMENT_PREFIX_PATH=/home/barakooda/ros2_ws/install/my_robot_interfaces:${AMENT_PREFIX_PATH} CMAKE_PREFIX_PATH=/home/barakooda/ros2_ws/install/my_robot_interfaces:/home/barakooda/ros2_ws/install/turtlesim_catch_them_all:/home/barakooda/ros2_ws/install/my_robot_starter:/home/barakooda/ros2_ws/install/my_robot_bringup:/home/barakooda/ros2_ws/install/my_cpp_pkg:/home/barakooda/install/my_cpp_pkg:/home/barakooda/install/my_robot_interfaces:/home/barakooda/ros2_ws/install/my_py_pkg:/opt/ros/humble LD_LIBRARY_PATH=/home/barakooda/ros2_ws/install/my_robot_interfaces/lib:${LD_LIBRARY_PATH} PYTHONPATH=/home/barakooda/ros2_ws/install/my_robot_interfaces/local/lib/python3.10/dist-packages:${PYTHONPATH} /usr/bin/cmake --build /home/barakooda/ros2_ws/build/my_cpp_pkg -- -j6 -l6
[23.672s] DEBUG:colcon.colcon_core.event_handler.log_command:Invoked command in '/home/barakooda/ros2_ws/build/turtlesim_catch_them_all' returned '2': AMENT_PREFIX_PATH=/home/barakooda/ros2_ws/install/my_robot_interfaces:${AMENT_PREFIX_PATH} CMAKE_PREFIX_PATH=/home/barakooda/ros2_ws/install/my_robot_interfaces:/home/barakooda/ros2_ws/install/turtlesim_catch_them_all:/home/barakooda/ros2_ws/install/my_robot_starter:/home/barakooda/ros2_ws/install/my_robot_bringup:/home/barakooda/ros2_ws/install/my_cpp_pkg:/home/barakooda/install/my_cpp_pkg:/home/barakooda/install/my_robot_interfaces:/home/barakooda/ros2_ws/install/my_py_pkg:/opt/ros/humble LD_LIBRARY_PATH=/home/barakooda/ros2_ws/install/my_robot_interfaces/lib:${LD_LIBRARY_PATH} PYTHONPATH=/home/barakooda/ros2_ws/install/my_robot_interfaces/local/lib/python3.10/dist-packages:${PYTHONPATH} /usr/bin/cmake --build /home/barakooda/ros2_ws/build/turtlesim_catch_them_all -- -j6 -l6
[23.757s] Level 1:colcon.colcon_core.environment:create_environment_scripts_only(turtlesim_catch_them_all)
[23.757s] Level 1:colcon.colcon_core.environment:checking '/home/barakooda/ros2_ws/install/turtlesim_catch_them_all' for CMake module files
[23.758s] Level 1:colcon.colcon_core.environment:checking '/home/barakooda/ros2_ws/install/turtlesim_catch_them_all' for CMake config files
[23.758s] Level 1:colcon.colcon_core.environment:checking '/home/barakooda/ros2_ws/install/turtlesim_catch_them_all/bin'
[23.758s] Level 1:colcon.colcon_core.environment:checking '/home/barakooda/ros2_ws/install/turtlesim_catch_them_all/lib/pkgconfig/turtlesim_catch_them_all.pc'
[23.758s] Level 1:colcon.colcon_core.environment:checking '/home/barakooda/ros2_ws/install/turtlesim_catch_them_all/lib/python3.10/site-packages'
[23.758s] Level 1:colcon.colcon_core.environment:checking '/home/barakooda/ros2_ws/install/turtlesim_catch_them_all/bin'
[23.758s] INFO:colcon.colcon_core.shell:Creating package script '/home/barakooda/ros2_ws/install/turtlesim_catch_them_all/share/turtlesim_catch_them_all/package.ps1'
[23.760s] INFO:colcon.colcon_core.shell:Creating package descriptor '/home/barakooda/ros2_ws/install/turtlesim_catch_them_all/share/turtlesim_catch_them_all/package.dsv'
[23.761s] INFO:colcon.colcon_core.shell:Creating package script '/home/barakooda/ros2_ws/install/turtlesim_catch_them_all/share/turtlesim_catch_them_all/package.sh'
[23.763s] INFO:colcon.colcon_core.shell:Creating package script '/home/barakooda/ros2_ws/install/turtlesim_catch_them_all/share/turtlesim_catch_them_all/package.bash'
[23.763s] INFO:colcon.colcon_core.shell:Creating package script '/home/barakooda/ros2_ws/install/turtlesim_catch_them_all/share/turtlesim_catch_them_all/package.zsh'
[23.763s] Level 1:colcon.colcon_core.environment:create_file_with_runtime_dependencies(/home/barakooda/ros2_ws/install/turtlesim_catch_them_all/share/colcon-core/packages/turtlesim_catch_them_all)
[25.177s] DEBUG:colcon.colcon_parallel_executor.executor.parallel:closing loop
[25.177s] DEBUG:colcon.colcon_parallel_executor.executor.parallel:loop closed
[25.177s] DEBUG:colcon.colcon_parallel_executor.executor.parallel:run_until_complete finished with '2'
[25.177s] DEBUG:colcon.colcon_core.event_reactor:joining thread
[25.181s] INFO:colcon.colcon_core.plugin_system:Skipping extension 'colcon_notification.desktop_notification.terminal_notifier': Not used on non-Darwin systems
[25.181s] INFO:colcon.colcon_core.plugin_system:Skipping extension 'colcon_notification.desktop_notification.win32': Not used on non-Windows systems
[25.181s] INFO:colcon.colcon_notification.desktop_notification:Sending desktop notification using 'notify2'
[25.194s] DEBUG:colcon.colcon_core.event_reactor:joined thread
[25.195s] INFO:colcon.colcon_core.shell:Creating prefix script '/home/barakooda/ros2_ws/install/local_setup.ps1'
[25.195s] INFO:colcon.colcon_core.shell:Creating prefix util module '/home/barakooda/ros2_ws/install/_local_setup_util_ps1.py'
[25.196s] INFO:colcon.colcon_core.shell:Creating prefix chain script '/home/barakooda/ros2_ws/install/setup.ps1'
[25.197s] INFO:colcon.colcon_core.shell:Creating prefix script '/home/barakooda/ros2_ws/install/local_setup.sh'
[25.198s] INFO:colcon.colcon_core.shell:Creating prefix util module '/home/barakooda/ros2_ws/install/_local_setup_util_sh.py'
[25.198s] INFO:colcon.colcon_core.shell:Creating prefix chain script '/home/barakooda/ros2_ws/install/setup.sh'
[25.199s] INFO:colcon.colcon_core.shell:Creating prefix script '/home/barakooda/ros2_ws/install/local_setup.bash'
[25.199s] INFO:colcon.colcon_core.shell:Creating prefix chain script '/home/barakooda/ros2_ws/install/setup.bash'
[25.200s] INFO:colcon.colcon_core.shell:Creating prefix script '/home/barakooda/ros2_ws/install/local_setup.zsh'
[25.201s] INFO:colcon.colcon_core.shell:Creating prefix chain script '/home/barakooda/ros2_ws/install/setup.zsh'
