[0.045s] Invoking command in '/home/barakooda/ros2_ws/build/my_cpp_pkg': CMAKE_PREFIX_PATH=${CMAKE_PREFIX_PATH}:/home/barakooda/ros2_ws/install/my_py_pkg:/opt/ros/humble /usr/bin/cmake --build /home/barakooda/ros2_ws/build/my_cpp_pkg -- -j8 -l8
[0.075s] -- Found ament_cmake: 1.3.7 (/opt/ros/humble/share/ament_cmake/cmake)
[0.209s] -- Found rclcpp: 16.0.8 (/opt/ros/humble/share/rclcpp/cmake)
[0.256s] -- Found rosidl_generator_c: 3.1.5 (/opt/ros/humble/share/rosidl_generator_c/cmake)
[0.259s] -- Found rosidl_adapter: 3.1.5 (/opt/ros/humble/share/rosidl_adapter/cmake)
[0.269s] -- Found rosidl_generator_cpp: 3.1.5 (/opt/ros/humble/share/rosidl_generator_cpp/cmake)
[0.282s] -- Using all available rosidl_typesupport_c: rosidl_typesupport_fastrtps_c;rosidl_typesupport_introspection_c
[0.299s] -- Using all available rosidl_typesupport_cpp: rosidl_typesupport_fastrtps_cpp;rosidl_typesupport_introspection_cpp
[0.360s] -- Found rmw_implementation_cmake: 6.1.1 (/opt/ros/humble/share/rmw_implementation_cmake/cmake)
[0.363s] -- Found rmw_fastrtps_cpp: 6.2.6 (/opt/ros/humble/share/rmw_fastrtps_cpp/cmake)
[0.469s] -- Using RMW implementation 'rmw_fastrtps_cpp' as default
[0.604s] -- Found example_interfaces: 0.9.3 (/opt/ros/humble/share/example_interfaces/cmake)
[0.778s] -- Configuring done
[0.811s] -- Generating done
[0.814s] -- Build files have been written to: /home/barakooda/ros2_ws/build/my_cpp_pkg
[0.837s] [35m[1mConsolidate compiler generated dependencies of target robot_news_station[0m
[0.837s] [35m[1mConsolidate compiler generated dependencies of target smartphone[0m
[0.837s] [35m[1mConsolidate compiler generated dependencies of target cpp_node[0m
[0.841s] [35m[1mConsolidate compiler generated dependencies of target add_two_ints_client_no_opp[0m
[0.842s] [35m[1mConsolidate compiler generated dependencies of target add_two_ints_server[0m
[0.842s] [35m[1mConsolidate compiler generated dependencies of target number_counter[0m
[0.842s] [35m[1mConsolidate compiler generated dependencies of target number_publisher[0m
[0.850s] [35m[1mConsolidate compiler generated dependencies of target add_two_ints_client[0m
[0.855s] [ 12%] Built target cpp_node
[0.857s] [ 31%] Built target smartphone
[0.857s] [ 43%] Built target number_counter
[0.857s] [ 50%] Built target robot_news_station
[0.861s] [ 62%] Built target add_two_ints_server
[0.866s] [ 75%] Built target add_two_ints_client_no_opp
[0.874s] [ 93%] Built target add_two_ints_client
[0.875s] [100%] Built target number_publisher
[0.886s] Invoked command in '/home/barakooda/ros2_ws/build/my_cpp_pkg' returned '0': CMAKE_PREFIX_PATH=${CMAKE_PREFIX_PATH}:/home/barakooda/ros2_ws/install/my_py_pkg:/opt/ros/humble /usr/bin/cmake --build /home/barakooda/ros2_ws/build/my_cpp_pkg -- -j8 -l8
[0.929s] Invoking command in '/home/barakooda/ros2_ws/build/my_cpp_pkg': CMAKE_PREFIX_PATH=${CMAKE_PREFIX_PATH}:/home/barakooda/ros2_ws/install/my_py_pkg:/opt/ros/humble /usr/bin/cmake --install /home/barakooda/ros2_ws/build/my_cpp_pkg
[0.935s] -- Install configuration: ""
[0.935s] -- Up-to-date: /home/barakooda/ros2_ws/install/my_cpp_pkg/lib/my_cpp_pkg/cpp_node
[0.936s] -- Up-to-date: /home/barakooda/ros2_ws/install/my_cpp_pkg/lib/my_cpp_pkg/robot_news_station
[0.936s] -- Up-to-date: /home/barakooda/ros2_ws/install/my_cpp_pkg/lib/my_cpp_pkg/smartphone
[0.936s] -- Up-to-date: /home/barakooda/ros2_ws/install/my_cpp_pkg/lib/my_cpp_pkg/number_publisher
[0.937s] -- Up-to-date: /home/barakooda/ros2_ws/install/my_cpp_pkg/lib/my_cpp_pkg/number_counter
[0.938s] -- Up-to-date: /home/barakooda/ros2_ws/install/my_cpp_pkg/lib/my_cpp_pkg/add_two_ints_server
[0.939s] -- Up-to-date: /home/barakooda/ros2_ws/install/my_cpp_pkg/lib/my_cpp_pkg/add_two_ints_client_no_opp
[0.940s] -- Up-to-date: /home/barakooda/ros2_ws/install/my_cpp_pkg/lib/my_cpp_pkg/add_two_ints_client
[0.940s] -- Up-to-date: /home/barakooda/ros2_ws/install/my_cpp_pkg/share/ament_index/resource_index/package_run_dependencies/my_cpp_pkg
[0.940s] -- Up-to-date: /home/barakooda/ros2_ws/install/my_cpp_pkg/share/ament_index/resource_index/parent_prefix_path/my_cpp_pkg
[0.940s] -- Up-to-date: /home/barakooda/ros2_ws/install/my_cpp_pkg/share/my_cpp_pkg/environment/ament_prefix_path.sh
[0.940s] -- Installing: /home/barakooda/ros2_ws/install/my_cpp_pkg/share/my_cpp_pkg/environment/ament_prefix_path.dsv
[0.940s] -- Up-to-date: /home/barakooda/ros2_ws/install/my_cpp_pkg/share/my_cpp_pkg/environment/path.sh
[0.940s] -- Installing: /home/barakooda/ros2_ws/install/my_cpp_pkg/share/my_cpp_pkg/environment/path.dsv
[0.941s] -- Up-to-date: /home/barakooda/ros2_ws/install/my_cpp_pkg/share/my_cpp_pkg/local_setup.bash
[0.941s] -- Up-to-date: /home/barakooda/ros2_ws/install/my_cpp_pkg/share/my_cpp_pkg/local_setup.sh
[0.941s] -- Up-to-date: /home/barakooda/ros2_ws/install/my_cpp_pkg/share/my_cpp_pkg/local_setup.zsh
[0.941s] -- Installing: /home/barakooda/ros2_ws/install/my_cpp_pkg/share/my_cpp_pkg/local_setup.dsv
[0.941s] -- Installing: /home/barakooda/ros2_ws/install/my_cpp_pkg/share/my_cpp_pkg/package.dsv
[0.941s] -- Up-to-date: /home/barakooda/ros2_ws/install/my_cpp_pkg/share/ament_index/resource_index/packages/my_cpp_pkg
[0.941s] -- Up-to-date: /home/barakooda/ros2_ws/install/my_cpp_pkg/share/my_cpp_pkg/cmake/my_cpp_pkgConfig.cmake
[0.941s] -- Up-to-date: /home/barakooda/ros2_ws/install/my_cpp_pkg/share/my_cpp_pkg/cmake/my_cpp_pkgConfig-version.cmake
[0.941s] -- Up-to-date: /home/barakooda/ros2_ws/install/my_cpp_pkg/share/my_cpp_pkg/package.xml
[0.953s] Invoked command in '/home/barakooda/ros2_ws/build/my_cpp_pkg' returned '0': CMAKE_PREFIX_PATH=${CMAKE_PREFIX_PATH}:/home/barakooda/ros2_ws/install/my_py_pkg:/opt/ros/humble /usr/bin/cmake --install /home/barakooda/ros2_ws/build/my_cpp_pkg
