[0.038s] Invoking command in '/home/barakooda/ros2_ws/build/my_cpp_pkg': CMAKE_PREFIX_PATH=${CMAKE_PREFIX_PATH}:/home/barakooda/ros2_ws/install/my_py_pkg:/opt/ros/humble /usr/bin/cmake --build /home/barakooda/ros2_ws/build/my_cpp_pkg -- -j8 -l8
[0.069s] [35m[1mConsolidate compiler generated dependencies of target robot_news_station[0m
[0.078s] [ 50%] Built target cpp_node
[0.082s] [ 75%] [32mBuilding CXX object CMakeFiles/robot_news_station.dir/src/robot_news_station.cpp.o[0m
[1.582s] [01m[K/home/barakooda/ros2_ws/src/my_cpp_pkg/src/robot_news_station.cpp:[m[K In constructor ‘[01m[KRobotNewsStatioNode::RobotNewsStatioNode()[m[K’:
[1.582s] [01m[K/home/barakooda/ros2_ws/src/my_cpp_pkg/src/robot_news_station.cpp:10:66:[m[K [01;31m[Kerror: [m[Kno matching function for call to ‘[01m[Kstd::chrono::duration<long int>::duration(double)[m[K’
[1.582s]    10 |         timer_ = this->create_wall_timer(std::chrono::seconds(0.5[01;31m[K)[m[K, std::bind(&RobotNewsStatioNode::publishNews, this));
[1.583s]       |                                                                  [01;31m[K^[m[K
[1.583s] In file included from [01m[K/usr/include/c++/11/mutex:39[m[K,
[1.583s]                  from [01m[K/usr/include/c++/11/future:38[m[K,
[1.583s]                  from [01m[K/opt/ros/humble/include/rclcpp/rclcpp/executors.hpp:18[m[K,
[1.583s]                  from [01m[K/opt/ros/humble/include/rclcpp/rclcpp/rclcpp.hpp:155[m[K,
[1.583s]                  from [01m[K/home/barakooda/ros2_ws/src/my_cpp_pkg/src/robot_news_station.cpp:1[m[K:
[1.583s] [01m[K/usr/include/c++/11/chrono:529:21:[m[K [01;36m[Knote: [m[Kcandidate: ‘[01m[Ktemplate<class _Rep2, class _Period2, class> constexpr std::chrono::duration<_Rep, _Period>::duration(const std::chrono::duration<_Rep, _Period>&) [with _Rep2 = _Rep2; _Period2 = _Period2; <template-parameter-2-3> = <template-parameter-1-3>; _Rep = long int; _Period = std::ratio<1>][m[K’
[1.583s]   529 |           constexpr [01;36m[Kduration[m[K(const duration<_Rep2, _Period2>& __d)
[1.583s]       |                     [01;36m[K^~~~~~~~[m[K
[1.583s] [01m[K/usr/include/c++/11/chrono:529:21:[m[K [01;36m[Knote: [m[K  template argument deduction/substitution failed:
[1.583s] [01m[K/home/barakooda/ros2_ws/src/my_cpp_pkg/src/robot_news_station.cpp:10:66:[m[K [01;36m[Knote: [m[K  mismatched types ‘[01m[Kconst std::chrono::duration<_Rep1, _Period1>[m[K’ and ‘[01m[Kdouble[m[K’
[1.583s]    10 |         timer_ = this->create_wall_timer(std::chrono::seconds(0.5[01;36m[K)[m[K, std::bind(&RobotNewsStatioNode::publishNews, this));
[1.583s]       |                                                                  [01;36m[K^[m[K
[1.583s] In file included from [01m[K/usr/include/c++/11/mutex:39[m[K,
[1.583s]                  from [01m[K/usr/include/c++/11/future:38[m[K,
[1.583s]                  from [01m[K/opt/ros/humble/include/rclcpp/rclcpp/executors.hpp:18[m[K,
[1.583s]                  from [01m[K/opt/ros/humble/include/rclcpp/rclcpp/rclcpp.hpp:155[m[K,
[1.583s]                  from [01m[K/home/barakooda/ros2_ws/src/my_cpp_pkg/src/robot_news_station.cpp:1[m[K:
[1.583s] [01m[K/usr/include/c++/11/chrono:521:30:[m[K [01;36m[Knote: [m[Kcandidate: ‘[01m[Ktemplate<class _Rep2, class> constexpr std::chrono::duration<_Rep, _Period>::duration(const _Rep2&) [with _Rep2 = _Rep2; <template-parameter-2-2> = <template-parameter-1-2>; _Rep = long int; _Period = std::ratio<1>][m[K’
[1.583s]   521 |           constexpr explicit [01;36m[Kduration[m[K(const _Rep2& __rep)
[1.583s]       |                              [01;36m[K^~~~~~~~[m[K
[1.583s] [01m[K/usr/include/c++/11/chrono:521:30:[m[K [01;36m[Knote: [m[K  template argument deduction/substitution failed:
[1.583s] In file included from [01m[K/usr/include/c++/11/bits/move.h:57[m[K,
[1.583s]                  from [01m[K/usr/include/c++/11/bits/stl_pair.h:59[m[K,
[1.583s]                  from [01m[K/usr/include/c++/11/bits/stl_algobase.h:64[m[K,
[1.583s]                  from [01m[K/usr/include/c++/11/memory:63[m[K,
[1.583s]                  from [01m[K/opt/ros/humble/include/rclcpp/rclcpp/rclcpp.hpp:153[m[K,
[1.583s]                  from [01m[K/home/barakooda/ros2_ws/src/my_cpp_pkg/src/robot_news_station.cpp:1[m[K:
[1.583s] /usr/include/c++/11/type_traits: In substitution of ‘[01m[Ktemplate<bool _Cond, class _Tp> using __enable_if_t = typename std::enable_if::type [with bool _Cond = false; _Tp = void][m[K’:
[1.584s] [01m[K/usr/include/c++/11/type_traits:2209:11:[m[K   required by substitution of ‘[01m[Ktemplate<class ... _Cond> using _Require = std::__enable_if_t<std::__and_< <template-parameter-1-1> >::value> [with _Cond = {std::is_convertible<const double&, long int>, std::__or_<std::chrono::treat_as_floating_point<long int>, std::__not_<std::chrono::treat_as_floating_point<double> > >}][m[K’
[1.584s] [01m[K/usr/include/c++/11/chrono:518:27:[m[K   required from here
[1.584s] [01m[K/usr/include/c++/11/type_traits:2205:11:[m[K [01;31m[Kerror: [m[Kno type named ‘[01m[Ktype[m[K’ in ‘[01m[Kstruct std::enable_if<false, void>[m[K’
[1.584s]  2205 |     using [01;31m[K__enable_if_t[m[K = typename enable_if<_Cond, _Tp>::type;
[1.584s]       |           [01;31m[K^~~~~~~~~~~~~[m[K
[1.584s] In file included from [01m[K/usr/include/c++/11/mutex:39[m[K,
[1.584s]                  from [01m[K/usr/include/c++/11/future:38[m[K,
[1.584s]                  from [01m[K/opt/ros/humble/include/rclcpp/rclcpp/executors.hpp:18[m[K,
[1.584s]                  from [01m[K/opt/ros/humble/include/rclcpp/rclcpp/rclcpp.hpp:155[m[K,
[1.584s]                  from [01m[K/home/barakooda/ros2_ws/src/my_cpp_pkg/src/robot_news_station.cpp:1[m[K:
[1.584s] [01m[K/usr/include/c++/11/chrono:514:9:[m[K [01;36m[Knote: [m[Kcandidate: ‘[01m[Kconstexpr std::chrono::duration<_Rep, _Period>::duration(const std::chrono::duration<_Rep, _Period>&) [with _Rep = long int; _Period = std::ratio<1>][m[K’
[1.584s]   514 |         [01;36m[Kduration[m[K(const duration&) = default;
[1.584s]       |         [01;36m[K^~~~~~~~[m[K
[1.584s] [01m[K/usr/include/c++/11/chrono:514:18:[m[K [01;36m[Knote: [m[K  no known conversion for argument 1 from ‘[01m[Kdouble[m[K’ to ‘[01m[Kconst std::chrono::duration<long int>&[m[K’
[1.584s]   514 |         duration([01;36m[Kconst duration&[m[K) = default;
[1.584s]       |                  [01;36m[K^~~~~~~~~~~~~~~[m[K
[1.584s] [01m[K/usr/include/c++/11/chrono:512:19:[m[K [01;36m[Knote: [m[Kcandidate: ‘[01m[Kstd::chrono::duration<_Rep, _Period>::duration() [with _Rep = long int; _Period = std::ratio<1>][m[K’
[1.584s]   512 |         constexpr [01;36m[Kduration[m[K() = default;
[1.584s]       |                   [01;36m[K^~~~~~~~[m[K
[1.584s] [01m[K/usr/include/c++/11/chrono:512:19:[m[K [01;36m[Knote: [m[K  candidate expects 0 arguments, 1 provided
[2.085s] gmake[2]: *** [CMakeFiles/robot_news_station.dir/build.make:76: CMakeFiles/robot_news_station.dir/src/robot_news_station.cpp.o] Error 1
[2.085s] gmake[1]: *** [CMakeFiles/Makefile2:165: CMakeFiles/robot_news_station.dir/all] Error 2
[2.085s] gmake: *** [Makefile:146: all] Error 2
[2.087s] Invoked command in '/home/barakooda/ros2_ws/build/my_cpp_pkg' returned '2': CMAKE_PREFIX_PATH=${CMAKE_PREFIX_PATH}:/home/barakooda/ros2_ws/install/my_py_pkg:/opt/ros/humble /usr/bin/cmake --build /home/barakooda/ros2_ws/build/my_cpp_pkg -- -j8 -l8
