[0.023s] Invoking command in '/home/barakooda/ros2_ws/build/my_robot_bringup': AMENT_PREFIX_PATH=/home/barakooda/ros2_ws/install/my_py_pkg:/home/barakooda/ros2_ws/install/my_robot_bringup:/home/barakooda/ros2_ws/install/my_cpp_pkg:/home/barakooda/ros2_ws/install/turtlesim_catch_them_all:/home/barakooda/ros2_ws/install/my_robot_interfaces:/opt/ros/humble CMAKE_PREFIX_PATH=/home/barakooda/ros2_ws/install/turtlesim_catch_them_all:/home/barakooda/ros2_ws/install/my_cpp_pkg:/home/barakooda/ros2_ws/install/my_robot_interfaces:/home/barakooda/ros2_ws/install/my_robot_bringup:/home/barakooda/ros2_ws/install/my_py_pkg:/opt/ros/humble PYTHONPATH=/home/barakooda/ros2_ws/build/my_py_pkg:/home/barakooda/ros2_ws/install/my_py_pkg/lib/python3.10/site-packages:/home/barakooda/ros2_ws/install/my_robot_interfaces/local/lib/python3.10/dist-packages:/opt/ros/humble/lib/python3.10/site-packages:/opt/ros/humble/local/lib/python3.10/dist-packages /usr/bin/cmake --build /home/barakooda/ros2_ws/build/my_robot_bringup -- -j8 -l8
[0.073s] Invoked command in '/home/barakooda/ros2_ws/build/my_robot_bringup' returned '0': AMENT_PREFIX_PATH=/home/barakooda/ros2_ws/install/my_py_pkg:/home/barakooda/ros2_ws/install/my_robot_bringup:/home/barakooda/ros2_ws/install/my_cpp_pkg:/home/barakooda/ros2_ws/install/turtlesim_catch_them_all:/home/barakooda/ros2_ws/install/my_robot_interfaces:/opt/ros/humble CMAKE_PREFIX_PATH=/home/barakooda/ros2_ws/install/turtlesim_catch_them_all:/home/barakooda/ros2_ws/install/my_cpp_pkg:/home/barakooda/ros2_ws/install/my_robot_interfaces:/home/barakooda/ros2_ws/install/my_robot_bringup:/home/barakooda/ros2_ws/install/my_py_pkg:/opt/ros/humble PYTHONPATH=/home/barakooda/ros2_ws/build/my_py_pkg:/home/barakooda/ros2_ws/install/my_py_pkg/lib/python3.10/site-packages:/home/barakooda/ros2_ws/install/my_robot_interfaces/local/lib/python3.10/dist-packages:/opt/ros/humble/lib/python3.10/site-packages:/opt/ros/humble/local/lib/python3.10/dist-packages /usr/bin/cmake --build /home/barakooda/ros2_ws/build/my_robot_bringup -- -j8 -l8
[0.124s] Invoking command in '/home/barakooda/ros2_ws/build/my_robot_bringup': AMENT_PREFIX_PATH=/home/barakooda/ros2_ws/install/my_py_pkg:/home/barakooda/ros2_ws/install/my_robot_bringup:/home/barakooda/ros2_ws/install/my_cpp_pkg:/home/barakooda/ros2_ws/install/turtlesim_catch_them_all:/home/barakooda/ros2_ws/install/my_robot_interfaces:/opt/ros/humble CMAKE_PREFIX_PATH=/home/barakooda/ros2_ws/install/turtlesim_catch_them_all:/home/barakooda/ros2_ws/install/my_cpp_pkg:/home/barakooda/ros2_ws/install/my_robot_interfaces:/home/barakooda/ros2_ws/install/my_robot_bringup:/home/barakooda/ros2_ws/install/my_py_pkg:/opt/ros/humble PYTHONPATH=/home/barakooda/ros2_ws/build/my_py_pkg:/home/barakooda/ros2_ws/install/my_py_pkg/lib/python3.10/site-packages:/home/barakooda/ros2_ws/install/my_robot_interfaces/local/lib/python3.10/dist-packages:/opt/ros/humble/lib/python3.10/site-packages:/opt/ros/humble/local/lib/python3.10/dist-packages /usr/bin/cmake --install /home/barakooda/ros2_ws/build/my_robot_bringup
[0.133s] -- Install configuration: ""
[0.133s] -- Up-to-date: /home/barakooda/ros2_ws/install/my_robot_bringup/share/my_robot_bringup/launch
[0.133s] -- Installing: /home/barakooda/ros2_ws/install/my_robot_bringup/share/my_robot_bringup/launch/turtlesim_catch_them_all.launch.py
[0.133s] -- Up-to-date: /home/barakooda/ros2_ws/install/my_robot_bringup/share/my_robot_bringup/launch/my_robot_news.launch.py
[0.133s] -- Up-to-date: /home/barakooda/ros2_ws/install/my_robot_bringup/share/ament_index/resource_index/package_run_dependencies/my_robot_bringup
[0.134s] -- Up-to-date: /home/barakooda/ros2_ws/install/my_robot_bringup/share/ament_index/resource_index/parent_prefix_path/my_robot_bringup
[0.134s] -- Up-to-date: /home/barakooda/ros2_ws/install/my_robot_bringup/share/my_robot_bringup/environment/ament_prefix_path.sh
[0.134s] -- Up-to-date: /home/barakooda/ros2_ws/install/my_robot_bringup/share/my_robot_bringup/environment/ament_prefix_path.dsv
[0.134s] -- Up-to-date: /home/barakooda/ros2_ws/install/my_robot_bringup/share/my_robot_bringup/environment/path.sh
[0.134s] -- Up-to-date: /home/barakooda/ros2_ws/install/my_robot_bringup/share/my_robot_bringup/environment/path.dsv
[0.135s] -- Up-to-date: /home/barakooda/ros2_ws/install/my_robot_bringup/share/my_robot_bringup/local_setup.bash
[0.135s] -- Up-to-date: /home/barakooda/ros2_ws/install/my_robot_bringup/share/my_robot_bringup/local_setup.sh
[0.135s] -- Up-to-date: /home/barakooda/ros2_ws/install/my_robot_bringup/share/my_robot_bringup/local_setup.zsh
[0.135s] -- Up-to-date: /home/barakooda/ros2_ws/install/my_robot_bringup/share/my_robot_bringup/local_setup.dsv
[0.135s] -- Installing: /home/barakooda/ros2_ws/install/my_robot_bringup/share/my_robot_bringup/package.dsv
[0.135s] -- Up-to-date: /home/barakooda/ros2_ws/install/my_robot_bringup/share/ament_index/resource_index/packages/my_robot_bringup
[0.136s] -- Up-to-date: /home/barakooda/ros2_ws/install/my_robot_bringup/share/my_robot_bringup/cmake/my_robot_bringupConfig.cmake
[0.136s] -- Up-to-date: /home/barakooda/ros2_ws/install/my_robot_bringup/share/my_robot_bringup/cmake/my_robot_bringupConfig-version.cmake
[0.136s] -- Up-to-date: /home/barakooda/ros2_ws/install/my_robot_bringup/share/my_robot_bringup/package.xml
[0.138s] Invoked command in '/home/barakooda/ros2_ws/build/my_robot_bringup' returned '0': AMENT_PREFIX_PATH=/home/barakooda/ros2_ws/install/my_py_pkg:/home/barakooda/ros2_ws/install/my_robot_bringup:/home/barakooda/ros2_ws/install/my_cpp_pkg:/home/barakooda/ros2_ws/install/turtlesim_catch_them_all:/home/barakooda/ros2_ws/install/my_robot_interfaces:/opt/ros/humble CMAKE_PREFIX_PATH=/home/barakooda/ros2_ws/install/turtlesim_catch_them_all:/home/barakooda/ros2_ws/install/my_cpp_pkg:/home/barakooda/ros2_ws/install/my_robot_interfaces:/home/barakooda/ros2_ws/install/my_robot_bringup:/home/barakooda/ros2_ws/install/my_py_pkg:/opt/ros/humble PYTHONPATH=/home/barakooda/ros2_ws/build/my_py_pkg:/home/barakooda/ros2_ws/install/my_py_pkg/lib/python3.10/site-packages:/home/barakooda/ros2_ws/install/my_robot_interfaces/local/lib/python3.10/dist-packages:/opt/ros/humble/lib/python3.10/site-packages:/opt/ros/humble/local/lib/python3.10/dist-packages /usr/bin/cmake --install /home/barakooda/ros2_ws/build/my_robot_bringup
