[0.026s] Invoking command in '/home/barakooda/ros2_ws/build/my_robot_interfaces': CMAKE_PREFIX_PATH=${CMAKE_PREFIX_PATH}:/home/barakooda/ros2_ws/install/my_py_pkg:/opt/ros/humble /usr/bin/cmake /home/barakooda/ros2_ws/src/my_robot_interfaces -DCMAKE_INSTALL_PREFIX=/home/barakooda/ros2_ws/install/my_robot_interfaces
[0.044s] -- Found ament_cmake: 1.3.8 (/opt/ros/humble/share/ament_cmake/cmake)
[0.156s] -- Override CMake install command with custom implementation using symlinks instead of copying resources
[0.168s] -- Found rosidl_default_generators: 1.2.0 (/opt/ros/humble/share/rosidl_default_generators/cmake)
[0.170s] -- Using all available rosidl_typesupport_c: rosidl_typesupport_fastrtps_c;rosidl_typesupport_introspection_c
[0.171s] -- Found rosidl_adapter: 3.1.5 (/opt/ros/humble/share/rosidl_adapter/cmake)
[0.193s] -- Using all available rosidl_typesupport_cpp: rosidl_typesupport_fastrtps_cpp;rosidl_typesupport_introspection_cpp
[0.492s] -- Found ament_cmake_ros: 0.10.0 (/opt/ros/humble/share/ament_cmake_ros/cmake)
[0.682s] -- Using all available rosidl_typesupport_c: rosidl_typesupport_fastrtps_c;rosidl_typesupport_introspection_c
[0.910s] -- Using all available rosidl_typesupport_cpp: rosidl_typesupport_fastrtps_cpp;rosidl_typesupport_introspection_cpp
[0.931s] -- Found python_cmake_module: 0.10.0 (/opt/ros/humble/share/python_cmake_module/cmake)
[0.952s] -- Using PYTHON_EXECUTABLE: /usr/bin/python3
[0.952s] -- Using PYTHON_INCLUDE_DIRS: /usr/include/python3.10
[0.952s] -- Using PYTHON_LIBRARIES: /usr/lib/x86_64-linux-gnu/libpython3.10.so
[0.988s] -- Configuring done
[1.093s] -- Generating done
[1.101s] -- Build files have been written to: /home/barakooda/ros2_ws/build/my_robot_interfaces
[1.109s] Invoked command in '/home/barakooda/ros2_ws/build/my_robot_interfaces' returned '0': CMAKE_PREFIX_PATH=${CMAKE_PREFIX_PATH}:/home/barakooda/ros2_ws/install/my_py_pkg:/opt/ros/humble /usr/bin/cmake /home/barakooda/ros2_ws/src/my_robot_interfaces -DCMAKE_INSTALL_PREFIX=/home/barakooda/ros2_ws/install/my_robot_interfaces
[1.109s] Invoking command in '/home/barakooda/ros2_ws/build/my_robot_interfaces': CMAKE_PREFIX_PATH=${CMAKE_PREFIX_PATH}:/home/barakooda/ros2_ws/install/my_py_pkg:/opt/ros/humble /usr/bin/cmake --build /home/barakooda/ros2_ws/build/my_robot_interfaces -- -j8 -l8
[1.173s] [35m[1mConsolidate compiler generated dependencies of target my_robot_interfaces__rosidl_generator_c[0m
[1.181s] [  1%] Built target my_robot_interfaces__cpp
[1.190s] [ 12%] Built target my_robot_interfaces__rosidl_generator_c
[1.191s] [ 12%] Built target ament_cmake_python_symlink_my_robot_interfaces
[1.202s] [35m[1mConsolidate compiler generated dependencies of target my_robot_interfaces__rosidl_typesupport_fastrtps_cpp[0m
[1.207s] [35m[1mConsolidate compiler generated dependencies of target my_robot_interfaces__rosidl_typesupport_cpp[0m
[1.207s] [35m[1mConsolidate compiler generated dependencies of target my_robot_interfaces__rosidl_typesupport_introspection_cpp[0m
[1.214s] [35m[1mConsolidate compiler generated dependencies of target my_robot_interfaces__rosidl_typesupport_fastrtps_c[0m
[1.221s] [35m[1mConsolidate compiler generated dependencies of target my_robot_interfaces__rosidl_typesupport_introspection_c[0m
[1.222s] [35m[1mConsolidate compiler generated dependencies of target my_robot_interfaces__rosidl_typesupport_c[0m
[1.227s] [ 23%] Built target my_robot_interfaces__rosidl_typesupport_cpp
[1.232s] [ 35%] Built target my_robot_interfaces__rosidl_typesupport_fastrtps_cpp
[1.244s] [ 57%] Built target my_robot_interfaces__rosidl_typesupport_introspection_cpp
[1.244s] [ 57%] Built target my_robot_interfaces__rosidl_typesupport_fastrtps_c
[1.250s] [ 69%] Built target my_robot_interfaces__rosidl_typesupport_introspection_c
[1.256s] [ 80%] Built target my_robot_interfaces__rosidl_typesupport_c
[1.289s] [ 80%] Built target my_robot_interfaces
[1.324s] [ 81%] Built target my_robot_interfaces__py
[1.351s] [35m[1mConsolidate compiler generated dependencies of target my_robot_interfaces__rosidl_generator_py[0m
[1.381s] [ 91%] Built target my_robot_interfaces__rosidl_generator_py
[1.404s] [35m[1mConsolidate compiler generated dependencies of target my_robot_interfaces__rosidl_typesupport_fastrtps_c__pyext[0m
[1.404s] [35m[1mConsolidate compiler generated dependencies of target my_robot_interfaces__rosidl_typesupport_introspection_c__pyext[0m
[1.404s] [35m[1mConsolidate compiler generated dependencies of target my_robot_interfaces__rosidl_typesupport_c__pyext[0m
[1.414s] [ 97%] Built target my_robot_interfaces__rosidl_typesupport_c__pyext
[1.414s] [ 95%] Built target my_robot_interfaces__rosidl_typesupport_fastrtps_c__pyext
[1.415s] [100%] Built target my_robot_interfaces__rosidl_typesupport_introspection_c__pyext
[1.455s] running egg_info
[1.455s] writing my_robot_interfaces.egg-info/PKG-INFO
[1.455s] writing dependency_links to my_robot_interfaces.egg-info/dependency_links.txt
[1.456s] writing top-level names to my_robot_interfaces.egg-info/top_level.txt
[1.458s] reading manifest file 'my_robot_interfaces.egg-info/SOURCES.txt'
[1.460s] writing manifest file 'my_robot_interfaces.egg-info/SOURCES.txt'
[1.491s] [100%] Built target ament_cmake_python_build_my_robot_interfaces_egg
[1.516s] Invoked command in '/home/barakooda/ros2_ws/build/my_robot_interfaces' returned '0': CMAKE_PREFIX_PATH=${CMAKE_PREFIX_PATH}:/home/barakooda/ros2_ws/install/my_py_pkg:/opt/ros/humble /usr/bin/cmake --build /home/barakooda/ros2_ws/build/my_robot_interfaces -- -j8 -l8
[2.066s] Invoking command in '/home/barakooda/ros2_ws/build/my_robot_interfaces': CMAKE_PREFIX_PATH=${CMAKE_PREFIX_PATH}:/home/barakooda/ros2_ws/install/my_py_pkg:/opt/ros/humble /usr/bin/cmake --install /home/barakooda/ros2_ws/build/my_robot_interfaces
[2.078s] -- Install configuration: ""
[2.080s] -- Execute custom install script
[2.080s] -- Up-to-date symlink: /home/barakooda/ros2_ws/install/my_robot_interfaces/share/ament_index/resource_index/rosidl_interfaces/my_robot_interfaces
[2.081s] -- Up-to-date symlink: /home/barakooda/ros2_ws/install/my_robot_interfaces/include/my_robot_interfaces/my_robot_interfaces/msg/detail/hardware_status__functions.h
[2.081s] -- Up-to-date symlink: /home/barakooda/ros2_ws/install/my_robot_interfaces/include/my_robot_interfaces/my_robot_interfaces/msg/detail/hardware_status__struct.h
[2.082s] -- Up-to-date symlink: /home/barakooda/ros2_ws/install/my_robot_interfaces/include/my_robot_interfaces/my_robot_interfaces/msg/detail/hardware_status__type_support.h
[2.082s] -- Up-to-date symlink: /home/barakooda/ros2_ws/install/my_robot_interfaces/include/my_robot_interfaces/my_robot_interfaces/msg/detail/led_status__functions.h
[2.082s] -- Up-to-date symlink: /home/barakooda/ros2_ws/install/my_robot_interfaces/include/my_robot_interfaces/my_robot_interfaces/msg/detail/led_status__struct.h
[2.082s] -- Up-to-date symlink: /home/barakooda/ros2_ws/install/my_robot_interfaces/include/my_robot_interfaces/my_robot_interfaces/msg/detail/led_status__type_support.h
[2.082s] -- Up-to-date symlink: /home/barakooda/ros2_ws/install/my_robot_interfaces/include/my_robot_interfaces/my_robot_interfaces/msg/detail/turtle__functions.h
[2.082s] -- Up-to-date symlink: /home/barakooda/ros2_ws/install/my_robot_interfaces/include/my_robot_interfaces/my_robot_interfaces/msg/detail/turtle__struct.h
[2.082s] -- Up-to-date symlink: /home/barakooda/ros2_ws/install/my_robot_interfaces/include/my_robot_interfaces/my_robot_interfaces/msg/detail/turtle__type_support.h
[2.083s] -- Up-to-date symlink: /home/barakooda/ros2_ws/install/my_robot_interfaces/include/my_robot_interfaces/my_robot_interfaces/msg/detail/turtle_array__functions.h
[2.083s] -- Up-to-date symlink: /home/barakooda/ros2_ws/install/my_robot_interfaces/include/my_robot_interfaces/my_robot_interfaces/msg/detail/turtle_array__struct.h
[2.084s] -- Up-to-date symlink: /home/barakooda/ros2_ws/install/my_robot_interfaces/include/my_robot_interfaces/my_robot_interfaces/msg/detail/turtle_array__type_support.h
[2.084s] -- Up-to-date symlink: /home/barakooda/ros2_ws/install/my_robot_interfaces/include/my_robot_interfaces/my_robot_interfaces/msg/hardware_status.h
[2.084s] -- Up-to-date symlink: /home/barakooda/ros2_ws/install/my_robot_interfaces/include/my_robot_interfaces/my_robot_interfaces/msg/led_status.h
[2.084s] -- Up-to-date symlink: /home/barakooda/ros2_ws/install/my_robot_interfaces/include/my_robot_interfaces/my_robot_interfaces/msg/rosidl_generator_c__visibility_control.h
[2.084s] -- Up-to-date symlink: /home/barakooda/ros2_ws/install/my_robot_interfaces/include/my_robot_interfaces/my_robot_interfaces/msg/turtle.h
[2.084s] -- Up-to-date symlink: /home/barakooda/ros2_ws/install/my_robot_interfaces/include/my_robot_interfaces/my_robot_interfaces/msg/turtle_array.h
[2.084s] -- Up-to-date symlink: /home/barakooda/ros2_ws/install/my_robot_interfaces/include/my_robot_interfaces/my_robot_interfaces/srv/catched_turtle.h
[2.085s] -- Up-to-date symlink: /home/barakooda/ros2_ws/install/my_robot_interfaces/include/my_robot_interfaces/my_robot_interfaces/srv/detail/catched_turtle__functions.h
[2.085s] -- Up-to-date symlink: /home/barakooda/ros2_ws/install/my_robot_interfaces/include/my_robot_interfaces/my_robot_interfaces/srv/detail/catched_turtle__struct.h
[2.085s] -- Up-to-date symlink: /home/barakooda/ros2_ws/install/my_robot_interfaces/include/my_robot_interfaces/my_robot_interfaces/srv/detail/catched_turtle__type_support.h
[2.085s] -- Up-to-date symlink: /home/barakooda/ros2_ws/install/my_robot_interfaces/include/my_robot_interfaces/my_robot_interfaces/srv/detail/set_led__functions.h
[2.086s] -- Up-to-date symlink: /home/barakooda/ros2_ws/install/my_robot_interfaces/include/my_robot_interfaces/my_robot_interfaces/srv/detail/set_led__struct.h
[2.086s] -- Up-to-date symlink: /home/barakooda/ros2_ws/install/my_robot_interfaces/include/my_robot_interfaces/my_robot_interfaces/srv/detail/set_led__type_support.h
[2.086s] -- Up-to-date symlink: /home/barakooda/ros2_ws/install/my_robot_interfaces/include/my_robot_interfaces/my_robot_interfaces/srv/set_led.h
[2.086s] -- Up-to-date symlink: /home/barakooda/ros2_ws/install/my_robot_interfaces/share/my_robot_interfaces/environment/library_path.sh
[2.087s] -- Up-to-date symlink: /home/barakooda/ros2_ws/install/my_robot_interfaces/share/my_robot_interfaces/environment/library_path.dsv
[2.087s] -- Up-to-date symlink: /home/barakooda/ros2_ws/install/my_robot_interfaces/include/my_robot_interfaces/my_robot_interfaces/msg/detail/hardware_status__rosidl_typesupport_fastrtps_c.h
[2.087s] -- Up-to-date symlink: /home/barakooda/ros2_ws/install/my_robot_interfaces/include/my_robot_interfaces/my_robot_interfaces/msg/detail/led_status__rosidl_typesupport_fastrtps_c.h
[2.088s] -- Up-to-date symlink: /home/barakooda/ros2_ws/install/my_robot_interfaces/include/my_robot_interfaces/my_robot_interfaces/msg/detail/turtle__rosidl_typesupport_fastrtps_c.h
[2.088s] -- Up-to-date symlink: /home/barakooda/ros2_ws/install/my_robot_interfaces/include/my_robot_interfaces/my_robot_interfaces/msg/detail/turtle_array__rosidl_typesupport_fastrtps_c.h
[2.088s] -- Up-to-date symlink: /home/barakooda/ros2_ws/install/my_robot_interfaces/include/my_robot_interfaces/my_robot_interfaces/msg/rosidl_typesupport_fastrtps_c__visibility_control.h
[2.088s] -- Up-to-date symlink: /home/barakooda/ros2_ws/install/my_robot_interfaces/include/my_robot_interfaces/my_robot_interfaces/srv/detail/catched_turtle__rosidl_typesupport_fastrtps_c.h
[2.089s] -- Up-to-date symlink: /home/barakooda/ros2_ws/install/my_robot_interfaces/include/my_robot_interfaces/my_robot_interfaces/srv/detail/set_led__rosidl_typesupport_fastrtps_c.h
[2.089s] -- Up-to-date symlink: /home/barakooda/ros2_ws/install/my_robot_interfaces/include/my_robot_interfaces/my_robot_interfaces/msg/detail/hardware_status__rosidl_typesupport_introspection_c.h
[2.090s] -- Up-to-date symlink: /home/barakooda/ros2_ws/install/my_robot_interfaces/include/my_robot_interfaces/my_robot_interfaces/msg/detail/led_status__rosidl_typesupport_introspection_c.h
[2.090s] -- Up-to-date symlink: /home/barakooda/ros2_ws/install/my_robot_interfaces/include/my_robot_interfaces/my_robot_interfaces/msg/detail/turtle__rosidl_typesupport_introspection_c.h
[2.090s] -- Up-to-date symlink: /home/barakooda/ros2_ws/install/my_robot_interfaces/include/my_robot_interfaces/my_robot_interfaces/msg/detail/turtle_array__rosidl_typesupport_introspection_c.h
[2.090s] -- Up-to-date symlink: /home/barakooda/ros2_ws/install/my_robot_interfaces/include/my_robot_interfaces/my_robot_interfaces/msg/rosidl_typesupport_introspection_c__visibility_control.h
[2.090s] -- Up-to-date symlink: /home/barakooda/ros2_ws/install/my_robot_interfaces/include/my_robot_interfaces/my_robot_interfaces/srv/detail/catched_turtle__rosidl_typesupport_introspection_c.h
[2.091s] -- Up-to-date symlink: /home/barakooda/ros2_ws/install/my_robot_interfaces/include/my_robot_interfaces/my_robot_interfaces/srv/detail/set_led__rosidl_typesupport_introspection_c.h
[2.091s] -- Up-to-date symlink: /home/barakooda/ros2_ws/install/my_robot_interfaces/include/my_robot_interfaces/my_robot_interfaces/msg/detail/hardware_status__builder.hpp
[2.091s] -- Up-to-date symlink: /home/barakooda/ros2_ws/install/my_robot_interfaces/include/my_robot_interfaces/my_robot_interfaces/msg/detail/hardware_status__struct.hpp
[2.091s] -- Up-to-date symlink: /home/barakooda/ros2_ws/install/my_robot_interfaces/include/my_robot_interfaces/my_robot_interfaces/msg/detail/hardware_status__traits.hpp
[2.091s] -- Up-to-date symlink: /home/barakooda/ros2_ws/install/my_robot_interfaces/include/my_robot_interfaces/my_robot_interfaces/msg/detail/led_status__builder.hpp
[2.092s] -- Up-to-date symlink: /home/barakooda/ros2_ws/install/my_robot_interfaces/include/my_robot_interfaces/my_robot_interfaces/msg/detail/led_status__struct.hpp
[2.092s] -- Up-to-date symlink: /home/barakooda/ros2_ws/install/my_robot_interfaces/include/my_robot_interfaces/my_robot_interfaces/msg/detail/led_status__traits.hpp
[2.093s] -- Up-to-date symlink: /home/barakooda/ros2_ws/install/my_robot_interfaces/include/my_robot_interfaces/my_robot_interfaces/msg/detail/turtle__builder.hpp
[2.093s] -- Up-to-date symlink: /home/barakooda/ros2_ws/install/my_robot_interfaces/include/my_robot_interfaces/my_robot_interfaces/msg/detail/turtle__struct.hpp
[2.093s] -- Up-to-date symlink: /home/barakooda/ros2_ws/install/my_robot_interfaces/include/my_robot_interfaces/my_robot_interfaces/msg/detail/turtle__traits.hpp
[2.093s] -- Up-to-date symlink: /home/barakooda/ros2_ws/install/my_robot_interfaces/include/my_robot_interfaces/my_robot_interfaces/msg/detail/turtle_array__builder.hpp
[2.093s] -- Up-to-date symlink: /home/barakooda/ros2_ws/install/my_robot_interfaces/include/my_robot_interfaces/my_robot_interfaces/msg/detail/turtle_array__struct.hpp
[2.094s] -- Up-to-date symlink: /home/barakooda/ros2_ws/install/my_robot_interfaces/include/my_robot_interfaces/my_robot_interfaces/msg/detail/turtle_array__traits.hpp
[2.094s] -- Up-to-date symlink: /home/barakooda/ros2_ws/install/my_robot_interfaces/include/my_robot_interfaces/my_robot_interfaces/msg/hardware_status.hpp
[2.094s] -- Up-to-date symlink: /home/barakooda/ros2_ws/install/my_robot_interfaces/include/my_robot_interfaces/my_robot_interfaces/msg/led_status.hpp
[2.094s] -- Up-to-date symlink: /home/barakooda/ros2_ws/install/my_robot_interfaces/include/my_robot_interfaces/my_robot_interfaces/msg/turtle.hpp
[2.094s] -- Up-to-date symlink: /home/barakooda/ros2_ws/install/my_robot_interfaces/include/my_robot_interfaces/my_robot_interfaces/msg/turtle_array.hpp
[2.094s] -- Up-to-date symlink: /home/barakooda/ros2_ws/install/my_robot_interfaces/include/my_robot_interfaces/my_robot_interfaces/srv/catched_turtle.hpp
[2.094s] -- Up-to-date symlink: /home/barakooda/ros2_ws/install/my_robot_interfaces/include/my_robot_interfaces/my_robot_interfaces/srv/detail/catched_turtle__builder.hpp
[2.095s] -- Up-to-date symlink: /home/barakooda/ros2_ws/install/my_robot_interfaces/include/my_robot_interfaces/my_robot_interfaces/srv/detail/catched_turtle__struct.hpp
[2.095s] -- Up-to-date symlink: /home/barakooda/ros2_ws/install/my_robot_interfaces/include/my_robot_interfaces/my_robot_interfaces/srv/detail/catched_turtle__traits.hpp
[2.095s] -- Up-to-date symlink: /home/barakooda/ros2_ws/install/my_robot_interfaces/include/my_robot_interfaces/my_robot_interfaces/srv/detail/set_led__builder.hpp
[2.096s] -- Up-to-date symlink: /home/barakooda/ros2_ws/install/my_robot_interfaces/include/my_robot_interfaces/my_robot_interfaces/srv/detail/set_led__struct.hpp
[2.097s] -- Up-to-date symlink: /home/barakooda/ros2_ws/install/my_robot_interfaces/include/my_robot_interfaces/my_robot_interfaces/srv/detail/set_led__traits.hpp
[2.097s] -- Up-to-date symlink: /home/barakooda/ros2_ws/install/my_robot_interfaces/include/my_robot_interfaces/my_robot_interfaces/srv/set_led.hpp
[2.097s] -- Up-to-date symlink: /home/barakooda/ros2_ws/install/my_robot_interfaces/include/my_robot_interfaces/my_robot_interfaces/msg/detail/hardware_status__rosidl_typesupport_fastrtps_cpp.hpp
[2.097s] -- Up-to-date symlink: /home/barakooda/ros2_ws/install/my_robot_interfaces/include/my_robot_interfaces/my_robot_interfaces/msg/detail/led_status__rosidl_typesupport_fastrtps_cpp.hpp
[2.097s] -- Up-to-date symlink: /home/barakooda/ros2_ws/install/my_robot_interfaces/include/my_robot_interfaces/my_robot_interfaces/msg/detail/turtle__rosidl_typesupport_fastrtps_cpp.hpp
[2.098s] -- Up-to-date symlink: /home/barakooda/ros2_ws/install/my_robot_interfaces/include/my_robot_interfaces/my_robot_interfaces/msg/detail/turtle_array__rosidl_typesupport_fastrtps_cpp.hpp
[2.098s] -- Up-to-date symlink: /home/barakooda/ros2_ws/install/my_robot_interfaces/include/my_robot_interfaces/my_robot_interfaces/msg/rosidl_typesupport_fastrtps_cpp__visibility_control.h
[2.099s] -- Up-to-date symlink: /home/barakooda/ros2_ws/install/my_robot_interfaces/include/my_robot_interfaces/my_robot_interfaces/srv/detail/catched_turtle__rosidl_typesupport_fastrtps_cpp.hpp
[2.102s] -- Up-to-date symlink: /home/barakooda/ros2_ws/install/my_robot_interfaces/include/my_robot_interfaces/my_robot_interfaces/srv/detail/set_led__rosidl_typesupport_fastrtps_cpp.hpp
[2.102s] -- Up-to-date symlink: /home/barakooda/ros2_ws/install/my_robot_interfaces/include/my_robot_interfaces/my_robot_interfaces/msg/detail/hardware_status__rosidl_typesupport_introspection_cpp.hpp
[2.102s] -- Up-to-date symlink: /home/barakooda/ros2_ws/install/my_robot_interfaces/include/my_robot_interfaces/my_robot_interfaces/msg/detail/led_status__rosidl_typesupport_introspection_cpp.hpp
[2.102s] -- Up-to-date symlink: /home/barakooda/ros2_ws/install/my_robot_interfaces/include/my_robot_interfaces/my_robot_interfaces/msg/detail/turtle__rosidl_typesupport_introspection_cpp.hpp
[2.102s] -- Up-to-date symlink: /home/barakooda/ros2_ws/install/my_robot_interfaces/include/my_robot_interfaces/my_robot_interfaces/msg/detail/turtle_array__rosidl_typesupport_introspection_cpp.hpp
[2.102s] -- Up-to-date symlink: /home/barakooda/ros2_ws/install/my_robot_interfaces/include/my_robot_interfaces/my_robot_interfaces/srv/detail/catched_turtle__rosidl_typesupport_introspection_cpp.hpp
[2.105s] -- Up-to-date symlink: /home/barakooda/ros2_ws/install/my_robot_interfaces/include/my_robot_interfaces/my_robot_interfaces/srv/detail/set_led__rosidl_typesupport_introspection_cpp.hpp
[2.106s] -- Up-to-date symlink: /home/barakooda/ros2_ws/install/my_robot_interfaces/share/my_robot_interfaces/environment/pythonpath.sh
[2.106s] -- Up-to-date symlink: /home/barakooda/ros2_ws/install/my_robot_interfaces/share/my_robot_interfaces/environment/pythonpath.dsv
[2.106s] -- Up-to-date symlink: /home/barakooda/ros2_ws/install/my_robot_interfaces/local/lib/python3.10/dist-packages/my_robot_interfaces-0.0.0-py3.10.egg-info/PKG-INFO
[2.106s] -- Up-to-date symlink: /home/barakooda/ros2_ws/install/my_robot_interfaces/local/lib/python3.10/dist-packages/my_robot_interfaces-0.0.0-py3.10.egg-info/SOURCES.txt
[2.110s] -- Up-to-date symlink: /home/barakooda/ros2_ws/install/my_robot_interfaces/local/lib/python3.10/dist-packages/my_robot_interfaces-0.0.0-py3.10.egg-info/dependency_links.txt
[2.111s] -- Up-to-date symlink: /home/barakooda/ros2_ws/install/my_robot_interfaces/local/lib/python3.10/dist-packages/my_robot_interfaces-0.0.0-py3.10.egg-info/top_level.txt
[2.111s] -- Up-to-date symlink: /home/barakooda/ros2_ws/install/my_robot_interfaces/local/lib/python3.10/dist-packages/my_robot_interfaces/__init__.py
[2.111s] -- Up-to-date symlink: /home/barakooda/ros2_ws/install/my_robot_interfaces/local/lib/python3.10/dist-packages/my_robot_interfaces/_my_robot_interfaces_s.ep.rosidl_typesupport_c.c
[2.111s] -- Up-to-date symlink: /home/barakooda/ros2_ws/install/my_robot_interfaces/local/lib/python3.10/dist-packages/my_robot_interfaces/_my_robot_interfaces_s.ep.rosidl_typesupport_fastrtps_c.c
[2.112s] -- Up-to-date symlink: /home/barakooda/ros2_ws/install/my_robot_interfaces/local/lib/python3.10/dist-packages/my_robot_interfaces/_my_robot_interfaces_s.ep.rosidl_typesupport_introspection_c.c
[2.112s] -- Up-to-date symlink: /home/barakooda/ros2_ws/install/my_robot_interfaces/local/lib/python3.10/dist-packages/my_robot_interfaces/libmy_robot_interfaces__rosidl_generator_py.so
[2.112s] -- Up-to-date symlink: /home/barakooda/ros2_ws/install/my_robot_interfaces/local/lib/python3.10/dist-packages/my_robot_interfaces/msg/__init__.py
[2.112s] -- Up-to-date symlink: /home/barakooda/ros2_ws/install/my_robot_interfaces/local/lib/python3.10/dist-packages/my_robot_interfaces/msg/_hardware_status.py
[2.112s] -- Up-to-date symlink: /home/barakooda/ros2_ws/install/my_robot_interfaces/local/lib/python3.10/dist-packages/my_robot_interfaces/msg/_hardware_status_s.c
[2.113s] -- Up-to-date symlink: /home/barakooda/ros2_ws/install/my_robot_interfaces/local/lib/python3.10/dist-packages/my_robot_interfaces/msg/_led_status.py
[2.113s] -- Up-to-date symlink: /home/barakooda/ros2_ws/install/my_robot_interfaces/local/lib/python3.10/dist-packages/my_robot_interfaces/msg/_led_status_s.c
[2.113s] -- Up-to-date symlink: /home/barakooda/ros2_ws/install/my_robot_interfaces/local/lib/python3.10/dist-packages/my_robot_interfaces/msg/_turtle.py
[2.113s] -- Up-to-date symlink: /home/barakooda/ros2_ws/install/my_robot_interfaces/local/lib/python3.10/dist-packages/my_robot_interfaces/msg/_turtle_array.py
[2.113s] -- Up-to-date symlink: /home/barakooda/ros2_ws/install/my_robot_interfaces/local/lib/python3.10/dist-packages/my_robot_interfaces/msg/_turtle_array_s.c
[2.113s] -- Up-to-date symlink: /home/barakooda/ros2_ws/install/my_robot_interfaces/local/lib/python3.10/dist-packages/my_robot_interfaces/msg/_turtle_s.c
[2.114s] -- Up-to-date symlink: /home/barakooda/ros2_ws/install/my_robot_interfaces/local/lib/python3.10/dist-packages/my_robot_interfaces/my_robot_interfaces_s__rosidl_typesupport_c.cpython-310-x86_64-linux-gnu.so
[2.114s] -- Up-to-date symlink: /home/barakooda/ros2_ws/install/my_robot_interfaces/local/lib/python3.10/dist-packages/my_robot_interfaces/my_robot_interfaces_s__rosidl_typesupport_fastrtps_c.cpython-310-x86_64-linux-gnu.so
[2.114s] -- Up-to-date symlink: /home/barakooda/ros2_ws/install/my_robot_interfaces/local/lib/python3.10/dist-packages/my_robot_interfaces/my_robot_interfaces_s__rosidl_typesupport_introspection_c.cpython-310-x86_64-linux-gnu.so
[2.114s] -- Up-to-date symlink: /home/barakooda/ros2_ws/install/my_robot_interfaces/local/lib/python3.10/dist-packages/my_robot_interfaces/srv/__init__.py
[2.114s] -- Up-to-date symlink: /home/barakooda/ros2_ws/install/my_robot_interfaces/local/lib/python3.10/dist-packages/my_robot_interfaces/srv/_catched_turtle.py
[2.114s] -- Up-to-date symlink: /home/barakooda/ros2_ws/install/my_robot_interfaces/local/lib/python3.10/dist-packages/my_robot_interfaces/srv/_catched_turtle_s.c
[2.115s] -- Up-to-date symlink: /home/barakooda/ros2_ws/install/my_robot_interfaces/local/lib/python3.10/dist-packages/my_robot_interfaces/srv/_set_led.py
[2.115s] -- Up-to-date symlink: /home/barakooda/ros2_ws/install/my_robot_interfaces/local/lib/python3.10/dist-packages/my_robot_interfaces/srv/_set_led_s.c
[2.115s] -- Up-to-date symlink: /home/barakooda/ros2_ws/install/my_robot_interfaces/local/lib/python3.10/dist-packages/my_robot_interfaces/my_robot_interfaces_s__rosidl_typesupport_fastrtps_c.cpython-310-x86_64-linux-gnu.so
[2.115s] -- Up-to-date symlink: /home/barakooda/ros2_ws/install/my_robot_interfaces/local/lib/python3.10/dist-packages/my_robot_interfaces/my_robot_interfaces_s__rosidl_typesupport_introspection_c.cpython-310-x86_64-linux-gnu.so
[2.115s] -- Up-to-date symlink: /home/barakooda/ros2_ws/install/my_robot_interfaces/local/lib/python3.10/dist-packages/my_robot_interfaces/my_robot_interfaces_s__rosidl_typesupport_c.cpython-310-x86_64-linux-gnu.so
[2.115s] -- Up-to-date symlink: /home/barakooda/ros2_ws/install/my_robot_interfaces/share/my_robot_interfaces/msg/HardwareStatus.idl
[2.115s] -- Up-to-date symlink: /home/barakooda/ros2_ws/install/my_robot_interfaces/share/my_robot_interfaces/msg/LedStatus.idl
[2.116s] -- Up-to-date symlink: /home/barakooda/ros2_ws/install/my_robot_interfaces/share/my_robot_interfaces/msg/Turtle.idl
[2.116s] -- Up-to-date symlink: /home/barakooda/ros2_ws/install/my_robot_interfaces/share/my_robot_interfaces/msg/TurtleArray.idl
[2.116s] -- Up-to-date symlink: /home/barakooda/ros2_ws/install/my_robot_interfaces/share/my_robot_interfaces/srv/CatchedTurtle.idl
[2.116s] -- Up-to-date symlink: /home/barakooda/ros2_ws/install/my_robot_interfaces/share/my_robot_interfaces/srv/SetLed.idl
[2.116s] -- Up-to-date symlink: /home/barakooda/ros2_ws/install/my_robot_interfaces/share/my_robot_interfaces/msg/HardwareStatus.msg
[2.116s] -- Up-to-date symlink: /home/barakooda/ros2_ws/install/my_robot_interfaces/share/my_robot_interfaces/msg/LedStatus.msg
[2.116s] -- Up-to-date symlink: /home/barakooda/ros2_ws/install/my_robot_interfaces/share/my_robot_interfaces/msg/Turtle.msg
[2.116s] -- Up-to-date symlink: /home/barakooda/ros2_ws/install/my_robot_interfaces/share/my_robot_interfaces/msg/TurtleArray.msg
[2.116s] -- Up-to-date symlink: /home/barakooda/ros2_ws/install/my_robot_interfaces/share/my_robot_interfaces/srv/CatchedTurtle.srv
[2.117s] -- Up-to-date symlink: /home/barakooda/ros2_ws/install/my_robot_interfaces/share/my_robot_interfaces/srv/CatchedTurtle_Request.msg
[2.117s] -- Up-to-date symlink: /home/barakooda/ros2_ws/install/my_robot_interfaces/share/my_robot_interfaces/srv/CatchedTurtle_Response.msg
[2.117s] -- Up-to-date symlink: /home/barakooda/ros2_ws/install/my_robot_interfaces/share/my_robot_interfaces/srv/SetLed.srv
[2.117s] -- Up-to-date symlink: /home/barakooda/ros2_ws/install/my_robot_interfaces/share/my_robot_interfaces/srv/SetLed_Request.msg
[2.117s] -- Up-to-date symlink: /home/barakooda/ros2_ws/install/my_robot_interfaces/share/my_robot_interfaces/srv/SetLed_Response.msg
[2.117s] -- Up-to-date symlink: /home/barakooda/ros2_ws/install/my_robot_interfaces/share/ament_index/resource_index/package_run_dependencies/my_robot_interfaces
[2.117s] -- Up-to-date symlink: /home/barakooda/ros2_ws/install/my_robot_interfaces/share/ament_index/resource_index/parent_prefix_path/my_robot_interfaces
[2.117s] -- Up-to-date symlink: /home/barakooda/ros2_ws/install/my_robot_interfaces/share/my_robot_interfaces/environment/ament_prefix_path.sh
[2.117s] -- Up-to-date symlink: /home/barakooda/ros2_ws/install/my_robot_interfaces/share/my_robot_interfaces/environment/ament_prefix_path.dsv
[2.117s] -- Up-to-date symlink: /home/barakooda/ros2_ws/install/my_robot_interfaces/share/my_robot_interfaces/environment/path.sh
[2.118s] -- Up-to-date symlink: /home/barakooda/ros2_ws/install/my_robot_interfaces/share/my_robot_interfaces/environment/path.dsv
[2.118s] -- Up-to-date symlink: /home/barakooda/ros2_ws/install/my_robot_interfaces/share/my_robot_interfaces/local_setup.bash
[2.118s] -- Up-to-date symlink: /home/barakooda/ros2_ws/install/my_robot_interfaces/share/my_robot_interfaces/local_setup.sh
[2.118s] -- Up-to-date symlink: /home/barakooda/ros2_ws/install/my_robot_interfaces/share/my_robot_interfaces/local_setup.zsh
[2.118s] -- Up-to-date symlink: /home/barakooda/ros2_ws/install/my_robot_interfaces/share/my_robot_interfaces/local_setup.dsv
[2.118s] -- Symlinking: /home/barakooda/ros2_ws/install/my_robot_interfaces/share/my_robot_interfaces/package.dsv
[2.124s] -- Up-to-date symlink: /home/barakooda/ros2_ws/install/my_robot_interfaces/share/ament_index/resource_index/packages/my_robot_interfaces
[2.125s] -- Up-to-date symlink: /home/barakooda/ros2_ws/install/my_robot_interfaces/share/my_robot_interfaces/cmake/rosidl_cmake-extras.cmake
[2.126s] -- Up-to-date symlink: /home/barakooda/ros2_ws/install/my_robot_interfaces/share/my_robot_interfaces/cmake/ament_cmake_export_include_directories-extras.cmake
[2.126s] -- Up-to-date symlink: /home/barakooda/ros2_ws/install/my_robot_interfaces/share/my_robot_interfaces/cmake/ament_cmake_export_libraries-extras.cmake
[2.126s] -- Up-to-date symlink: /home/barakooda/ros2_ws/install/my_robot_interfaces/share/my_robot_interfaces/cmake/ament_cmake_export_targets-extras.cmake
[2.126s] -- Up-to-date symlink: /home/barakooda/ros2_ws/install/my_robot_interfaces/share/my_robot_interfaces/cmake/rosidl_cmake_export_typesupport_targets-extras.cmake
[2.126s] -- Up-to-date symlink: /home/barakooda/ros2_ws/install/my_robot_interfaces/share/my_robot_interfaces/cmake/ament_cmake_export_dependencies-extras.cmake
[2.126s] -- Up-to-date symlink: /home/barakooda/ros2_ws/install/my_robot_interfaces/share/my_robot_interfaces/cmake/rosidl_cmake_export_typesupport_libraries-extras.cmake
[2.127s] -- Up-to-date symlink: /home/barakooda/ros2_ws/install/my_robot_interfaces/share/my_robot_interfaces/cmake/my_robot_interfacesConfig.cmake
[2.127s] -- Up-to-date symlink: /home/barakooda/ros2_ws/install/my_robot_interfaces/share/my_robot_interfaces/cmake/my_robot_interfacesConfig-version.cmake
[2.127s] -- Up-to-date symlink: /home/barakooda/ros2_ws/install/my_robot_interfaces/share/my_robot_interfaces/package.xml
[2.131s] -- Up-to-date: /home/barakooda/ros2_ws/install/my_robot_interfaces/lib/libmy_robot_interfaces__rosidl_generator_c.so
[2.133s] -- Up-to-date: /home/barakooda/ros2_ws/install/my_robot_interfaces/lib/libmy_robot_interfaces__rosidl_typesupport_fastrtps_c.so
[2.136s] -- Up-to-date: /home/barakooda/ros2_ws/install/my_robot_interfaces/lib/libmy_robot_interfaces__rosidl_typesupport_introspection_c.so
[2.140s] -- Up-to-date: /home/barakooda/ros2_ws/install/my_robot_interfaces/lib/libmy_robot_interfaces__rosidl_typesupport_c.so
[2.142s] -- Up-to-date: /home/barakooda/ros2_ws/install/my_robot_interfaces/lib/libmy_robot_interfaces__rosidl_typesupport_fastrtps_cpp.so
[2.144s] -- Up-to-date: /home/barakooda/ros2_ws/install/my_robot_interfaces/lib/libmy_robot_interfaces__rosidl_typesupport_introspection_cpp.so
[2.146s] -- Up-to-date: /home/barakooda/ros2_ws/install/my_robot_interfaces/lib/libmy_robot_interfaces__rosidl_typesupport_cpp.so
[2.181s] Listing '/home/barakooda/ros2_ws/install/my_robot_interfaces/local/lib/python3.10/dist-packages/my_robot_interfaces'...
[2.182s] Compiling '/home/barakooda/ros2_ws/install/my_robot_interfaces/local/lib/python3.10/dist-packages/my_robot_interfaces/__init__.py'...
[2.182s] Listing '/home/barakooda/ros2_ws/install/my_robot_interfaces/local/lib/python3.10/dist-packages/my_robot_interfaces/msg'...
[2.182s] Listing '/home/barakooda/ros2_ws/install/my_robot_interfaces/local/lib/python3.10/dist-packages/my_robot_interfaces/srv'...
[2.188s] -- Up-to-date: /home/barakooda/ros2_ws/install/my_robot_interfaces/lib/libmy_robot_interfaces__rosidl_generator_py.so
[2.189s] -- Up-to-date: /home/barakooda/ros2_ws/install/my_robot_interfaces/share/my_robot_interfaces/cmake/export_my_robot_interfaces__rosidl_generator_cExport.cmake
[2.189s] -- Up-to-date: /home/barakooda/ros2_ws/install/my_robot_interfaces/share/my_robot_interfaces/cmake/export_my_robot_interfaces__rosidl_generator_cExport-noconfig.cmake
[2.189s] -- Up-to-date: /home/barakooda/ros2_ws/install/my_robot_interfaces/share/my_robot_interfaces/cmake/export_my_robot_interfaces__rosidl_typesupport_fastrtps_cExport.cmake
[2.189s] -- Up-to-date: /home/barakooda/ros2_ws/install/my_robot_interfaces/share/my_robot_interfaces/cmake/export_my_robot_interfaces__rosidl_typesupport_fastrtps_cExport-noconfig.cmake
[2.190s] -- Up-to-date: /home/barakooda/ros2_ws/install/my_robot_interfaces/share/my_robot_interfaces/cmake/my_robot_interfaces__rosidl_typesupport_introspection_cExport.cmake
[2.190s] -- Up-to-date: /home/barakooda/ros2_ws/install/my_robot_interfaces/share/my_robot_interfaces/cmake/my_robot_interfaces__rosidl_typesupport_introspection_cExport-noconfig.cmake
[2.190s] -- Up-to-date: /home/barakooda/ros2_ws/install/my_robot_interfaces/share/my_robot_interfaces/cmake/my_robot_interfaces__rosidl_typesupport_cExport.cmake
[2.190s] -- Up-to-date: /home/barakooda/ros2_ws/install/my_robot_interfaces/share/my_robot_interfaces/cmake/my_robot_interfaces__rosidl_typesupport_cExport-noconfig.cmake
[2.191s] -- Up-to-date: /home/barakooda/ros2_ws/install/my_robot_interfaces/share/my_robot_interfaces/cmake/export_my_robot_interfaces__rosidl_generator_cppExport.cmake
[2.195s] -- Up-to-date: /home/barakooda/ros2_ws/install/my_robot_interfaces/share/my_robot_interfaces/cmake/export_my_robot_interfaces__rosidl_typesupport_fastrtps_cppExport.cmake
[2.195s] -- Up-to-date: /home/barakooda/ros2_ws/install/my_robot_interfaces/share/my_robot_interfaces/cmake/export_my_robot_interfaces__rosidl_typesupport_fastrtps_cppExport-noconfig.cmake
[2.196s] -- Up-to-date: /home/barakooda/ros2_ws/install/my_robot_interfaces/share/my_robot_interfaces/cmake/my_robot_interfaces__rosidl_typesupport_introspection_cppExport.cmake
[2.196s] -- Up-to-date: /home/barakooda/ros2_ws/install/my_robot_interfaces/share/my_robot_interfaces/cmake/my_robot_interfaces__rosidl_typesupport_introspection_cppExport-noconfig.cmake
[2.197s] -- Up-to-date: /home/barakooda/ros2_ws/install/my_robot_interfaces/share/my_robot_interfaces/cmake/my_robot_interfaces__rosidl_typesupport_cppExport.cmake
[2.197s] -- Up-to-date: /home/barakooda/ros2_ws/install/my_robot_interfaces/share/my_robot_interfaces/cmake/my_robot_interfaces__rosidl_typesupport_cppExport-noconfig.cmake
[2.197s] -- Up-to-date: /home/barakooda/ros2_ws/install/my_robot_interfaces/share/my_robot_interfaces/cmake/export_my_robot_interfaces__rosidl_generator_pyExport.cmake
[2.197s] -- Up-to-date: /home/barakooda/ros2_ws/install/my_robot_interfaces/share/my_robot_interfaces/cmake/export_my_robot_interfaces__rosidl_generator_pyExport-noconfig.cmake
[2.203s] Invoked command in '/home/barakooda/ros2_ws/build/my_robot_interfaces' returned '0': CMAKE_PREFIX_PATH=${CMAKE_PREFIX_PATH}:/home/barakooda/ros2_ws/install/my_py_pkg:/opt/ros/humble /usr/bin/cmake --install /home/barakooda/ros2_ws/build/my_robot_interfaces
