In file included from [01m[K/usr/include/x86_64-linux-gnu/c++/11/bits/c++allocator.h:33[m[K,
                 from [01m[K/usr/include/c++/11/bits/allocator.h:46[m[K,
                 from [01m[K/usr/include/c++/11/memory:64[m[K,
                 from [01m[K/opt/ros/humble/include/rclcpp/rclcpp/rclcpp.hpp:153[m[K,
                 from [01m[K/home/barakooda/ros2_ws/src/turtlesim_catch_them_all/src/turtle_spawner.cpp:1[m[K:
/usr/include/c++/11/ext/new_allocator.h: In instantiation of ‘[01m[Kvoid __gnu_cxx::new_allocator<_Tp>::construct(_Up*, _Args&& ...) [with _Up = turtlesim::srv::Kill_Request_<std::allocator<void> >; _Args = {std::__cxx11::basic_string<char, std::char_traits<char>, std::allocator<char> >&}; _Tp = turtlesim::srv::Kill_Request_<std::allocator<void> >][m[K’:
[01m[K/usr/include/c++/11/bits/alloc_traits.h:516:17:[m[K   required from ‘[01m[Kstatic void std::allocator_traits<std::allocator<_Tp1> >::construct(std::allocator_traits<std::allocator<_Tp1> >::allocator_type&, _Up*, _Args&& ...) [with _Up = turtlesim::srv::Kill_Request_<std::allocator<void> >; _Args = {std::__cxx11::basic_string<char, std::char_traits<char>, std::allocator<char> >&}; _Tp = turtlesim::srv::Kill_Request_<std::allocator<void> >; std::allocator_traits<std::allocator<_Tp1> >::allocator_type = std::allocator<turtlesim::srv::Kill_Request_<std::allocator<void> > >][m[K’
[01m[K/usr/include/c++/11/bits/shared_ptr_base.h:519:39:[m[K   required from ‘[01m[Kstd::_Sp_counted_ptr_inplace<_Tp, _Alloc, _Lp>::_Sp_counted_ptr_inplace(_Alloc, _Args&& ...) [with _Args = {std::__cxx11::basic_string<char, std::char_traits<char>, std::allocator<char> >&}; _Tp = turtlesim::srv::Kill_Request_<std::allocator<void> >; _Alloc = std::allocator<turtlesim::srv::Kill_Request_<std::allocator<void> > >; __gnu_cxx::_Lock_policy _Lp = __gnu_cxx::_S_atomic][m[K’
[01m[K/usr/include/c++/11/bits/shared_ptr_base.h:650:16:[m[K   required from ‘[01m[Kstd::__shared_count<_Lp>::__shared_count(_Tp*&, std::_Sp_alloc_shared_tag<_Alloc>, _Args&& ...) [with _Tp = turtlesim::srv::Kill_Request_<std::allocator<void> >; _Alloc = std::allocator<turtlesim::srv::Kill_Request_<std::allocator<void> > >; _Args = {std::__cxx11::basic_string<char, std::char_traits<char>, std::allocator<char> >&}; __gnu_cxx::_Lock_policy _Lp = __gnu_cxx::_S_atomic][m[K’
[01m[K/usr/include/c++/11/bits/shared_ptr_base.h:1342:14:[m[K   required from ‘[01m[Kstd::__shared_ptr<_Tp, _Lp>::__shared_ptr(std::_Sp_alloc_shared_tag<_Tp>, _Args&& ...) [with _Alloc = std::allocator<turtlesim::srv::Kill_Request_<std::allocator<void> > >; _Args = {std::__cxx11::basic_string<char, std::char_traits<char>, std::allocator<char> >&}; _Tp = turtlesim::srv::Kill_Request_<std::allocator<void> >; __gnu_cxx::_Lock_policy _Lp = __gnu_cxx::_S_atomic][m[K’
[01m[K/usr/include/c++/11/bits/shared_ptr.h:409:59:[m[K   required from ‘[01m[Kstd::shared_ptr<_Tp>::shared_ptr(std::_Sp_alloc_shared_tag<_Tp>, _Args&& ...) [with _Alloc = std::allocator<turtlesim::srv::Kill_Request_<std::allocator<void> > >; _Args = {std::__cxx11::basic_string<char, std::char_traits<char>, std::allocator<char> >&}; _Tp = turtlesim::srv::Kill_Request_<std::allocator<void> >][m[K’
[01m[K/usr/include/c++/11/bits/shared_ptr.h:862:14:[m[K   required from ‘[01m[Kstd::shared_ptr<_Tp> std::allocate_shared(const _Alloc&, _Args&& ...) [with _Tp = turtlesim::srv::Kill_Request_<std::allocator<void> >; _Alloc = std::allocator<turtlesim::srv::Kill_Request_<std::allocator<void> > >; _Args = {std::__cxx11::basic_string<char, std::char_traits<char>, std::allocator<char> >&}][m[K’
[01m[K/usr/include/c++/11/bits/shared_ptr.h:878:39:[m[K   required from ‘[01m[Kstd::shared_ptr<_Tp> std::make_shared(_Args&& ...) [with _Tp = turtlesim::srv::Kill_Request_<std::allocator<void> >; _Args = {std::__cxx11::basic_string<char, std::char_traits<char>, std::allocator<char> >&}][m[K’
[01m[K/home/barakooda/ros2_ws/src/turtlesim_catch_them_all/src/turtle_spawner.cpp:98:83:[m[K   required from here
[01m[K/usr/include/c++/11/ext/new_allocator.h:162:11:[m[K [01;31m[Kerror: [m[Kno matching function for call to ‘[01m[Kturtlesim::srv::Kill_Request_<std::allocator<void> >::Kill_Request_(std::__cxx11::basic_string<char>&)[m[K’
  162 |         { [01;31m[K::new((void *)__p) _Up(std::forward<_Args>(__args)...)[m[K; }
      |           [01;31m[K^~~~~~~~~~~~~~~~~~~~~~~~~~~~~~~~~~~~~~~~~~~~~~~~~~~~~~[m[K
In file included from [01m[K/opt/ros/humble/include/turtlesim/turtlesim/srv/kill.hpp:7[m[K,
                 from [01m[K/home/barakooda/ros2_ws/src/turtlesim_catch_them_all/src/turtle_spawner.cpp:3[m[K:
[01m[K/opt/ros/humble/include/turtlesim/turtlesim/srv/detail/kill__struct.hpp:45:12:[m[K [01;36m[Knote: [m[Kcandidate: ‘[01m[Kturtlesim::srv::Kill_Request_<ContainerAllocator>::Kill_Request_(const ContainerAllocator&, rosidl_runtime_cpp::MessageInitialization) [with ContainerAllocator = std::allocator<void>][m[K’
   45 |   explicit [01;36m[KKill_Request_[m[K(const ContainerAllocator & _alloc, rosidl_runtime_cpp::MessageInitialization _init = rosidl_runtime_cpp::MessageInitialization::ALL)
      |            [01;36m[K^~~~~~~~~~~~~[m[K
[01m[K/opt/ros/humble/include/turtlesim/turtlesim/srv/detail/kill__struct.hpp:45:53:[m[K [01;36m[Knote: [m[K  no known conversion for argument 1 from ‘[01m[Kstd::__cxx11::basic_string<char>[m[K’ to ‘[01m[Kconst std::allocator<void>&[m[K’
   45 |   explicit Kill_Request_([01;36m[Kconst ContainerAllocator & _alloc[m[K, rosidl_runtime_cpp::MessageInitialization _init = rosidl_runtime_cpp::MessageInitialization::ALL)
      |                          [01;36m[K~~~~~~~~~~~~~~~~~~~~~~~~~~~^~~~~~[m[K
[01m[K/opt/ros/humble/include/turtlesim/turtlesim/srv/detail/kill__struct.hpp:36:12:[m[K [01;36m[Knote: [m[Kcandidate: ‘[01m[Kturtlesim::srv::Kill_Request_<ContainerAllocator>::Kill_Request_(rosidl_runtime_cpp::MessageInitialization) [with ContainerAllocator = std::allocator<void>][m[K’
   36 |   explicit [01;36m[KKill_Request_[m[K(rosidl_runtime_cpp::MessageInitialization _init = rosidl_runtime_cpp::MessageInitialization::ALL)
      |            [01;36m[K^~~~~~~~~~~~~[m[K
[01m[K/opt/ros/humble/include/turtlesim/turtlesim/srv/detail/kill__struct.hpp:36:68:[m[K [01;36m[Knote: [m[K  no known conversion for argument 1 from ‘[01m[Kstd::__cxx11::basic_string<char>[m[K’ to ‘[01m[Krosidl_runtime_cpp::MessageInitialization[m[K’
   36 |   explicit Kill_Request_([01;36m[Krosidl_runtime_cpp::MessageInitialization _init = rosidl_runtime_cpp::MessageInitialization::ALL[m[K)
      |                          [01;36m[K~~~~~~~~~~~~~~~~~~~~~~~~~~~~~~~~~~~~~~~~~~^~~~~~~~~~~~~~~~~~~~~~~~~~~~~~~~~~~~~~~~~~~~~~~~~~~~~~[m[K
[01m[K/opt/ros/humble/include/turtlesim/turtlesim/srv/detail/kill__struct.hpp:32:8:[m[K [01;36m[Knote: [m[Kcandidate: ‘[01m[Kturtlesim::srv::Kill_Request_<std::allocator<void> >::Kill_Request_(const turtlesim::srv::Kill_Request_<std::allocator<void> >&)[m[K’
   32 | struct [01;36m[KKill_Request_[m[K
      |        [01;36m[K^~~~~~~~~~~~~[m[K
[01m[K/opt/ros/humble/include/turtlesim/turtlesim/srv/detail/kill__struct.hpp:32:8:[m[K [01;36m[Knote: [m[K  no known conversion for argument 1 from ‘[01m[Kstd::__cxx11::basic_string<char>[m[K’ to ‘[01m[Kconst turtlesim::srv::Kill_Request_<std::allocator<void> >&[m[K’
[01m[K/opt/ros/humble/include/turtlesim/turtlesim/srv/detail/kill__struct.hpp:32:8:[m[K [01;36m[Knote: [m[Kcandidate: ‘[01m[Kturtlesim::srv::Kill_Request_<std::allocator<void> >::Kill_Request_(turtlesim::srv::Kill_Request_<std::allocator<void> >&&)[m[K’
[01m[K/opt/ros/humble/include/turtlesim/turtlesim/srv/detail/kill__struct.hpp:32:8:[m[K [01;36m[Knote: [m[K  no known conversion for argument 1 from ‘[01m[Kstd::__cxx11::basic_string<char>[m[K’ to ‘[01m[Kturtlesim::srv::Kill_Request_<std::allocator<void> >&&[m[K’
gmake[2]: *** [CMakeFiles/turtle_spawner.dir/build.make:76: CMakeFiles/turtle_spawner.dir/src/turtle_spawner.cpp.o] Error 1
gmake[1]: *** [CMakeFiles/Makefile2:165: CMakeFiles/turtle_spawner.dir/all] Error 2
gmake[1]: *** Waiting for unfinished jobs....
gmake: *** [Makefile:146: all] Error 2
