[0.015s] Invoking command in '/home/barakooda/ros2_ws/build/turtlesim_catch_them_all': CMAKE_PREFIX_PATH=${CMAKE_PREFIX_PATH}:/home/barakooda/ros2_ws/install/my_py_pkg:/opt/ros/humble /usr/bin/cmake --build /home/barakooda/ros2_ws/build/turtlesim_catch_them_all -- -j6 -l6
[0.067s] [35m[1mConsolidate compiler generated dependencies of target turtle_spawner[0m
[0.084s] [ 50%] Built target turtle_controller
[0.095s] [ 75%] [32mBuilding CXX object CMakeFiles/turtle_spawner.dir/src/turtle_spawner.cpp.o[0m
[3.093s] [100%] [32m[1mLinking CXX executable turtle_spawner[0m
[3.295s] [100%] Built target turtle_spawner
[3.319s] Invoked command in '/home/barakooda/ros2_ws/build/turtlesim_catch_them_all' returned '0': CMAKE_PREFIX_PATH=${CMAKE_PREFIX_PATH}:/home/barakooda/ros2_ws/install/my_py_pkg:/opt/ros/humble /usr/bin/cmake --build /home/barakooda/ros2_ws/build/turtlesim_catch_them_all -- -j6 -l6
[3.384s] Invoking command in '/home/barakooda/ros2_ws/build/turtlesim_catch_them_all': CMAKE_PREFIX_PATH=${CMAKE_PREFIX_PATH}:/home/barakooda/ros2_ws/install/my_py_pkg:/opt/ros/humble /usr/bin/cmake --install /home/barakooda/ros2_ws/build/turtlesim_catch_them_all
[3.392s] -- Install configuration: ""
[3.393s] -- Up-to-date: /home/barakooda/ros2_ws/install/turtlesim_catch_them_all/lib/turtlesim_catch_them_all/turtle_controller
[3.396s] -- Installing: /home/barakooda/ros2_ws/install/turtlesim_catch_them_all/lib/turtlesim_catch_them_all/turtle_spawner
[3.396s] -- Set runtime path of "/home/barakooda/ros2_ws/install/turtlesim_catch_them_all/lib/turtlesim_catch_them_all/turtle_spawner" to ""
[3.396s] -- Up-to-date: /home/barakooda/ros2_ws/install/turtlesim_catch_them_all/share/ament_index/resource_index/package_run_dependencies/turtlesim_catch_them_all
[3.396s] -- Up-to-date: /home/barakooda/ros2_ws/install/turtlesim_catch_them_all/share/ament_index/resource_index/parent_prefix_path/turtlesim_catch_them_all
[3.396s] -- Up-to-date: /home/barakooda/ros2_ws/install/turtlesim_catch_them_all/share/turtlesim_catch_them_all/environment/ament_prefix_path.sh
[3.396s] -- Up-to-date: /home/barakooda/ros2_ws/install/turtlesim_catch_them_all/share/turtlesim_catch_them_all/environment/ament_prefix_path.dsv
[3.396s] -- Up-to-date: /home/barakooda/ros2_ws/install/turtlesim_catch_them_all/share/turtlesim_catch_them_all/environment/path.sh
[3.396s] -- Up-to-date: /home/barakooda/ros2_ws/install/turtlesim_catch_them_all/share/turtlesim_catch_them_all/environment/path.dsv
[3.396s] -- Up-to-date: /home/barakooda/ros2_ws/install/turtlesim_catch_them_all/share/turtlesim_catch_them_all/local_setup.bash
[3.396s] -- Up-to-date: /home/barakooda/ros2_ws/install/turtlesim_catch_them_all/share/turtlesim_catch_them_all/local_setup.sh
[3.396s] -- Up-to-date: /home/barakooda/ros2_ws/install/turtlesim_catch_them_all/share/turtlesim_catch_them_all/local_setup.zsh
[3.396s] -- Up-to-date: /home/barakooda/ros2_ws/install/turtlesim_catch_them_all/share/turtlesim_catch_them_all/local_setup.dsv
[3.396s] -- Installing: /home/barakooda/ros2_ws/install/turtlesim_catch_them_all/share/turtlesim_catch_them_all/package.dsv
[3.396s] -- Up-to-date: /home/barakooda/ros2_ws/install/turtlesim_catch_them_all/share/ament_index/resource_index/packages/turtlesim_catch_them_all
[3.396s] -- Up-to-date: /home/barakooda/ros2_ws/install/turtlesim_catch_them_all/share/turtlesim_catch_them_all/cmake/turtlesim_catch_them_allConfig.cmake
[3.396s] -- Up-to-date: /home/barakooda/ros2_ws/install/turtlesim_catch_them_all/share/turtlesim_catch_them_all/cmake/turtlesim_catch_them_allConfig-version.cmake
[3.397s] -- Up-to-date: /home/barakooda/ros2_ws/install/turtlesim_catch_them_all/share/turtlesim_catch_them_all/package.xml
[3.398s] Invoked command in '/home/barakooda/ros2_ws/build/turtlesim_catch_them_all' returned '0': CMAKE_PREFIX_PATH=${CMAKE_PREFIX_PATH}:/home/barakooda/ros2_ws/install/my_py_pkg:/opt/ros/humble /usr/bin/cmake --install /home/barakooda/ros2_ws/build/turtlesim_catch_them_all
