[0.043s] Invoking command in '/home/barakooda/ros2_ws/build/my_robot_starter': CMAKE_PREFIX_PATH=${CMAKE_PREFIX_PATH}:/home/barakooda/ros2_ws/install/my_py_pkg:/opt/ros/humble /usr/bin/cmake /home/barakooda/ros2_ws/src/my_robot_starter -DAMENT_CMAKE_SYMLINK_INSTALL=1 -DCMAKE_INSTALL_PREFIX=/home/barakooda/ros2_ws/install/my_robot_starter
[0.134s] -- The C compiler identification is GNU 11.4.0
[0.214s] -- The CXX compiler identification is GNU 11.4.0
[0.223s] -- Detecting C compiler ABI info
[0.281s] -- Detecting C compiler ABI info - done
[0.283s] -- Check for working C compiler: /usr/bin/cc - skipped
[0.284s] -- Detecting C compile features
[0.285s] -- Detecting C compile features - done
[0.288s] -- Detecting CXX compiler ABI info
[0.345s] -- Detecting CXX compiler ABI info - done
[0.349s] -- Check for working CXX compiler: /usr/bin/c++ - skipped
[0.349s] -- Detecting CXX compile features
[0.349s] -- Detecting CXX compile features - done
[0.357s] -- Found ament_cmake: 1.3.8 (/opt/ros/humble/share/ament_cmake/cmake)
[0.467s] -- Found Python3: /usr/bin/python3 (found version "3.10.12") found components: Interpreter 
[0.516s] -- Override CMake install command with custom implementation using symlinks instead of copying resources
[0.547s] -- Found ament_lint_auto: 0.12.10 (/opt/ros/humble/share/ament_lint_auto/cmake)
[0.609s] -- Added test 'flake8' to check Python code syntax and style conventions
[0.610s] -- Added test 'lint_cmake' to check CMake code style
[0.610s] -- Added test 'pep257' to check Python code against some of the docstring style conventions in PEP 257
[0.611s] -- Added test 'xmllint' to check XML markup files
[0.612s] -- Configuring done
[0.614s] -- Generating done
[0.615s] -- Build files have been written to: /home/barakooda/ros2_ws/build/my_robot_starter
[0.618s] Invoked command in '/home/barakooda/ros2_ws/build/my_robot_starter' returned '0': CMAKE_PREFIX_PATH=${CMAKE_PREFIX_PATH}:/home/barakooda/ros2_ws/install/my_py_pkg:/opt/ros/humble /usr/bin/cmake /home/barakooda/ros2_ws/src/my_robot_starter -DAMENT_CMAKE_SYMLINK_INSTALL=1 -DCMAKE_INSTALL_PREFIX=/home/barakooda/ros2_ws/install/my_robot_starter
[0.619s] Invoking command in '/home/barakooda/ros2_ws/build/my_robot_starter': CMAKE_PREFIX_PATH=${CMAKE_PREFIX_PATH}:/home/barakooda/ros2_ws/install/my_py_pkg:/opt/ros/humble /usr/bin/cmake --build /home/barakooda/ros2_ws/build/my_robot_starter -- -j8 -l8
[0.646s] Invoked command in '/home/barakooda/ros2_ws/build/my_robot_starter' returned '0': CMAKE_PREFIX_PATH=${CMAKE_PREFIX_PATH}:/home/barakooda/ros2_ws/install/my_py_pkg:/opt/ros/humble /usr/bin/cmake --build /home/barakooda/ros2_ws/build/my_robot_starter -- -j8 -l8
[0.666s] Invoking command in '/home/barakooda/ros2_ws/build/my_robot_starter': CMAKE_PREFIX_PATH=${CMAKE_PREFIX_PATH}:/home/barakooda/ros2_ws/install/my_py_pkg:/opt/ros/humble /usr/bin/cmake --install /home/barakooda/ros2_ws/build/my_robot_starter
[0.671s] -- Install configuration: ""
[0.671s] -- Execute custom install script
[0.671s] -- Symlinking: /home/barakooda/ros2_ws/install/my_robot_starter/share/my_robot_starter/launch/number_app.launch.py
[0.676s] -- Symlinking: /home/barakooda/ros2_ws/install/my_robot_starter/share/ament_index/resource_index/package_run_dependencies/my_robot_starter
[0.681s] -- Symlinking: /home/barakooda/ros2_ws/install/my_robot_starter/share/ament_index/resource_index/parent_prefix_path/my_robot_starter
[0.686s] -- Symlinking: /home/barakooda/ros2_ws/install/my_robot_starter/share/my_robot_starter/environment/ament_prefix_path.sh
[0.691s] -- Symlinking: /home/barakooda/ros2_ws/install/my_robot_starter/share/my_robot_starter/environment/ament_prefix_path.dsv
[0.697s] -- Symlinking: /home/barakooda/ros2_ws/install/my_robot_starter/share/my_robot_starter/environment/path.sh
[0.702s] -- Symlinking: /home/barakooda/ros2_ws/install/my_robot_starter/share/my_robot_starter/environment/path.dsv
[0.707s] -- Symlinking: /home/barakooda/ros2_ws/install/my_robot_starter/share/my_robot_starter/local_setup.bash
[0.713s] -- Symlinking: /home/barakooda/ros2_ws/install/my_robot_starter/share/my_robot_starter/local_setup.sh
[0.719s] -- Symlinking: /home/barakooda/ros2_ws/install/my_robot_starter/share/my_robot_starter/local_setup.zsh
[0.726s] -- Symlinking: /home/barakooda/ros2_ws/install/my_robot_starter/share/my_robot_starter/local_setup.dsv
[0.731s] -- Symlinking: /home/barakooda/ros2_ws/install/my_robot_starter/share/my_robot_starter/package.dsv
[0.737s] -- Symlinking: /home/barakooda/ros2_ws/install/my_robot_starter/share/ament_index/resource_index/packages/my_robot_starter
[0.743s] -- Symlinking: /home/barakooda/ros2_ws/install/my_robot_starter/share/my_robot_starter/cmake/my_robot_starterConfig.cmake
[0.749s] -- Symlinking: /home/barakooda/ros2_ws/install/my_robot_starter/share/my_robot_starter/cmake/my_robot_starterConfig-version.cmake
[0.754s] -- Symlinking: /home/barakooda/ros2_ws/install/my_robot_starter/share/my_robot_starter/package.xml
[0.761s] Invoked command in '/home/barakooda/ros2_ws/build/my_robot_starter' returned '0': CMAKE_PREFIX_PATH=${CMAKE_PREFIX_PATH}:/home/barakooda/ros2_ws/install/my_py_pkg:/opt/ros/humble /usr/bin/cmake --install /home/barakooda/ros2_ws/build/my_robot_starter
