[0.832s] Invoking command in '/home/barakooda/ros2_ws/build/my_py_pkg': PYTHONPATH=/home/barakooda/ros2_ws/build/my_py_pkg/prefix_override:/home/barakooda/ros2_ws/install/my_py_pkg/lib/python3.10/site-packages:${PYTHONPATH} /usr/bin/python3 -W ignore:setup.py install is deprecated setup.py develop --editable --build-directory /home/barakooda/ros2_ws/build/my_py_pkg/build --no-deps symlink_data
[1.036s] running develop
[1.144s] running egg_info
[1.144s] creating my_py_pkg.egg-info
[1.145s] writing my_py_pkg.egg-info/PKG-INFO
[1.145s] writing dependency_links to my_py_pkg.egg-info/dependency_links.txt
[1.146s] writing entry points to my_py_pkg.egg-info/entry_points.txt
[1.147s] writing requirements to my_py_pkg.egg-info/requires.txt
[1.147s] writing top-level names to my_py_pkg.egg-info/top_level.txt
[1.147s] writing manifest file 'my_py_pkg.egg-info/SOURCES.txt'
[1.149s] reading manifest file 'my_py_pkg.egg-info/SOURCES.txt'
[1.149s] writing manifest file 'my_py_pkg.egg-info/SOURCES.txt'
[1.152s] running build_ext
[1.152s] Creating /home/barakooda/ros2_ws/install/my_py_pkg/lib/python3.10/site-packages/my-py-pkg.egg-link (link to .)
[1.152s] Installing py_node script to /home/barakooda/ros2_ws/install/my_py_pkg/lib/my_py_pkg
[1.153s] Installing robot_news_station script to /home/barakooda/ros2_ws/install/my_py_pkg/lib/my_py_pkg
[1.153s] Installing smartphone script to /home/barakooda/ros2_ws/install/my_py_pkg/lib/my_py_pkg
[1.153s] 
[1.153s] Installed /home/barakooda/ros2_ws/build/my_py_pkg
[1.153s] running symlink_data
[1.153s] creating /home/barakooda/ros2_ws/install/my_py_pkg/share/ament_index
[1.153s] creating /home/barakooda/ros2_ws/install/my_py_pkg/share/ament_index/resource_index
[1.154s] creating /home/barakooda/ros2_ws/install/my_py_pkg/share/ament_index/resource_index/packages
[1.154s] symbolically linking /home/barakooda/ros2_ws/build/my_py_pkg/resource/my_py_pkg -> /home/barakooda/ros2_ws/install/my_py_pkg/share/ament_index/resource_index/packages
[1.154s] symbolically linking /home/barakooda/ros2_ws/build/my_py_pkg/package.xml -> /home/barakooda/ros2_ws/install/my_py_pkg/share/my_py_pkg
[1.183s] Invoked command in '/home/barakooda/ros2_ws/build/my_py_pkg' returned '0': PYTHONPATH=/home/barakooda/ros2_ws/build/my_py_pkg/prefix_override:/home/barakooda/ros2_ws/install/my_py_pkg/lib/python3.10/site-packages:${PYTHONPATH} /usr/bin/python3 -W ignore:setup.py install is deprecated setup.py develop --editable --build-directory /home/barakooda/ros2_ws/build/my_py_pkg/build --no-deps symlink_data
