[0.013s] Invoking command in '/home/barakooda/ros2_ws/build/turtlesim_catch_them_all': CMAKE_PREFIX_PATH=${CMAKE_PREFIX_PATH}:/home/barakooda/ros2_ws/install/my_py_pkg:/opt/ros/humble /usr/bin/cmake --build /home/barakooda/ros2_ws/build/turtlesim_catch_them_all -- -j6 -l6
[0.085s] [35m[1mConsolidate compiler generated dependencies of target turtle_controller[0m
[0.104s] [ 50%] [32mBuilding CXX object CMakeFiles/turtle_controller.dir/src/turtle_controller.cpp.o[0m
[7.028s] [100%] [32m[1mLinking CXX executable turtle_controller[0m
[7.446s] [100%] Built target turtle_controller
[7.467s] Invoked command in '/home/barakooda/ros2_ws/build/turtlesim_catch_them_all' returned '0': CMAKE_PREFIX_PATH=${CMAKE_PREFIX_PATH}:/home/barakooda/ros2_ws/install/my_py_pkg:/opt/ros/humble /usr/bin/cmake --build /home/barakooda/ros2_ws/build/turtlesim_catch_them_all -- -j6 -l6
[7.595s] Invoking command in '/home/barakooda/ros2_ws/build/turtlesim_catch_them_all': CMAKE_PREFIX_PATH=${CMAKE_PREFIX_PATH}:/home/barakooda/ros2_ws/install/my_py_pkg:/opt/ros/humble /usr/bin/cmake --install /home/barakooda/ros2_ws/build/turtlesim_catch_them_all
[7.606s] -- Install configuration: ""
[7.606s] -- Installing: /home/barakooda/ros2_ws/install/turtlesim_catch_them_all/lib/turtlesim_catch_them_all/turtle_controller
[7.611s] -- Set runtime path of "/home/barakooda/ros2_ws/install/turtlesim_catch_them_all/lib/turtlesim_catch_them_all/turtle_controller" to ""
[7.611s] -- Up-to-date: /home/barakooda/ros2_ws/install/turtlesim_catch_them_all/share/ament_index/resource_index/package_run_dependencies/turtlesim_catch_them_all
[7.611s] -- Up-to-date: /home/barakooda/ros2_ws/install/turtlesim_catch_them_all/share/ament_index/resource_index/parent_prefix_path/turtlesim_catch_them_all
[7.611s] -- Up-to-date: /home/barakooda/ros2_ws/install/turtlesim_catch_them_all/share/turtlesim_catch_them_all/environment/ament_prefix_path.sh
[7.611s] -- Up-to-date: /home/barakooda/ros2_ws/install/turtlesim_catch_them_all/share/turtlesim_catch_them_all/environment/ament_prefix_path.dsv
[7.611s] -- Up-to-date: /home/barakooda/ros2_ws/install/turtlesim_catch_them_all/share/turtlesim_catch_them_all/environment/path.sh
[7.612s] -- Up-to-date: /home/barakooda/ros2_ws/install/turtlesim_catch_them_all/share/turtlesim_catch_them_all/environment/path.dsv
[7.612s] -- Up-to-date: /home/barakooda/ros2_ws/install/turtlesim_catch_them_all/share/turtlesim_catch_them_all/local_setup.bash
[7.612s] -- Up-to-date: /home/barakooda/ros2_ws/install/turtlesim_catch_them_all/share/turtlesim_catch_them_all/local_setup.sh
[7.612s] -- Up-to-date: /home/barakooda/ros2_ws/install/turtlesim_catch_them_all/share/turtlesim_catch_them_all/local_setup.zsh
[7.612s] -- Up-to-date: /home/barakooda/ros2_ws/install/turtlesim_catch_them_all/share/turtlesim_catch_them_all/local_setup.dsv
[7.612s] -- Installing: /home/barakooda/ros2_ws/install/turtlesim_catch_them_all/share/turtlesim_catch_them_all/package.dsv
[7.612s] -- Up-to-date: /home/barakooda/ros2_ws/install/turtlesim_catch_them_all/share/ament_index/resource_index/packages/turtlesim_catch_them_all
[7.612s] -- Up-to-date: /home/barakooda/ros2_ws/install/turtlesim_catch_them_all/share/turtlesim_catch_them_all/cmake/turtlesim_catch_them_allConfig.cmake
[7.612s] -- Up-to-date: /home/barakooda/ros2_ws/install/turtlesim_catch_them_all/share/turtlesim_catch_them_all/cmake/turtlesim_catch_them_allConfig-version.cmake
[7.612s] -- Up-to-date: /home/barakooda/ros2_ws/install/turtlesim_catch_them_all/share/turtlesim_catch_them_all/package.xml
[7.616s] Invoked command in '/home/barakooda/ros2_ws/build/turtlesim_catch_them_all' returned '0': CMAKE_PREFIX_PATH=${CMAKE_PREFIX_PATH}:/home/barakooda/ros2_ws/install/my_py_pkg:/opt/ros/humble /usr/bin/cmake --install /home/barakooda/ros2_ws/build/turtlesim_catch_them_all
