[0.453s] Invoking command in '/home/barakooda/ros2_ws/build/my_py_pkg': PYTHONPATH=/home/barakooda/ros2_ws/build/my_py_pkg/prefix_override:/home/barakooda/ros2_ws/install/my_py_pkg/lib/python3.10/site-packages:${PYTHONPATH} /usr/bin/python3 setup.py develop --uninstall --editable --build-directory /home/barakooda/ros2_ws/build/my_py_pkg/build
[0.642s] running develop
[0.733s] Removing /home/barakooda/ros2_ws/install/my_py_pkg/lib/python3.10/site-packages/my-py-pkg.egg-link (link to .)
[0.755s] Invoked command in '/home/barakooda/ros2_ws/build/my_py_pkg' returned '0': PYTHONPATH=/home/barakooda/ros2_ws/build/my_py_pkg/prefix_override:/home/barakooda/ros2_ws/install/my_py_pkg/lib/python3.10/site-packages:${PYTHONPATH} /usr/bin/python3 setup.py develop --uninstall --editable --build-directory /home/barakooda/ros2_ws/build/my_py_pkg/build
[0.756s] Invoking command in '/home/barakooda/ros2_ws/src/my_py_pkg': PYTHONPATH=/home/barakooda/ros2_ws/build/my_py_pkg/prefix_override:/home/barakooda/ros2_ws/install/my_py_pkg/lib/python3.10/site-packages:${PYTHONPATH} /usr/bin/python3 setup.py egg_info --egg-base ../../build/my_py_pkg build --build-base /home/barakooda/ros2_ws/build/my_py_pkg/build install --record /home/barakooda/ros2_ws/build/my_py_pkg/install.log --single-version-externally-managed
[0.911s] running egg_info
[0.911s] writing ../../build/my_py_pkg/my_py_pkg.egg-info/PKG-INFO
[0.911s] writing dependency_links to ../../build/my_py_pkg/my_py_pkg.egg-info/dependency_links.txt
[0.911s] writing entry points to ../../build/my_py_pkg/my_py_pkg.egg-info/entry_points.txt
[0.911s] writing requirements to ../../build/my_py_pkg/my_py_pkg.egg-info/requires.txt
[0.912s] writing top-level names to ../../build/my_py_pkg/my_py_pkg.egg-info/top_level.txt
[0.913s] reading manifest file '../../build/my_py_pkg/my_py_pkg.egg-info/SOURCES.txt'
[0.913s] writing manifest file '../../build/my_py_pkg/my_py_pkg.egg-info/SOURCES.txt'
[0.913s] running build
[0.913s] running build_py
[0.914s] copying my_py_pkg/my_first_node.py -> /home/barakooda/ros2_ws/build/my_py_pkg/build/lib/my_py_pkg
[0.914s] running install
[0.914s] running install_lib
[0.914s] creating /home/barakooda/ros2_ws/install/my_py_pkg/lib/python3.10/site-packages/my_py_pkg
[0.914s] copying /home/barakooda/ros2_ws/build/my_py_pkg/build/lib/my_py_pkg/my_first_node.py -> /home/barakooda/ros2_ws/install/my_py_pkg/lib/python3.10/site-packages/my_py_pkg
[0.914s] copying /home/barakooda/ros2_ws/build/my_py_pkg/build/lib/my_py_pkg/__init__.py -> /home/barakooda/ros2_ws/install/my_py_pkg/lib/python3.10/site-packages/my_py_pkg
[0.915s] byte-compiling /home/barakooda/ros2_ws/install/my_py_pkg/lib/python3.10/site-packages/my_py_pkg/my_first_node.py to my_first_node.cpython-310.pyc
[0.915s] byte-compiling /home/barakooda/ros2_ws/install/my_py_pkg/lib/python3.10/site-packages/my_py_pkg/__init__.py to __init__.cpython-310.pyc
[0.915s] running install_data
[0.915s] running install_egg_info
[0.916s] Copying ../../build/my_py_pkg/my_py_pkg.egg-info to /home/barakooda/ros2_ws/install/my_py_pkg/lib/python3.10/site-packages/my_py_pkg-0.0.0-py3.10.egg-info
[0.916s] running install_scripts
[0.928s] Installing py_node script to /home/barakooda/ros2_ws/install/my_py_pkg/lib/my_py_pkg
[0.928s] writing list of installed files to '/home/barakooda/ros2_ws/build/my_py_pkg/install.log'
[0.947s] Invoked command in '/home/barakooda/ros2_ws/src/my_py_pkg' returned '0': PYTHONPATH=/home/barakooda/ros2_ws/build/my_py_pkg/prefix_override:/home/barakooda/ros2_ws/install/my_py_pkg/lib/python3.10/site-packages:${PYTHONPATH} /usr/bin/python3 setup.py egg_info --egg-base ../../build/my_py_pkg build --build-base /home/barakooda/ros2_ws/build/my_py_pkg/build install --record /home/barakooda/ros2_ws/build/my_py_pkg/install.log --single-version-externally-managed
