[0.023s] Invoking command in '/home/barakooda/ros2_ws/build/my_robot_bringup': CMAKE_PREFIX_PATH=${CMAKE_PREFIX_PATH}:/home/barakooda/ros2_ws/install/my_py_pkg:/opt/ros/humble /usr/bin/cmake /home/barakooda/ros2_ws/src/my_robot_bringup -DAMENT_CMAKE_SYMLINK_INSTALL=1 -DCMAKE_INSTALL_PREFIX=/home/barakooda/ros2_ws/install/my_robot_bringup
[0.866s] -- The C compiler identification is GNU 11.4.0
[2.354s] -- The CXX compiler identification is GNU 11.4.0
[2.657s] -- Detecting C compiler ABI info
[2.996s] -- Detecting C compiler ABI info - done
[3.004s] -- Check for working C compiler: /usr/bin/cc - skipped
[3.023s] -- Detecting C compile features
[3.048s] -- Detecting C compile features - done
[3.105s] -- Detecting CXX compiler ABI info
[3.335s] -- Detecting CXX compiler ABI info - done
[3.341s] -- Check for working CXX compiler: /usr/bin/c++ - skipped
[3.341s] -- Detecting CXX compile features
[3.341s] -- Detecting CXX compile features - done
[3.459s] -- Found ament_cmake: 1.3.8 (/opt/ros/humble/share/ament_cmake/cmake)
[3.703s] -- Found Python3: /usr/bin/python3 (found version "3.10.12") found components: Interpreter 
[3.829s] -- Override CMake install command with custom implementation using symlinks instead of copying resources
[3.953s] -- Configuring done
[3.955s] -- Generating done
[3.956s] -- Build files have been written to: /home/barakooda/ros2_ws/build/my_robot_bringup
[3.962s] Invoked command in '/home/barakooda/ros2_ws/build/my_robot_bringup' returned '0': CMAKE_PREFIX_PATH=${CMAKE_PREFIX_PATH}:/home/barakooda/ros2_ws/install/my_py_pkg:/opt/ros/humble /usr/bin/cmake /home/barakooda/ros2_ws/src/my_robot_bringup -DAMENT_CMAKE_SYMLINK_INSTALL=1 -DCMAKE_INSTALL_PREFIX=/home/barakooda/ros2_ws/install/my_robot_bringup
[3.964s] Invoking command in '/home/barakooda/ros2_ws/build/my_robot_bringup': CMAKE_PREFIX_PATH=${CMAKE_PREFIX_PATH}:/home/barakooda/ros2_ws/install/my_py_pkg:/opt/ros/humble /usr/bin/cmake --build /home/barakooda/ros2_ws/build/my_robot_bringup -- -j10 -l10
[4.009s] Invoked command in '/home/barakooda/ros2_ws/build/my_robot_bringup' returned '0': CMAKE_PREFIX_PATH=${CMAKE_PREFIX_PATH}:/home/barakooda/ros2_ws/install/my_py_pkg:/opt/ros/humble /usr/bin/cmake --build /home/barakooda/ros2_ws/build/my_robot_bringup -- -j10 -l10
[4.169s] Invoking command in '/home/barakooda/ros2_ws/build/my_robot_bringup': CMAKE_PREFIX_PATH=${CMAKE_PREFIX_PATH}:/home/barakooda/ros2_ws/install/my_py_pkg:/opt/ros/humble /usr/bin/cmake --install /home/barakooda/ros2_ws/build/my_robot_bringup
[4.217s] -- Install configuration: ""
[4.217s] -- Execute custom install script
[4.217s] -- Symlinking: /home/barakooda/ros2_ws/install/my_robot_bringup/share/my_robot_bringup/launch/my_robot_news.launch.py
[4.217s] -- Symlinking: /home/barakooda/ros2_ws/install/my_robot_bringup/share/ament_index/resource_index/package_run_dependencies/my_robot_bringup
[4.228s] -- Symlinking: /home/barakooda/ros2_ws/install/my_robot_bringup/share/ament_index/resource_index/parent_prefix_path/my_robot_bringup
[4.257s] -- Symlinking: /home/barakooda/ros2_ws/install/my_robot_bringup/share/my_robot_bringup/environment/ament_prefix_path.sh
[4.296s] -- Symlinking: /home/barakooda/ros2_ws/install/my_robot_bringup/share/my_robot_bringup/environment/ament_prefix_path.dsv
[4.303s] -- Symlinking: /home/barakooda/ros2_ws/install/my_robot_bringup/share/my_robot_bringup/environment/path.sh
[4.311s] -- Symlinking: /home/barakooda/ros2_ws/install/my_robot_bringup/share/my_robot_bringup/environment/path.dsv
[4.319s] -- Symlinking: /home/barakooda/ros2_ws/install/my_robot_bringup/share/my_robot_bringup/local_setup.bash
[4.353s] -- Symlinking: /home/barakooda/ros2_ws/install/my_robot_bringup/share/my_robot_bringup/local_setup.sh
[4.369s] -- Symlinking: /home/barakooda/ros2_ws/install/my_robot_bringup/share/my_robot_bringup/local_setup.zsh
[4.377s] -- Symlinking: /home/barakooda/ros2_ws/install/my_robot_bringup/share/my_robot_bringup/local_setup.dsv
[4.385s] -- Symlinking: /home/barakooda/ros2_ws/install/my_robot_bringup/share/my_robot_bringup/package.dsv
[4.393s] -- Symlinking: /home/barakooda/ros2_ws/install/my_robot_bringup/share/ament_index/resource_index/packages/my_robot_bringup
[4.402s] -- Symlinking: /home/barakooda/ros2_ws/install/my_robot_bringup/share/my_robot_bringup/cmake/my_robot_bringupConfig.cmake
[4.432s] -- Symlinking: /home/barakooda/ros2_ws/install/my_robot_bringup/share/my_robot_bringup/cmake/my_robot_bringupConfig-version.cmake
[4.448s] -- Symlinking: /home/barakooda/ros2_ws/install/my_robot_bringup/share/my_robot_bringup/package.xml
[4.461s] Invoked command in '/home/barakooda/ros2_ws/build/my_robot_bringup' returned '0': CMAKE_PREFIX_PATH=${CMAKE_PREFIX_PATH}:/home/barakooda/ros2_ws/install/my_py_pkg:/opt/ros/humble /usr/bin/cmake --install /home/barakooda/ros2_ws/build/my_robot_bringup
