[0.599s] Invoking command in '/home/barakooda/ros2_ws/src/my_py_pkg': PYTHONPATH=/home/barakooda/ros2_ws/build/my_py_pkg/prefix_override:/home/barakooda/ros2_ws/install/my_py_pkg/lib/python3.10/site-packages:${PYTHONPATH} /usr/bin/python3 setup.py egg_info --egg-base ../../build/my_py_pkg build --build-base /home/barakooda/ros2_ws/build/my_py_pkg/build install --record /home/barakooda/ros2_ws/build/my_py_pkg/install.log --single-version-externally-managed
[0.797s] running egg_info
[0.797s] writing ../../build/my_py_pkg/my_py_pkg.egg-info/PKG-INFO
[0.797s] writing dependency_links to ../../build/my_py_pkg/my_py_pkg.egg-info/dependency_links.txt
[0.797s] writing entry points to ../../build/my_py_pkg/my_py_pkg.egg-info/entry_points.txt
[0.797s] writing requirements to ../../build/my_py_pkg/my_py_pkg.egg-info/requires.txt
[0.797s] writing top-level names to ../../build/my_py_pkg/my_py_pkg.egg-info/top_level.txt
[0.805s] reading manifest file '../../build/my_py_pkg/my_py_pkg.egg-info/SOURCES.txt'
[0.806s] writing manifest file '../../build/my_py_pkg/my_py_pkg.egg-info/SOURCES.txt'
[0.807s] running build
[0.807s] running build_py
[0.807s] copying my_py_pkg/my_first_node.py -> /home/barakooda/ros2_ws/build/my_py_pkg/build/lib/my_py_pkg
[0.808s] running install
[0.808s] running install_lib
[0.809s] copying /home/barakooda/ros2_ws/build/my_py_pkg/build/lib/my_py_pkg/my_first_node.py -> /home/barakooda/ros2_ws/install/my_py_pkg/lib/python3.10/site-packages/my_py_pkg
[0.810s] byte-compiling /home/barakooda/ros2_ws/install/my_py_pkg/lib/python3.10/site-packages/my_py_pkg/my_first_node.py to my_first_node.cpython-310.pyc
[0.811s] running install_data
[0.811s] running install_egg_info
[0.813s] removing '/home/barakooda/ros2_ws/install/my_py_pkg/lib/python3.10/site-packages/my_py_pkg-0.0.0-py3.10.egg-info' (and everything under it)
[0.813s] Copying ../../build/my_py_pkg/my_py_pkg.egg-info to /home/barakooda/ros2_ws/install/my_py_pkg/lib/python3.10/site-packages/my_py_pkg-0.0.0-py3.10.egg-info
[0.813s] running install_scripts
[0.828s] Installing py_node script to /home/barakooda/ros2_ws/install/my_py_pkg/lib/my_py_pkg
[0.828s] writing list of installed files to '/home/barakooda/ros2_ws/build/my_py_pkg/install.log'
[0.849s] Invoked command in '/home/barakooda/ros2_ws/src/my_py_pkg' returned '0': PYTHONPATH=/home/barakooda/ros2_ws/build/my_py_pkg/prefix_override:/home/barakooda/ros2_ws/install/my_py_pkg/lib/python3.10/site-packages:${PYTHONPATH} /usr/bin/python3 setup.py egg_info --egg-base ../../build/my_py_pkg build --build-base /home/barakooda/ros2_ws/build/my_py_pkg/build install --record /home/barakooda/ros2_ws/build/my_py_pkg/install.log --single-version-externally-managed
