[0.018s] Invoking command in '/home/barakooda/ros2_ws/build/turtlesim_catch_them_all': CMAKE_PREFIX_PATH=/home/barakooda/ros2_ws/install/my_robot_interfaces:/home/barakooda/ros2_ws/install/turtlesim_catch_them_all:/home/barakooda/ros2_ws/install/my_py_pkg:/opt/ros/humble /usr/bin/cmake --build /home/barakooda/ros2_ws/build/turtlesim_catch_them_all -- -j8 -l8
[0.085s] [35m[1mConsolidate compiler generated dependencies of target turtle_controller[0m
[0.104s] [ 50%] Built target turtle_spawner
[0.107s] [ 75%] [32mBuilding CXX object CMakeFiles/turtle_controller.dir/src/turtle_controller.cpp.o[0m
[12.326s] [100%] [32m[1mLinking CXX executable turtle_controller[0m
[12.969s] [100%] Built target turtle_controller
[13.064s] Invoked command in '/home/barakooda/ros2_ws/build/turtlesim_catch_them_all' returned '0': CMAKE_PREFIX_PATH=/home/barakooda/ros2_ws/install/my_robot_interfaces:/home/barakooda/ros2_ws/install/turtlesim_catch_them_all:/home/barakooda/ros2_ws/install/my_py_pkg:/opt/ros/humble /usr/bin/cmake --build /home/barakooda/ros2_ws/build/turtlesim_catch_them_all -- -j8 -l8
[13.233s] Invoking command in '/home/barakooda/ros2_ws/build/turtlesim_catch_them_all': CMAKE_PREFIX_PATH=/home/barakooda/ros2_ws/install/my_robot_interfaces:/home/barakooda/ros2_ws/install/turtlesim_catch_them_all:/home/barakooda/ros2_ws/install/my_py_pkg:/opt/ros/humble /usr/bin/cmake --install /home/barakooda/ros2_ws/build/turtlesim_catch_them_all
[13.243s] -- Install configuration: ""
[13.245s] -- Execute custom install script
[13.245s] -- Up-to-date symlink: /home/barakooda/ros2_ws/install/turtlesim_catch_them_all/lib/turtlesim_catch_them_all/turtle_controller
[13.245s] -- Up-to-date symlink: /home/barakooda/ros2_ws/install/turtlesim_catch_them_all/lib/turtlesim_catch_them_all/turtle_spawner
[13.245s] -- Up-to-date symlink: /home/barakooda/ros2_ws/install/turtlesim_catch_them_all/share/ament_index/resource_index/package_run_dependencies/turtlesim_catch_them_all
[13.245s] -- Up-to-date symlink: /home/barakooda/ros2_ws/install/turtlesim_catch_them_all/share/ament_index/resource_index/parent_prefix_path/turtlesim_catch_them_all
[13.246s] -- Up-to-date symlink: /home/barakooda/ros2_ws/install/turtlesim_catch_them_all/share/turtlesim_catch_them_all/environment/ament_prefix_path.sh
[13.246s] -- Up-to-date symlink: /home/barakooda/ros2_ws/install/turtlesim_catch_them_all/share/turtlesim_catch_them_all/environment/ament_prefix_path.dsv
[13.248s] -- Up-to-date symlink: /home/barakooda/ros2_ws/install/turtlesim_catch_them_all/share/turtlesim_catch_them_all/environment/path.sh
[13.248s] -- Up-to-date symlink: /home/barakooda/ros2_ws/install/turtlesim_catch_them_all/share/turtlesim_catch_them_all/environment/path.dsv
[13.248s] -- Up-to-date symlink: /home/barakooda/ros2_ws/install/turtlesim_catch_them_all/share/turtlesim_catch_them_all/local_setup.bash
[13.248s] -- Up-to-date symlink: /home/barakooda/ros2_ws/install/turtlesim_catch_them_all/share/turtlesim_catch_them_all/local_setup.sh
[13.249s] -- Up-to-date symlink: /home/barakooda/ros2_ws/install/turtlesim_catch_them_all/share/turtlesim_catch_them_all/local_setup.zsh
[13.249s] -- Up-to-date symlink: /home/barakooda/ros2_ws/install/turtlesim_catch_them_all/share/turtlesim_catch_them_all/local_setup.dsv
[13.249s] -- Symlinking: /home/barakooda/ros2_ws/install/turtlesim_catch_them_all/share/turtlesim_catch_them_all/package.dsv
[13.259s] -- Up-to-date symlink: /home/barakooda/ros2_ws/install/turtlesim_catch_them_all/share/ament_index/resource_index/packages/turtlesim_catch_them_all
[13.259s] -- Up-to-date symlink: /home/barakooda/ros2_ws/install/turtlesim_catch_them_all/share/turtlesim_catch_them_all/cmake/turtlesim_catch_them_allConfig.cmake
[13.259s] -- Up-to-date symlink: /home/barakooda/ros2_ws/install/turtlesim_catch_them_all/share/turtlesim_catch_them_all/cmake/turtlesim_catch_them_allConfig-version.cmake
[13.259s] -- Up-to-date symlink: /home/barakooda/ros2_ws/install/turtlesim_catch_them_all/share/turtlesim_catch_them_all/package.xml
[13.261s] Invoked command in '/home/barakooda/ros2_ws/build/turtlesim_catch_them_all' returned '0': CMAKE_PREFIX_PATH=/home/barakooda/ros2_ws/install/my_robot_interfaces:/home/barakooda/ros2_ws/install/turtlesim_catch_them_all:/home/barakooda/ros2_ws/install/my_py_pkg:/opt/ros/humble /usr/bin/cmake --install /home/barakooda/ros2_ws/build/turtlesim_catch_them_all
