[0.426s] Invoking command in '/home/barakooda/ros2_ws/src/my_py_pkg': PYTHONPATH=/home/barakooda/ros2_ws/build/my_py_pkg/prefix_override:/home/barakooda/ros2_ws/install/my_py_pkg/lib/python3.10/site-packages:${PYTHONPATH} /usr/bin/python3 setup.py egg_info --egg-base ../../build/my_py_pkg build --build-base /home/barakooda/ros2_ws/build/my_py_pkg/build install --record /home/barakooda/ros2_ws/build/my_py_pkg/install.log --single-version-externally-managed
[0.558s] running egg_info
[0.558s] creating ../../build/my_py_pkg/my_py_pkg.egg-info
[0.558s] writing ../../build/my_py_pkg/my_py_pkg.egg-info/PKG-INFO
[0.558s] writing dependency_links to ../../build/my_py_pkg/my_py_pkg.egg-info/dependency_links.txt
[0.559s] writing entry points to ../../build/my_py_pkg/my_py_pkg.egg-info/entry_points.txt
[0.559s] writing requirements to ../../build/my_py_pkg/my_py_pkg.egg-info/requires.txt
[0.559s] writing top-level names to ../../build/my_py_pkg/my_py_pkg.egg-info/top_level.txt
[0.559s] writing manifest file '../../build/my_py_pkg/my_py_pkg.egg-info/SOURCES.txt'
[0.560s] reading manifest file '../../build/my_py_pkg/my_py_pkg.egg-info/SOURCES.txt'
[0.560s] writing manifest file '../../build/my_py_pkg/my_py_pkg.egg-info/SOURCES.txt'
[0.560s] running build
[0.560s] running build_py
[0.560s] creating /home/barakooda/ros2_ws/build/my_py_pkg/build
[0.560s] creating /home/barakooda/ros2_ws/build/my_py_pkg/build/lib
[0.560s] creating /home/barakooda/ros2_ws/build/my_py_pkg/build/lib/my_py_pkg
[0.561s] copying my_py_pkg/__init__.py -> /home/barakooda/ros2_ws/build/my_py_pkg/build/lib/my_py_pkg
[0.561s] running install
[0.562s] /usr/lib/python3/dist-packages/setuptools/command/install.py:34: SetuptoolsDeprecationWarning: setup.py install is deprecated. Use build and pip and other standards-based tools.
[0.562s]   warnings.warn(
[0.562s] running install_lib
[0.562s] creating /home/barakooda/ros2_ws/install/my_py_pkg/lib/python3.10/site-packages/my_py_pkg
[0.562s] copying /home/barakooda/ros2_ws/build/my_py_pkg/build/lib/my_py_pkg/__init__.py -> /home/barakooda/ros2_ws/install/my_py_pkg/lib/python3.10/site-packages/my_py_pkg
[0.562s] byte-compiling /home/barakooda/ros2_ws/install/my_py_pkg/lib/python3.10/site-packages/my_py_pkg/__init__.py to __init__.cpython-310.pyc
[0.562s] running install_data
[0.563s] creating /home/barakooda/ros2_ws/install/my_py_pkg/share/ament_index
[0.563s] creating /home/barakooda/ros2_ws/install/my_py_pkg/share/ament_index/resource_index
[0.563s] creating /home/barakooda/ros2_ws/install/my_py_pkg/share/ament_index/resource_index/packages
[0.563s] copying resource/my_py_pkg -> /home/barakooda/ros2_ws/install/my_py_pkg/share/ament_index/resource_index/packages
[0.563s] copying package.xml -> /home/barakooda/ros2_ws/install/my_py_pkg/share/my_py_pkg
[0.563s] running install_egg_info
[0.564s] Copying ../../build/my_py_pkg/my_py_pkg.egg-info to /home/barakooda/ros2_ws/install/my_py_pkg/lib/python3.10/site-packages/my_py_pkg-0.0.0-py3.10.egg-info
[0.564s] running install_scripts
[0.576s] writing list of installed files to '/home/barakooda/ros2_ws/build/my_py_pkg/install.log'
[0.589s] Invoked command in '/home/barakooda/ros2_ws/src/my_py_pkg' returned '0': PYTHONPATH=/home/barakooda/ros2_ws/build/my_py_pkg/prefix_override:/home/barakooda/ros2_ws/install/my_py_pkg/lib/python3.10/site-packages:${PYTHONPATH} /usr/bin/python3 setup.py egg_info --egg-base ../../build/my_py_pkg build --build-base /home/barakooda/ros2_ws/build/my_py_pkg/build install --record /home/barakooda/ros2_ws/build/my_py_pkg/install.log --single-version-externally-managed
