[0.012s] Invoking command in '/home/barakooda/ros2_ws/build/my_cpp_pkg': AMENT_PREFIX_PATH=/home/barakooda/ros2_ws/install/my_robot_interfaces:${AMENT_PREFIX_PATH} CMAKE_PREFIX_PATH=/home/barakooda/ros2_ws/install/my_robot_interfaces:/home/barakooda/ros2_ws/install/turtlesim_catch_them_all:/home/barakooda/ros2_ws/install/my_robot_starter:/home/barakooda/ros2_ws/install/my_robot_bringup:/home/barakooda/ros2_ws/install/my_cpp_pkg:/home/barakooda/install/my_cpp_pkg:/home/barakooda/install/my_robot_interfaces:/home/barakooda/ros2_ws/install/my_py_pkg:/opt/ros/humble LD_LIBRARY_PATH=/home/barakooda/ros2_ws/install/my_robot_interfaces/lib:${LD_LIBRARY_PATH} PYTHONPATH=/home/barakooda/ros2_ws/install/my_robot_interfaces/local/lib/python3.10/dist-packages:${PYTHONPATH} /usr/bin/cmake /home/barakooda/ros2_ws/src/my_cpp_pkg -DAMENT_CMAKE_SYMLINK_INSTALL=1 -DCMAKE_INSTALL_PREFIX=/home/barakooda/ros2_ws/install/my_cpp_pkg
[0.149s] -- The C compiler identification is GNU 11.4.0
[0.269s] -- The CXX compiler identification is GNU 11.4.0
[0.277s] -- Detecting C compiler ABI info
[0.475s] -- Detecting C compiler ABI info - done
[0.481s] -- Check for working C compiler: /usr/bin/cc - skipped
[0.481s] -- Detecting C compile features
[0.481s] -- Detecting C compile features - done
[0.484s] -- Detecting CXX compiler ABI info
[0.669s] -- Detecting CXX compiler ABI info - done
[0.674s] -- Check for working CXX compiler: /usr/bin/c++ - skipped
[0.675s] -- Detecting CXX compile features
[0.675s] -- Detecting CXX compile features - done
[0.677s] -- Found ament_cmake: 1.3.8 (/opt/ros/humble/share/ament_cmake/cmake)
[0.861s] -- Found Python3: /usr/bin/python3 (found version "3.10.12") found components: Interpreter 
[0.908s] -- Override CMake install command with custom implementation using symlinks instead of copying resources
[0.929s] -- Found rclcpp: 16.0.8 (/opt/ros/humble/share/rclcpp/cmake)
[0.956s] -- Found rosidl_generator_c: 3.1.5 (/opt/ros/humble/share/rosidl_generator_c/cmake)
[0.959s] -- Found rosidl_adapter: 3.1.5 (/opt/ros/humble/share/rosidl_adapter/cmake)
[0.965s] -- Found rosidl_generator_cpp: 3.1.5 (/opt/ros/humble/share/rosidl_generator_cpp/cmake)
[0.975s] -- Using all available rosidl_typesupport_c: rosidl_typesupport_fastrtps_c;rosidl_typesupport_introspection_c
[1.003s] -- Using all available rosidl_typesupport_cpp: rosidl_typesupport_fastrtps_cpp;rosidl_typesupport_introspection_cpp
[1.068s] -- Found rmw_implementation_cmake: 6.1.1 (/opt/ros/humble/share/rmw_implementation_cmake/cmake)
[1.071s] -- Found rmw_fastrtps_cpp: 6.2.6 (/opt/ros/humble/share/rmw_fastrtps_cpp/cmake)
[1.246s] -- Found OpenSSL: /usr/lib/x86_64-linux-gnu/libcrypto.so (found version "3.0.2")  
[1.266s] -- Found FastRTPS: /opt/ros/humble/include  
[1.321s] -- Using RMW implementation 'rmw_fastrtps_cpp' as default
[1.338s] -- Looking for pthread.h
[1.455s] -- Looking for pthread.h - found
[1.455s] -- Performing Test CMAKE_HAVE_LIBC_PTHREAD
[1.604s] -- Performing Test CMAKE_HAVE_LIBC_PTHREAD - Success
[1.605s] -- Found Threads: TRUE  
[1.760s] -- Found example_interfaces: 0.9.3 (/opt/ros/humble/share/example_interfaces/cmake)
[1.889s] -- Found my_robot_interfaces: 0.0.0 (/home/barakooda/ros2_ws/install/my_robot_interfaces/share/my_robot_interfaces/cmake)
[1.983s] -- Configuring done
[2.045s] -- Generating done
[2.060s] -- Build files have been written to: /home/barakooda/ros2_ws/build/my_cpp_pkg
[2.076s] Invoked command in '/home/barakooda/ros2_ws/build/my_cpp_pkg' returned '0': AMENT_PREFIX_PATH=/home/barakooda/ros2_ws/install/my_robot_interfaces:${AMENT_PREFIX_PATH} CMAKE_PREFIX_PATH=/home/barakooda/ros2_ws/install/my_robot_interfaces:/home/barakooda/ros2_ws/install/turtlesim_catch_them_all:/home/barakooda/ros2_ws/install/my_robot_starter:/home/barakooda/ros2_ws/install/my_robot_bringup:/home/barakooda/ros2_ws/install/my_cpp_pkg:/home/barakooda/install/my_cpp_pkg:/home/barakooda/install/my_robot_interfaces:/home/barakooda/ros2_ws/install/my_py_pkg:/opt/ros/humble LD_LIBRARY_PATH=/home/barakooda/ros2_ws/install/my_robot_interfaces/lib:${LD_LIBRARY_PATH} PYTHONPATH=/home/barakooda/ros2_ws/install/my_robot_interfaces/local/lib/python3.10/dist-packages:${PYTHONPATH} /usr/bin/cmake /home/barakooda/ros2_ws/src/my_cpp_pkg -DAMENT_CMAKE_SYMLINK_INSTALL=1 -DCMAKE_INSTALL_PREFIX=/home/barakooda/ros2_ws/install/my_cpp_pkg
[2.076s] Invoking command in '/home/barakooda/ros2_ws/build/my_cpp_pkg': AMENT_PREFIX_PATH=/home/barakooda/ros2_ws/install/my_robot_interfaces:${AMENT_PREFIX_PATH} CMAKE_PREFIX_PATH=/home/barakooda/ros2_ws/install/my_robot_interfaces:/home/barakooda/ros2_ws/install/turtlesim_catch_them_all:/home/barakooda/ros2_ws/install/my_robot_starter:/home/barakooda/ros2_ws/install/my_robot_bringup:/home/barakooda/ros2_ws/install/my_cpp_pkg:/home/barakooda/install/my_cpp_pkg:/home/barakooda/install/my_robot_interfaces:/home/barakooda/ros2_ws/install/my_py_pkg:/opt/ros/humble LD_LIBRARY_PATH=/home/barakooda/ros2_ws/install/my_robot_interfaces/lib:${LD_LIBRARY_PATH} PYTHONPATH=/home/barakooda/ros2_ws/install/my_robot_interfaces/local/lib/python3.10/dist-packages:${PYTHONPATH} /usr/bin/cmake --build /home/barakooda/ros2_ws/build/my_cpp_pkg -- -j6 -l6
[2.189s] [  4%] [32mBuilding CXX object CMakeFiles/cpp_node.dir/src/my_first_node.cpp.o[0m
[2.204s] [  9%] [32mBuilding CXX object CMakeFiles/robot_news_station.dir/src/robot_news_station.cpp.o[0m
[2.209s] [ 18%] [32mBuilding CXX object CMakeFiles/number_publisher.dir/src/number_publisher.cpp.o[0m
[2.209s] [ 18%] [32mBuilding CXX object CMakeFiles/smartphone.dir/src/smartphone.cpp.o[0m
[2.212s] [ 22%] [32mBuilding CXX object CMakeFiles/number_counter.dir/src/number_counter.cpp.o[0m
[2.240s] [ 27%] [32mBuilding CXX object CMakeFiles/add_two_ints_server.dir/src/add_two_ints_server.cpp.o[0m
[5.787s] [ 31%] [32m[1mLinking CXX executable cpp_node[0m
[6.555s] [ 31%] Built target cpp_node
[6.593s] [ 36%] [32mBuilding CXX object CMakeFiles/add_two_ints_client_no_opp.dir/src/add_two_ints_client_no_opp.cpp.o[0m
[7.176s] [ 40%] [32m[1mLinking CXX executable robot_news_station[0m
[7.871s] [ 45%] [32m[1mLinking CXX executable add_two_ints_server[0m
[7.889s] [ 45%] Built target robot_news_station
[8.026s] [ 45%] Built target add_two_ints_server
[8.051s] [ 50%] [32mBuilding CXX object CMakeFiles/add_two_ints_client.dir/src/add_two_ints_client.cpp.o[0m
[8.464s] [ 54%] [32mBuilding CXX object CMakeFiles/hw_status_publisher.dir/src/hw_status_publisher.cpp.o[0m
[9.089s] [ 59%] [32m[1mLinking CXX executable number_publisher[0m
[9.577s] [ 59%] Built target number_publisher
[9.967s] [ 63%] [32mBuilding CXX object CMakeFiles/battery_status.dir/src/battery_status.cpp.o[0m
[9.972s] [ 68%] [32m[1mLinking CXX executable smartphone[0m
[10.649s] [ 72%] [32m[1mLinking CXX executable add_two_ints_client_no_opp[0m
[10.933s] [ 72%] Built target smartphone
[10.996s] [ 72%] Built target add_two_ints_client_no_opp
[11.005s] [ 77%] [32mBuilding CXX object CMakeFiles/led_panel.dir/src/led_panel.cpp.o[0m
[11.769s] [ 81%] [32m[1mLinking CXX executable add_two_ints_client[0m
[11.965s] [ 81%] Built target add_two_ints_client
[13.469s] [ 86%] [32m[1mLinking CXX executable hw_status_publisher[0m
[13.646s] [ 86%] Built target hw_status_publisher
[13.704s] [ 90%] [32m[1mLinking CXX executable battery_status[0m
[13.805s] [ 95%] [32m[1mLinking CXX executable number_counter[0m
[13.845s] [ 95%] Built target battery_status
[14.258s] [ 95%] Built target number_counter
[15.355s] [100%] [32m[1mLinking CXX executable led_panel[0m
[15.598s] [100%] Built target led_panel
