[0.052s] Invoking command in '/home/barakooda/ros2_ws/build/turtlesim_catch_them_all': CMAKE_PREFIX_PATH=/home/barakooda/ros2_ws/install/my_robot_interfaces:/home/barakooda/ros2_ws/install/turtlesim_catch_them_all:/home/barakooda/ros2_ws/install/my_py_pkg:/opt/ros/humble /usr/bin/cmake --build /home/barakooda/ros2_ws/build/turtlesim_catch_them_all -- -j8 -l8
[0.147s] [35m[1mConsolidate compiler generated dependencies of target turtle_controller[0m
[0.148s] [35m[1mConsolidate compiler generated dependencies of target turtle_spawner[0m
[0.172s] [ 50%] Built target turtle_controller
[0.173s] [ 75%] [32mBuilding CXX object CMakeFiles/turtle_spawner.dir/src/turtle_spawner.cpp.o[0m
[6.414s] [100%] [32m[1mLinking CXX executable turtle_spawner[0m
[6.874s] [100%] Built target turtle_spawner
[6.928s] Invoked command in '/home/barakooda/ros2_ws/build/turtlesim_catch_them_all' returned '0': CMAKE_PREFIX_PATH=/home/barakooda/ros2_ws/install/my_robot_interfaces:/home/barakooda/ros2_ws/install/turtlesim_catch_them_all:/home/barakooda/ros2_ws/install/my_py_pkg:/opt/ros/humble /usr/bin/cmake --build /home/barakooda/ros2_ws/build/turtlesim_catch_them_all -- -j8 -l8
[7.143s] Invoking command in '/home/barakooda/ros2_ws/build/turtlesim_catch_them_all': CMAKE_PREFIX_PATH=/home/barakooda/ros2_ws/install/my_robot_interfaces:/home/barakooda/ros2_ws/install/turtlesim_catch_them_all:/home/barakooda/ros2_ws/install/my_py_pkg:/opt/ros/humble /usr/bin/cmake --install /home/barakooda/ros2_ws/build/turtlesim_catch_them_all
[7.171s] -- Install configuration: ""
[7.171s] -- Execute custom install script
[7.171s] -- Up-to-date symlink: /home/barakooda/ros2_ws/install/turtlesim_catch_them_all/lib/turtlesim_catch_them_all/turtle_controller
[7.172s] -- Up-to-date symlink: /home/barakooda/ros2_ws/install/turtlesim_catch_them_all/lib/turtlesim_catch_them_all/turtle_spawner
[7.174s] -- Up-to-date symlink: /home/barakooda/ros2_ws/install/turtlesim_catch_them_all/share/ament_index/resource_index/package_run_dependencies/turtlesim_catch_them_all
[7.174s] -- Up-to-date symlink: /home/barakooda/ros2_ws/install/turtlesim_catch_them_all/share/ament_index/resource_index/parent_prefix_path/turtlesim_catch_them_all
[7.174s] -- Up-to-date symlink: /home/barakooda/ros2_ws/install/turtlesim_catch_them_all/share/turtlesim_catch_them_all/environment/ament_prefix_path.sh
[7.176s] -- Up-to-date symlink: /home/barakooda/ros2_ws/install/turtlesim_catch_them_all/share/turtlesim_catch_them_all/environment/ament_prefix_path.dsv
[7.176s] -- Up-to-date symlink: /home/barakooda/ros2_ws/install/turtlesim_catch_them_all/share/turtlesim_catch_them_all/environment/path.sh
[7.207s] -- Up-to-date symlink: /home/barakooda/ros2_ws/install/turtlesim_catch_them_all/share/turtlesim_catch_them_all/environment/path.dsv
[7.210s] -- Up-to-date symlink: /home/barakooda/ros2_ws/install/turtlesim_catch_them_all/share/turtlesim_catch_them_all/local_setup.bash
[7.211s] -- Up-to-date symlink: /home/barakooda/ros2_ws/install/turtlesim_catch_them_all/share/turtlesim_catch_them_all/local_setup.sh
[7.211s] -- Up-to-date symlink: /home/barakooda/ros2_ws/install/turtlesim_catch_them_all/share/turtlesim_catch_them_all/local_setup.zsh
[7.211s] -- Up-to-date symlink: /home/barakooda/ros2_ws/install/turtlesim_catch_them_all/share/turtlesim_catch_them_all/local_setup.dsv
[7.211s] -- Symlinking: /home/barakooda/ros2_ws/install/turtlesim_catch_them_all/share/turtlesim_catch_them_all/package.dsv
[7.226s] -- Up-to-date symlink: /home/barakooda/ros2_ws/install/turtlesim_catch_them_all/share/ament_index/resource_index/packages/turtlesim_catch_them_all
[7.227s] -- Up-to-date symlink: /home/barakooda/ros2_ws/install/turtlesim_catch_them_all/share/turtlesim_catch_them_all/cmake/turtlesim_catch_them_allConfig.cmake
[7.230s] -- Up-to-date symlink: /home/barakooda/ros2_ws/install/turtlesim_catch_them_all/share/turtlesim_catch_them_all/cmake/turtlesim_catch_them_allConfig-version.cmake
[7.230s] -- Up-to-date symlink: /home/barakooda/ros2_ws/install/turtlesim_catch_them_all/share/turtlesim_catch_them_all/package.xml
[7.231s] Invoked command in '/home/barakooda/ros2_ws/build/turtlesim_catch_them_all' returned '0': CMAKE_PREFIX_PATH=/home/barakooda/ros2_ws/install/my_robot_interfaces:/home/barakooda/ros2_ws/install/turtlesim_catch_them_all:/home/barakooda/ros2_ws/install/my_py_pkg:/opt/ros/humble /usr/bin/cmake --install /home/barakooda/ros2_ws/build/turtlesim_catch_them_all
